[14/05/2025, 16:12:54] info: Logging was started to file.
[14/05/2025, 16:12:54] info: Start application inspector initialization
[14/05/2025, 16:12:54] info: Hide developer mode UI
[14/05/2025, 16:12:54] info: Infrastructure Configurations: {"port":8000,"infrastructureAssemblyFolderPath":"C:\\Users\\papel\\AppData\\Local\\Application Inspector Analyzer","applicationResourcesFolderPath":"C:\\Users\\papel\\AppData\\Local\\Application Inspector Analyzer","scanTargetFolderPath":"c:\\Users\\papel\\Desktop\\portifolio_papelaria","isDebugging":false,"logLevel":{"i2_1":"Error","j2_1":5,"type":5,"key":"Settings.LogLevel.Error.Text"},"logDir":"c:\\Users\\papel\\Desktop\\portifolio_papelaria\\.ai\\Logs\\Infrastructure\\2025-05-14-16-12-54","tipsFoundNotificationThreshold":15,"similarIssuesFoundNotificationThreshold":15,"applicationLocalDataFolderPath":"c:\\Users\\papel\\Desktop\\portifolio_papelaria\\.ai"}
[14/05/2025, 16:12:54] info: Start infrastructure initialization
[14/05/2025, 16:12:57] info: Infrastructure was started
[14/05/2025, 16:13:00] info: Initialize aie integration isn't initialized
[14/05/2025, 16:13:00] info: Infrastructure was initialized
[14/05/2025, 16:13:00] info: Infrastructure Installer was deleted
[14/05/2025, 16:13:01] warn: Localization 2070 was not found for apache mod_negotiation resource location disclosure
[14/05/2025, 16:13:01] warn: Localization 2070 was not found for arbitrary directory copying
[14/05/2025, 16:13:01] warn: Localization 2070 was not found for arbitrary directory creation
[14/05/2025, 16:13:01] warn: Localization 2070 was not found for arbitrary directory deletion
[14/05/2025, 16:13:01] warn: Localization 2070 was not found for arbitrary directory listing
[14/05/2025, 16:13:01] warn: Localization 2070 was not found for arbitrary directory moving
[14/05/2025, 16:13:01] warn: Localization 2070 was not found for arbitrary file copying
[14/05/2025, 16:13:01] warn: Localization 2070 was not found for arbitrary file creation
[14/05/2025, 16:13:01] warn: Localization 2070 was not found for arbitrary file deletion
[14/05/2025, 16:13:01] warn: Localization 2070 was not found for arbitrary file modification
[14/05/2025, 16:13:01] warn: Localization 2070 was not found for arbitrary file moving
[14/05/2025, 16:13:01] warn: Localization 2070 was not found for arbitrary file reading
[14/05/2025, 16:13:01] warn: Localization 2070 was not found for cookie injection
[14/05/2025, 16:13:01] warn: Localization 2070 was not found for credentials brute-force
[14/05/2025, 16:13:01] warn: Localization 2070 was not found for cross-site request forgery
[14/05/2025, 16:13:01] warn: Localization 2070 was not found for cross-site scripting
[14/05/2025, 16:13:01] warn: Localization 2070 was not found for cursor injection
[14/05/2025, 16:13:01] warn: Localization 2070 was not found for cursor sqli
[14/05/2025, 16:13:01] warn: Localization 2070 was not found for default
[14/05/2025, 16:13:01] warn: Localization 2070 was not found for denial of service
[14/05/2025, 16:13:01] warn: Localization 2070 was not found for deserialization of untrusted data
[14/05/2025, 16:13:01] warn: Localization 2070 was not found for df
[14/05/2025, 16:13:01] warn: Localization 2070 was not found for djangoorminjection
[14/05/2025, 16:13:01] warn: Localization 2070 was not found for dll injection
[14/05/2025, 16:13:01] warn: Localization 2070 was not found for double free
[14/05/2025, 16:13:01] warn: Localization 2070 was not found for dynamic code injection
[14/05/2025, 16:13:01] warn: Localization 2070 was not found for dynamic query injection
[14/05/2025, 16:13:01] warn: Localization 2070 was not found for external control of configuration
[14/05/2025, 16:13:01] warn: Localization 2070 was not found for fingerprinting
[14/05/2025, 16:13:01] warn: Localization 2070 was not found for format string
[14/05/2025, 16:13:01] warn: Localization 2070 was not found for hardcoded password
[14/05/2025, 16:13:01] warn: Localization 2070 was not found for heap overflow
[14/05/2025, 16:13:01] warn: Localization 2070 was not found for http header injection
[14/05/2025, 16:13:01] warn: Localization 2070 was not found for http request splitting
[14/05/2025, 16:13:01] warn: Localization 2070 was not found for http response splitting
[14/05/2025, 16:13:01] warn: Localization 2070 was not found for improper access control taint
[14/05/2025, 16:13:01] warn: Localization 2070 was not found for improper resource shutdown or release
[14/05/2025, 16:13:01] warn: Localization 2070 was not found for information exposure
[14/05/2025, 16:13:01] warn: Localization 2070 was not found for injection
[14/05/2025, 16:13:01] warn: Localization 2070 was not found for insecure direct object references
[14/05/2025, 16:13:01] warn: Localization 2070 was not found for insufficient session expiration
[14/05/2025, 16:13:01] warn: Localization 2070 was not found for integer overflow
[14/05/2025, 16:13:01] warn: Localization 2070 was not found for ldap injection
[14/05/2025, 16:13:01] warn: Localization 2070 was not found for like injection
[14/05/2025, 16:13:01] warn: Localization 2070 was not found for linq injection
[14/05/2025, 16:13:01] warn: Localization 2070 was not found for local file inclusion
[14/05/2025, 16:13:01] warn: Localization 2070 was not found for log forging
[14/05/2025, 16:13:01] warn: Localization 2070 was not found for nosql injection
[14/05/2025, 16:13:01] warn: Localization 2070 was not found for null dereference
[14/05/2025, 16:13:01] warn: Localization 2070 was not found for object injection
[14/05/2025, 16:13:01] warn: Localization 2070 was not found for open redirect
[14/05/2025, 16:13:01] warn: Localization 2070 was not found for orm injection
[14/05/2025, 16:13:01] warn: Localization 2070 was not found for os commanding
[14/05/2025, 16:13:01] warn: Localization 2070 was not found for padding oracle attack
[14/05/2025, 16:13:01] warn: Localization 2070 was not found for path traversal
[14/05/2025, 16:13:01] warn: Localization 2070 was not found for persistent cookie exposing
[14/05/2025, 16:13:01] warn: Localization 2070 was not found for potential path traversal
[14/05/2025, 16:13:01] warn: Localization 2070 was not found for process control
[14/05/2025, 16:13:01] warn: Localization 2070 was not found for redos
[14/05/2025, 16:13:01] warn: Localization 2070 was not found for remote code execution
[14/05/2025, 16:13:01] warn: Localization 2070 was not found for remote file inclusion
[14/05/2025, 16:13:01] warn: Localization 2070 was not found for resource exhaustion
[14/05/2025, 16:13:01] warn: Localization 2070 was not found for resource location brute-force
[14/05/2025, 16:13:01] warn: Localization 2070 was not found for server-side request forgery
[14/05/2025, 16:13:01] warn: Localization 2070 was not found for server-side template injection
[14/05/2025, 16:13:01] warn: Localization 2070 was not found for serverfingerprinting
[14/05/2025, 16:13:01] warn: Localization 2070 was not found for session management weakness
[14/05/2025, 16:13:01] warn: Localization 2070 was not found for shellshock
[14/05/2025, 16:13:01] warn: Localization 2070 was not found for smtp header injection
[14/05/2025, 16:13:01] warn: Localization 2070 was not found for sql injection
[14/05/2025, 16:13:01] warn: Localization 2070 was not found for sqli
[14/05/2025, 16:13:01] warn: Localization 2070 was not found for stack overflow
[14/05/2025, 16:13:01] warn: Localization 2070 was not found for uaf
[14/05/2025, 16:13:01] warn: Localization 2070 was not found for uncontrolled data manipulation
[14/05/2025, 16:13:01] warn: Localization 2070 was not found for uncontrolled env var modification
[14/05/2025, 16:13:01] warn: Localization 2070 was not found for unrestricted file upload
[14/05/2025, 16:13:01] warn: Localization 2070 was not found for use after free
[14/05/2025, 16:13:01] warn: Localization 2070 was not found for webview xss taint
[14/05/2025, 16:13:01] warn: Localization 2070 was not found for xml entity expansion
[14/05/2025, 16:13:01] warn: Localization 2070 was not found for xml external entity
[14/05/2025, 16:13:01] warn: Localization 2070 was not found for xpath injection
[14/05/2025, 16:13:01] warn: Localization 2070 was not found for xquery injection
[14/05/2025, 16:13:01] warn: Localization 2070 was not found for 100
[14/05/2025, 16:13:01] warn: Localization 2070 was not found for 101
[14/05/2025, 16:13:01] warn: Localization 2070 was not found for 102
[14/05/2025, 16:13:01] warn: Localization 2070 was not found for 103
[14/05/2025, 16:13:01] warn: Localization 2070 was not found for 104
[14/05/2025, 16:13:01] warn: Localization 2070 was not found for 105
[14/05/2025, 16:13:01] warn: Localization 2070 was not found for 107
[14/05/2025, 16:13:01] warn: Localization 2070 was not found for 108
[14/05/2025, 16:13:01] warn: Localization 2070 was not found for 109
[14/05/2025, 16:13:01] warn: Localization 2070 was not found for 111
[14/05/2025, 16:13:01] warn: Localization 2070 was not found for 113
[14/05/2025, 16:13:01] warn: Localization 2070 was not found for 114
[14/05/2025, 16:13:01] warn: Localization 2070 was not found for 116
[14/05/2025, 16:13:01] warn: Localization 2070 was not found for 117
[14/05/2025, 16:13:01] warn: Localization 2070 was not found for 118
[14/05/2025, 16:13:01] warn: Localization 2070 was not found for 120
[14/05/2025, 16:13:01] warn: Localization 2070 was not found for 122
[14/05/2025, 16:13:01] warn: Localization 2070 was not found for 123
[14/05/2025, 16:13:01] warn: Localization 2070 was not found for 124
[14/05/2025, 16:13:01] warn: Localization 2070 was not found for 125
[14/05/2025, 16:13:01] warn: Localization 2070 was not found for 127
[14/05/2025, 16:13:01] warn: Localization 2070 was not found for 128
[14/05/2025, 16:13:01] warn: Localization 2070 was not found for 129
[14/05/2025, 16:13:01] warn: Localization 2070 was not found for 130
[14/05/2025, 16:13:01] warn: Localization 2070 was not found for 135
[14/05/2025, 16:13:01] warn: Localization 2070 was not found for 138
[14/05/2025, 16:13:01] warn: Localization 2070 was not found for 139
[14/05/2025, 16:13:01] warn: Localization 2070 was not found for 140
[14/05/2025, 16:13:01] warn: Localization 2070 was not found for 141
[14/05/2025, 16:13:01] warn: Localization 2070 was not found for 142
[14/05/2025, 16:13:01] warn: Localization 2070 was not found for 144
[14/05/2025, 16:13:01] warn: Localization 2070 was not found for 145
[14/05/2025, 16:13:01] warn: Localization 2070 was not found for 146
[14/05/2025, 16:13:01] warn: Localization 2070 was not found for 147
[14/05/2025, 16:13:01] warn: Localization 2070 was not found for 148
[14/05/2025, 16:13:01] warn: Localization 2070 was not found for 149
[14/05/2025, 16:13:01] warn: Localization 2070 was not found for 150
[14/05/2025, 16:13:01] warn: Localization 2070 was not found for 151
[14/05/2025, 16:13:01] warn: Localization 2070 was not found for 152
[14/05/2025, 16:13:01] warn: Localization 2070 was not found for 153
[14/05/2025, 16:13:01] warn: Localization 2070 was not found for 154
[14/05/2025, 16:13:01] warn: Localization 2070 was not found for 156
[14/05/2025, 16:13:01] warn: Localization 2070 was not found for 157
[14/05/2025, 16:13:01] warn: Localization 2070 was not found for 158
[14/05/2025, 16:13:01] warn: Localization 2070 was not found for 159
[14/05/2025, 16:13:01] warn: Localization 2070 was not found for 160
[14/05/2025, 16:13:01] warn: Localization 2070 was not found for 161
[14/05/2025, 16:13:01] warn: Localization 2070 was not found for 162
[14/05/2025, 16:13:01] warn: Localization 2070 was not found for 163
[14/05/2025, 16:13:01] warn: Localization 2070 was not found for 164
[14/05/2025, 16:13:01] warn: Localization 2070 was not found for 165
[14/05/2025, 16:13:01] warn: Localization 2070 was not found for 200
[14/05/2025, 16:13:01] warn: Localization 2070 was not found for 24544
[14/05/2025, 16:13:01] warn: Localization 2070 was not found for 24545
[14/05/2025, 16:13:01] warn: Localization 2070 was not found for 24546
[14/05/2025, 16:13:01] warn: Localization 2070 was not found for 24547
[14/05/2025, 16:13:01] warn: Localization 2070 was not found for 24548
[14/05/2025, 16:13:01] warn: Localization 2070 was not found for 24549
[14/05/2025, 16:13:01] warn: Localization 2070 was not found for 24550
[14/05/2025, 16:13:01] warn: Localization 2070 was not found for 24551
[14/05/2025, 16:13:01] warn: Localization 2070 was not found for 24552
[14/05/2025, 16:13:01] warn: Localization 2070 was not found for 24553
[14/05/2025, 16:13:01] warn: Localization 2070 was not found for 24554
[14/05/2025, 16:13:01] warn: Localization 2070 was not found for 24555
[14/05/2025, 16:13:01] warn: Localization 2070 was not found for 24556
[14/05/2025, 16:13:01] warn: Localization 2070 was not found for 24557
[14/05/2025, 16:13:01] warn: Localization 2070 was not found for 24558
[14/05/2025, 16:13:01] warn: Localization 2070 was not found for 24559
[14/05/2025, 16:13:01] warn: Localization 2070 was not found for 24560
[14/05/2025, 16:13:01] warn: Localization 2070 was not found for 24561
[14/05/2025, 16:13:01] warn: Localization 2070 was not found for 24562
[14/05/2025, 16:13:01] warn: Localization 2070 was not found for 24563
[14/05/2025, 16:13:01] warn: Localization 2070 was not found for 24564
[14/05/2025, 16:13:01] warn: Localization 2070 was not found for 24565
[14/05/2025, 16:13:01] warn: Localization 2070 was not found for 24566
[14/05/2025, 16:13:01] warn: Localization 2070 was not found for 24567
[14/05/2025, 16:13:01] warn: Localization 2070 was not found for 24568
[14/05/2025, 16:13:01] warn: Localization 2070 was not found for 305
[14/05/2025, 16:13:01] warn: Localization 2070 was not found for 96
[14/05/2025, 16:13:01] warn: Localization 2070 was not found for 97
[14/05/2025, 16:13:01] warn: Localization 2070 was not found for 98
[14/05/2025, 16:13:01] warn: Localization 2070 was not found for 99
[14/05/2025, 16:13:01] warn: Localization 2070 was not found for attributes code inside addeventlistener
[14/05/2025, 16:13:01] warn: Localization 2070 was not found for attributes code inside attachevent
[14/05/2025, 16:13:01] warn: Localization 2070 was not found for attributes code inside createattribute
[14/05/2025, 16:13:01] warn: Localization 2070 was not found for attributes code inside element event
[14/05/2025, 16:13:01] warn: Localization 2070 was not found for attributes code inside setattribute
[14/05/2025, 16:13:01] warn: Localization 2070 was not found for attributes code inside setattributens
[14/05/2025, 16:13:01] warn: Localization 2070 was not found for buffer overflow
[14/05/2025, 16:13:01] warn: Localization 2070 was not found for buffer overflow in python
[14/05/2025, 16:13:01] warn: Localization 2070 was not found for buffer overflow pm
[14/05/2025, 16:13:01] warn: Localization 2070 was not found for class defines clone but not implement cloneable
[14/05/2025, 16:13:01] warn: Localization 2070 was not found for csrf protection disabled
[14/05/2025, 16:13:01] warn: Localization 2070 was not found for cursor snarfing plsql
[14/05/2025, 16:13:01] warn: Localization 2070 was not found for cursor snarfing tsql
[14/05/2025, 16:13:01] warn: Localization 2070 was not found for dangerous function plsql
[14/05/2025, 16:13:01] warn: Localization 2070 was not found for dangerous function tsql
[14/05/2025, 16:13:01] warn: Localization 2070 was not found for debug information leakage
[14/05/2025, 16:13:01] warn: Localization 2070 was not found for debug mode python
[14/05/2025, 16:13:01] warn: Localization 2070 was not found for deprecated functions objc
[14/05/2025, 16:13:01] warn: Localization 2070 was not found for deserialization of untrusted data pm
[14/05/2025, 16:13:01] warn: Localization 2070 was not found for deserialization of untrusted data pm python
[14/05/2025, 16:13:01] warn: Localization 2070 was not found for detection of error condition without action
[14/05/2025, 16:13:01] warn: Localization 2070 was not found for direct use of threads
[14/05/2025, 16:13:01] warn: Localization 2070 was not found for directorytraversalcreatereadstream
[14/05/2025, 16:13:01] warn: Localization 2070 was not found for directorytraversalreadfile
[14/05/2025, 16:13:01] warn: Localization 2070 was not found for disabling ssl certificate checks
[14/05/2025, 16:13:01] warn: Localization 2070 was not found for disabling ssl certificate checks c
[14/05/2025, 16:13:01] warn: Localization 2070 was not found for disabling ssl-tls certificate checks go
[14/05/2025, 16:13:01] warn: Localization 2070 was not found for divide by zero
[14/05/2025, 16:13:01] warn: Localization 2070 was not found for dom modification contextual fragment
[14/05/2025, 16:13:01] warn: Localization 2070 was not found for dom modification html tag
[14/05/2025, 16:13:01] warn: Localization 2070 was not found for dom modification selected position
[14/05/2025, 16:13:01] warn: Localization 2070 was not found for dom modification string inside document
[14/05/2025, 16:13:01] warn: Localization 2070 was not found for download of code without integrity check
[14/05/2025, 16:13:01] warn: Localization 2070 was not found for embedded malicious code
[14/05/2025, 16:13:01] warn: Localization 2070 was not found for empty default exception handler
[14/05/2025, 16:13:01] warn: Localization 2070 was not found for erroneous null comparison
[14/05/2025, 16:13:01] warn: Localization 2070 was not found for exposure of data element to wrong session
[14/05/2025, 16:13:01] warn: Localization 2070 was not found for exposure of system data to an unauthorized control sphere
[14/05/2025, 16:13:01] warn: Localization 2070 was not found for external control of file name or path
[14/05/2025, 16:13:01] warn: Localization 2070 was not found for file snarfing plsql
[14/05/2025, 16:13:01] warn: Localization 2070 was not found for format string pm
[14/05/2025, 16:13:01] warn: Localization 2070 was not found for forwarding via location
[14/05/2025, 16:13:01] warn: Localization 2070 was not found for forwarding via location function
[14/05/2025, 16:13:01] warn: Localization 2070 was not found for forwarding via opening new tab
[14/05/2025, 16:13:01] warn: Localization 2070 was not found for ftpusage
[14/05/2025, 16:13:01] warn: Localization 2070 was not found for go weak cryptographic hash
[14/05/2025, 16:13:01] warn: Localization 2070 was not found for hardcoded initialization vector
[14/05/2025, 16:13:01] warn: Localization 2070 was not found for hardcoded key
[14/05/2025, 16:13:01] warn: Localization 2070 was not found for hardcoded password kotlin
[14/05/2025, 16:13:01] warn: Localization 2070 was not found for hardcoded password pm
[14/05/2025, 16:13:01] warn: Localization 2070 was not found for hardcoded pbkdf password
[14/05/2025, 16:13:01] warn: Localization 2070 was not found for headerinjection
[14/05/2025, 16:13:01] warn: Localization 2070 was not found for improper access control
[14/05/2025, 16:13:01] warn: Localization 2070 was not found for improper access control c
[14/05/2025, 16:13:01] warn: Localization 2070 was not found for improper certificate validation
[14/05/2025, 16:13:01] warn: Localization 2070 was not found for improper check for unusual or exceptional conditions
[14/05/2025, 16:13:01] warn: Localization 2070 was not found for improperly implemented security check for standard
[14/05/2025, 16:13:01] warn: Localization 2070 was not found for include interface ssl
[14/05/2025, 16:13:01] warn: Localization 2070 was not found for incorrect permission assignment for critical resource
[14/05/2025, 16:13:01] warn: Localization 2070 was not found for incorrect permission assignment for critical resource 1
[14/05/2025, 16:13:01] warn: Localization 2070 was not found for incorrect permission assignment for critical resource go
[14/05/2025, 16:13:01] warn: Localization 2070 was not found for incorrect permission assignment for critical resource java
[14/05/2025, 16:13:01] warn: Localization 2070 was not found for incorrect unix api using
[14/05/2025, 16:13:01] warn: Localization 2070 was not found for incorrect usage of seeds in pseudo-random number generator
[14/05/2025, 16:13:01] warn: Localization 2070 was not found for incorrectpermissionassignmentphp
[14/05/2025, 16:13:01] warn: Localization 2070 was not found for information exposure pm
[14/05/2025, 16:13:01] warn: Localization 2070 was not found for information exposure through an error message
[14/05/2025, 16:13:01] warn: Localization 2070 was not found for information exposure through comments
[14/05/2025, 16:13:01] warn: Localization 2070 was not found for information exposure through persistent cookies
[14/05/2025, 16:13:01] warn: Localization 2070 was not found for information exposure through persistent cookies 1
[14/05/2025, 16:13:01] warn: Localization 2070 was not found for information exposure through static content
[14/05/2025, 16:13:01] warn: Localization 2070 was not found for informationexposureviaexception
[14/05/2025, 16:13:01] warn: Localization 2070 was not found for insecure cipher key export
[14/05/2025, 16:13:01] warn: Localization 2070 was not found for insecure connection protocol
[14/05/2025, 16:13:01] warn: Localization 2070 was not found for insecure cookie 1
[14/05/2025, 16:13:01] warn: Localization 2070 was not found for insecure cookie 2
[14/05/2025, 16:13:01] warn: Localization 2070 was not found for insecure cookie scope
[14/05/2025, 16:13:01] warn: Localization 2070 was not found for insecure data storage
[14/05/2025, 16:13:01] warn: Localization 2070 was not found for insecure data storage objc simple
[14/05/2025, 16:13:01] warn: Localization 2070 was not found for insecure network binding
[14/05/2025, 16:13:01] warn: Localization 2070 was not found for insecure randomness ojbc
[14/05/2025, 16:13:01] warn: Localization 2070 was not found for insecure randomness plsql
[14/05/2025, 16:13:01] warn: Localization 2070 was not found for insecure randomness tsql
[14/05/2025, 16:13:01] warn: Localization 2070 was not found for insecure rsa padding
[14/05/2025, 16:13:01] warn: Localization 2070 was not found for insecure rsa padding 1
[14/05/2025, 16:13:01] warn: Localization 2070 was not found for insecure ssl connection
[14/05/2025, 16:13:01] warn: Localization 2070 was not found for insecure ssl connection 1
[14/05/2025, 16:13:01] warn: Localization 2070 was not found for insecure ssl protocol
[14/05/2025, 16:13:01] warn: Localization 2070 was not found for insecure transport java
[14/05/2025, 16:13:01] warn: Localization 2070 was not found for insecure usage of jinja templates
[14/05/2025, 16:13:01] warn: Localization 2070 was not found for insecure usage of mako templates
[14/05/2025, 16:13:01] warn: Localization 2070 was not found for insecure validation functions
[14/05/2025, 16:13:01] warn: Localization 2070 was not found for insecure validation functions 1
[14/05/2025, 16:13:01] warn: Localization 2070 was not found for insecure work with temporary files
[14/05/2025, 16:13:01] warn: Localization 2070 was not found for insecureevalpython
[14/05/2025, 16:13:01] warn: Localization 2070 was not found for insufficient cors policy
[14/05/2025, 16:13:01] warn: Localization 2070 was not found for insufficient encryption key length
[14/05/2025, 16:13:01] warn: Localization 2070 was not found for insufficient encryption key length 1
[14/05/2025, 16:13:01] warn: Localization 2070 was not found for insufficient key size go
[14/05/2025, 16:13:01] warn: Localization 2070 was not found for insufficient logging&monitoring
[14/05/2025, 16:13:01] warn: Localization 2070 was not found for insufficient session expiration pm
[14/05/2025, 16:13:01] warn: Localization 2070 was not found for insufficientencryptionkeylength
[14/05/2025, 16:13:01] warn: Localization 2070 was not found for integer overflow pm
[14/05/2025, 16:13:01] warn: Localization 2070 was not found for jquery function that adds element
[14/05/2025, 16:13:01] warn: Localization 2070 was not found for jquery function that replaces element
[14/05/2025, 16:13:01] warn: Localization 2070 was not found for jquery html inside dom
[14/05/2025, 16:13:01] warn: Localization 2070 was not found for jquery unsafe functions for dom
[14/05/2025, 16:13:01] warn: Localization 2070 was not found for jquery wrap element to html
[14/05/2025, 16:13:01] warn: Localization 2070 was not found for json-test
[14/05/2025, 16:13:01] warn: Localization 2070 was not found for lack of the host key verification go
[14/05/2025, 16:13:01] warn: Localization 2070 was not found for least privilege violation
[14/05/2025, 16:13:01] warn: Localization 2070 was not found for leftover debug code
[14/05/2025, 16:13:01] warn: Localization 2070 was not found for marksafepython
[14/05/2025, 16:13:01] warn: Localization 2070 was not found for memory leak
[14/05/2025, 16:13:01] warn: Localization 2070 was not found for method without super clone
[14/05/2025, 16:13:01] warn: Localization 2070 was not found for method without super finalize
[14/05/2025, 16:13:01] warn: Localization 2070 was not found for missing auth localized reason
[14/05/2025, 16:13:01] warn: Localization 2070 was not found for missing encryption of sensitive data
[14/05/2025, 16:13:01] warn: Localization 2070 was not found for none
[14/05/2025, 16:13:01] warn: Localization 2070 was not found for notlsreject
[14/05/2025, 16:13:01] warn: Localization 2070 was not found for nslog using
[14/05/2025, 16:13:01] warn: Localization 2070 was not found for null dereference pattern
[14/05/2025, 16:13:01] warn: Localization 2070 was not found for null pbkdf password
[14/05/2025, 16:13:01] warn: Localization 2070 was not found for obsolete function
[14/05/2025, 16:13:01] warn: Localization 2070 was not found for openredirect
[14/05/2025, 16:13:01] warn: Localization 2070 was not found for overly broad grant
[14/05/2025, 16:13:01] warn: Localization 2070 was not found for override equals method without hashcode
[14/05/2025, 16:13:01] warn: Localization 2070 was not found for pattern matching
[14/05/2025, 16:13:01] warn: Localization 2070 was not found for php pm sensitive cookie in https session without ‘secure’ attribute
[14/05/2025, 16:13:01] warn: Localization 2070 was not found for plaintext storage of a password
[14/05/2025, 16:13:01] warn: Localization 2070 was not found for plaintext storage of a password 1
[14/05/2025, 16:13:01] warn: Localization 2070 was not found for play 1 html xss
[14/05/2025, 16:13:01] warn: Localization 2070 was not found for play 2 html xss
[14/05/2025, 16:13:01] warn: Localization 2070 was not found for poor logging practice logger
[14/05/2025, 16:13:01] warn: Localization 2070 was not found for poor logging practice system
[14/05/2025, 16:13:01] warn: Localization 2070 was not found for possible rce through sql injection
[14/05/2025, 16:13:01] warn: Localization 2070 was not found for private array typed field returned from a public method
[14/05/2025, 16:13:01] warn: Localization 2070 was not found for public data assigned to private array typed field
[14/05/2025, 16:13:01] warn: Localization 2070 was not found for python weak cryptographic hash
[14/05/2025, 16:13:01] warn: Localization 2070 was not found for python2input
[14/05/2025, 16:13:01] warn: Localization 2070 was not found for pythonassertion
[14/05/2025, 16:13:01] warn: Localization 2070 was not found for reflectedcrosssitescripting
[14/05/2025, 16:13:01] warn: Localization 2070 was not found for reliance on dns lookups in a security decision
[14/05/2025, 16:13:01] warn: Localization 2070 was not found for return of stack variable address
[14/05/2025, 16:13:01] warn: Localization 2070 was not found for reversible one way hash
[14/05/2025, 16:13:01] warn: Localization 2070 was not found for sensitive cookie in https session without ‘secure’ attribute
[14/05/2025, 16:13:01] warn: Localization 2070 was not found for sensitive cookie in https session without httponly attribute
[14/05/2025, 16:13:01] warn: Localization 2070 was not found for sensitive cookie in https session without secure attribute
[14/05/2025, 16:13:01] warn: Localization 2070 was not found for serversideinjectioneval
[14/05/2025, 16:13:01] warn: Localization 2070 was not found for serversideinjectionfunction
[14/05/2025, 16:13:01] warn: Localization 2070 was not found for serversideinjectionsetinterval
[14/05/2025, 16:13:01] warn: Localization 2070 was not found for serversideinjectionsettimeout
[14/05/2025, 16:13:01] warn: Localization 2070 was not found for serversideinjectionyaml
[14/05/2025, 16:13:01] warn: Localization 2070 was not found for ssl configuration flaws
[14/05/2025, 16:13:01] warn: Localization 2070 was not found for static random number generator
[14/05/2025, 16:13:01] warn: Localization 2070 was not found for time of check time of use race condition
[14/05/2025, 16:13:01] warn: Localization 2070 was not found for trust boundary violation
[14/05/2025, 16:13:01] warn: Localization 2070 was not found for type confusion
[14/05/2025, 16:13:01] warn: Localization 2070 was not found for uncontrolled memory allocation
[14/05/2025, 16:13:01] warn: Localization 2070 was not found for uncontrolled recursion
[14/05/2025, 16:13:01] warn: Localization 2070 was not found for unreachable code
[14/05/2025, 16:13:01] warn: Localization 2070 was not found for unsafe cross-origin resource sharing
[14/05/2025, 16:13:01] warn: Localization 2070 was not found for unsafe reflection
[14/05/2025, 16:13:01] warn: Localization 2070 was not found for unsalted one way hash
[14/05/2025, 16:13:01] warn: Localization 2070 was not found for unsalted one way hash 1
[14/05/2025, 16:13:01] warn: Localization 2070 was not found for unsaltedonewayhash
[14/05/2025, 16:13:01] warn: Localization 2070 was not found for unused var
[14/05/2025, 16:13:01] warn: Localization 2070 was not found for urllibusagepython
[14/05/2025, 16:13:01] warn: Localization 2070 was not found for use broken crypto
[14/05/2025, 16:13:01] warn: Localization 2070 was not found for use of a broken or risky cryptographic algorithm
[14/05/2025, 16:13:01] warn: Localization 2070 was not found for use of a broken or risky cryptographic algorithm 1
[14/05/2025, 16:13:01] warn: Localization 2070 was not found for use of a broken or risky cryptographic algorithm 2
[14/05/2025, 16:13:01] warn: Localization 2070 was not found for use of a broken or risky cryptographic algorithm 3
[14/05/2025, 16:13:01] warn: Localization 2070 was not found for use of a broken or risky cryptographic algorithm 4
[14/05/2025, 16:13:01] warn: Localization 2070 was not found for use of a broken or risky cryptographic algorithm 5
[14/05/2025, 16:13:01] warn: Localization 2070 was not found for use of a broken or risky cryptographic algorithm 6
[14/05/2025, 16:13:01] warn: Localization 2070 was not found for use of a broken or risky cryptographic algorithm go
[14/05/2025, 16:13:01] warn: Localization 2070 was not found for use of function with inconsistent implementations
[14/05/2025, 16:13:01] warn: Localization 2070 was not found for use of hardcoded cryptographic key
[14/05/2025, 16:13:01] warn: Localization 2070 was not found for use of insufficiently random values
[14/05/2025, 16:13:01] warn: Localization 2070 was not found for use of insufficiently random values 1
[14/05/2025, 16:13:01] warn: Localization 2070 was not found for use of insufficiently random values 2
[14/05/2025, 16:13:01] warn: Localization 2070 was not found for use of nullpointerexception catch
[14/05/2025, 16:13:01] warn: Localization 2070 was not found for use of obsolete function 1
[14/05/2025, 16:13:01] warn: Localization 2070 was not found for use of system exit
[14/05/2025, 16:13:01] warn: Localization 2070 was not found for use of uninitialized variable
[14/05/2025, 16:13:01] warn: Localization 2070 was not found for user driven insecure hash algorithm
[14/05/2025, 16:13:01] warn: Localization 2070 was not found for user driven insecure hash algorithm 1
[14/05/2025, 16:13:01] warn: Localization 2070 was not found for vulnerable template module
[14/05/2025, 16:13:01] warn: Localization 2070 was not found for weak crypto api objc
[14/05/2025, 16:13:01] warn: Localization 2070 was not found for weak crypto hash api objc
[14/05/2025, 16:13:01] warn: Localization 2070 was not found for weak crypto iv objc
[14/05/2025, 16:13:01] warn: Localization 2070 was not found for weak crypto key objc
[14/05/2025, 16:13:01] warn: Localization 2070 was not found for weak cryptographic algorithm 1
[14/05/2025, 16:13:01] warn: Localization 2070 was not found for weak cryptographic hash
[14/05/2025, 16:13:01] warn: Localization 2070 was not found for weak cryptographic hash plsql
[14/05/2025, 16:13:01] warn: Localization 2070 was not found for weak cryptographic hash tsql
[14/05/2025, 16:13:01] warn: Localization 2070 was not found for weak hmac key objc
[14/05/2025, 16:13:01] warn: Localization 2070 was not found for weak password requirements
[14/05/2025, 16:13:01] warn: Localization 2070 was not found for weak pbkdf salt
[14/05/2025, 16:13:01] warn: Localization 2070 was not found for weak rsa objc
[14/05/2025, 16:13:01] warn: Localization 2070 was not found for weakhashcrypto
[14/05/2025, 16:13:01] warn: Localization 2070 was not found for weakhashcryptojs
[14/05/2025, 16:13:01] warn: Localization 2070 was not found for webforms validaterequest
[14/05/2025, 16:13:01] warn: Localization 2070 was not found for webview xss
[14/05/2025, 16:13:01] warn: Localization 2070 was not found for xml external entity pm
[14/05/2025, 16:13:01] warn: Localization 2070 was not found for xss protection disabled
[14/05/2025, 16:13:01] warn: Localization 2070 was not found for yaml load
[14/05/2025, 16:13:01] warn: Localization 2070 was not found for .htaccess addhandler
[14/05/2025, 16:13:01] warn: Localization 2070 was not found for .htaccess addtype
[14/05/2025, 16:13:01] warn: Localization 2070 was not found for .htaccess options
[14/05/2025, 16:13:01] warn: Localization 2070 was not found for .htaccess php_value
[14/05/2025, 16:13:01] warn: Localization 2070 was not found for .htaccess serversignature
[14/05/2025, 16:13:01] warn: Localization 2070 was not found for android_manifest.xml @android:allowbackup
[14/05/2025, 16:13:01] warn: Localization 2070 was not found for android_manifest.xml @android:debuggable
[14/05/2025, 16:13:01] warn: Localization 2070 was not found for android_manifest.xml @android:exported
[14/05/2025, 16:13:01] warn: Localization 2070 was not found for android_manifest.xml @android:exported[provider]
[14/05/2025, 16:13:01] warn: Localization 2070 was not found for android_manifest.xml @android:protectionlevel
[14/05/2025, 16:13:01] warn: Localization 2070 was not found for android_manifest.xml @android:scheme
[14/05/2025, 16:13:01] warn: Localization 2070 was not found for android_networksecurityconfig.xml @src
[14/05/2025, 16:13:01] warn: Localization 2070 was not found for apache.conf addhandler
[14/05/2025, 16:13:01] warn: Localization 2070 was not found for apache.conf addtype
[14/05/2025, 16:13:01] warn: Localization 2070 was not found for apache.conf loadmodule
[14/05/2025, 16:13:01] warn: Localization 2070 was not found for apache.conf options
[14/05/2025, 16:13:01] warn: Localization 2070 was not found for apache.conf php_value
[14/05/2025, 16:13:01] warn: Localization 2070 was not found for apache.conf serversignature
[14/05/2025, 16:13:01] warn: Localization 2070 was not found for apache.conf servertokens
[14/05/2025, 16:13:01] warn: Localization 2070 was not found for apache.conf traceenable
[14/05/2025, 16:13:01] warn: Localization 2070 was not found for applicationhost.config @accesspolicy
[14/05/2025, 16:13:01] warn: Localization 2070 was not found for applicationhost.config @notlistedisapisallowed
[14/05/2025, 16:13:01] warn: Localization 2070 was not found for applicationhost.config @username
[14/05/2025, 16:13:01] warn: Localization 2070 was not found for conf arbitrary file upload file_uploads
[14/05/2025, 16:13:01] warn: Localization 2070 was not found for conf cross site scripting vulnerability http-only
[14/05/2025, 16:13:01] warn: Localization 2070 was not found for conf cross site scripting vulnerability httponlycookies
[14/05/2025, 16:13:01] warn: Localization 2070 was not found for conf cross site scripting vulnerability register_globals
[14/05/2025, 16:13:01] warn: Localization 2070 was not found for conf cross site scripting vulnerability session.cookie_httponly
[14/05/2025, 16:13:01] warn: Localization 2070 was not found for conf cross site scripting vulnerability traceenable
[14/05/2025, 16:13:01] warn: Localization 2070 was not found for conf cross site scripting vulnerability validaterequest
[14/05/2025, 16:13:01] warn: Localization 2070 was not found for conf denial of service loadmodule security2_module
[14/05/2025, 16:13:01] warn: Localization 2070 was not found for conf denial of service max_execution_time
[14/05/2025, 16:13:01] warn: Localization 2070 was not found for conf denial of service max_input_nesting_level
[14/05/2025, 16:13:01] warn: Localization 2070 was not found for conf denial of service max_input_time
[14/05/2025, 16:13:01] warn: Localization 2070 was not found for conf denial of service memory_limit
[14/05/2025, 16:13:01] warn: Localization 2070 was not found for conf denial of service post_max_size
[14/05/2025, 16:13:01] warn: Localization 2070 was not found for conf denial of service upload_max_filesize
[14/05/2025, 16:13:01] warn: Localization 2070 was not found for conf directory indexing autoindex
[14/05/2025, 16:13:01] warn: Localization 2070 was not found for conf directory indexing loadmodule autoindex_module
[14/05/2025, 16:13:01] warn: Localization 2070 was not found for conf directory indexing options
[14/05/2025, 16:13:01] warn: Localization 2070 was not found for conf directory indexing ssi
[14/05/2025, 16:13:01] warn: Localization 2070 was not found for conf information leakage curl.cainfo
[14/05/2025, 16:13:01] warn: Localization 2070 was not found for conf information leakage debug
[14/05/2025, 16:13:01] warn: Localization 2070 was not found for conf information leakage display_errors
[14/05/2025, 16:13:01] warn: Localization 2070 was not found for conf information leakage display_startup_errors
[14/05/2025, 16:13:01] warn: Localization 2070 was not found for conf information leakage error-code
[14/05/2025, 16:13:01] warn: Localization 2070 was not found for conf information leakage errordocument
[14/05/2025, 16:13:01] warn: Localization 2070 was not found for conf information leakage expose_php
[14/05/2025, 16:13:01] warn: Localization 2070 was not found for conf information leakage loadmodule include_module
[14/05/2025, 16:13:01] warn: Localization 2070 was not found for conf information leakage loadmodule info_module
[14/05/2025, 16:13:01] warn: Localization 2070 was not found for conf information leakage loadmodule negotiation_module
[14/05/2025, 16:13:01] warn: Localization 2070 was not found for conf information leakage mode
[14/05/2025, 16:13:01] warn: Localization 2070 was not found for conf information leakage param-name
[14/05/2025, 16:13:01] warn: Localization 2070 was not found for conf information leakage param-name-xsrf
[14/05/2025, 16:13:01] warn: Localization 2070 was not found for conf information leakage request_order
[14/05/2025, 16:13:01] warn: Localization 2070 was not found for conf information leakage server_tokens
[14/05/2025, 16:13:01] warn: Localization 2070 was not found for conf information leakage serversignature
[14/05/2025, 16:13:01] warn: Localization 2070 was not found for conf information leakage servertokens
[14/05/2025, 16:13:01] warn: Localization 2070 was not found for conf information leakage statuscode
[14/05/2025, 16:13:01] warn: Localization 2070 was not found for conf information leakage value
[14/05/2025, 16:13:01] warn: Localization 2070 was not found for conf insufficient authentication enableviewstatemac
[14/05/2025, 16:13:01] warn: Localization 2070 was not found for conf insufficient session expiration session-timeout
[14/05/2025, 16:13:01] warn: Localization 2070 was not found for conf insufficient transport layer protection requiressl
[14/05/2025, 16:13:01] warn: Localization 2070 was not found for conf insufficient transport layer protection secure
[14/05/2025, 16:13:01] warn: Localization 2070 was not found for conf insufficient transport layer protection transport-guarantee
[14/05/2025, 16:13:01] warn: Localization 2070 was not found for conf obsolete option safe_mode
[14/05/2025, 16:13:01] warn: Localization 2070 was not found for conf obsolete option safe_mode_exec_dir
[14/05/2025, 16:13:01] warn: Localization 2070 was not found for conf obsolete option safe_mode_gid
[14/05/2025, 16:13:01] warn: Localization 2070 was not found for conf obsolete option safe_mode_include_dir
[14/05/2025, 16:13:01] warn: Localization 2070 was not found for conf path traversal vulnerability open_basedir
[14/05/2025, 16:13:01] warn: Localization 2070 was not found for conf remote code execution addhandler
[14/05/2025, 16:13:01] warn: Localization 2070 was not found for conf remote code execution addtype
[14/05/2025, 16:13:01] warn: Localization 2070 was not found for conf remote code execution assert.active
[14/05/2025, 16:13:01] warn: Localization 2070 was not found for conf remote code execution auto_append_file
[14/05/2025, 16:13:01] warn: Localization 2070 was not found for conf remote code execution auto_prepend_file
[14/05/2025, 16:13:01] warn: Localization 2070 was not found for conf remote code execution enable_dl
[14/05/2025, 16:13:01] warn: Localization 2070 was not found for conf remote code execution php_value
[14/05/2025, 16:13:01] warn: Localization 2070 was not found for conf remote command execution disable_functions
[14/05/2025, 16:13:01] warn: Localization 2070 was not found for conf remote command execution http-method
[14/05/2025, 16:13:01] warn: Localization 2070 was not found for conf remote command execution loadmodule cgi_module
[14/05/2025, 16:13:01] warn: Localization 2070 was not found for conf remote file inclusion allow_url_fopen
[14/05/2025, 16:13:01] warn: Localization 2070 was not found for conf remote file inclusion allow_url_include
[14/05/2025, 16:13:01] warn: Localization 2070 was not found for conf remote file inclusion cgi.fix_pathinfo
[14/05/2025, 16:13:01] warn: Localization 2070 was not found for conf response splitting enableheaderchecking
[14/05/2025, 16:13:01] warn: Localization 2070 was not found for conf response splitting useunsafeheaderparsing
[14/05/2025, 16:13:01] warn: Localization 2070 was not found for conf session hijacking log_errors
[14/05/2025, 16:13:01] warn: Localization 2070 was not found for conf session hijacking session.cookie_lifetime
[14/05/2025, 16:13:01] warn: Localization 2070 was not found for conf session hijacking session.cookie_secure
[14/05/2025, 16:13:01] warn: Localization 2070 was not found for conf session hijacking session.referer_check
[14/05/2025, 16:13:01] warn: Localization 2070 was not found for conf session hijacking session.save_path
[14/05/2025, 16:13:01] warn: Localization 2070 was not found for conf session hijacking session.use_cookies
[14/05/2025, 16:13:01] warn: Localization 2070 was not found for conf session hijacking session.use_only_cookies
[14/05/2025, 16:13:01] warn: Localization 2070 was not found for conf session hijacking session.use_strict_mode
[14/05/2025, 16:13:01] warn: Localization 2070 was not found for conf session hijacking ssl
[14/05/2025, 16:13:01] warn: Localization 2070 was not found for conf session hijacking ssl_certificate
[14/05/2025, 16:13:01] warn: Localization 2070 was not found for conf session hijacking ssl_certificate_key
[14/05/2025, 16:13:01] warn: Localization 2070 was not found for conf session hijacking ssl_ciphers
[14/05/2025, 16:13:01] warn: Localization 2070 was not found for conf session hijacking ssl_dhparam
[14/05/2025, 16:13:01] warn: Localization 2070 was not found for conf session hijacking ssl_prefer_server_ciphers
[14/05/2025, 16:13:01] warn: Localization 2070 was not found for conf session hijacking ssl_protocols
[14/05/2025, 16:13:01] warn: Localization 2070 was not found for conf session hijacking ssl_session_cache
[14/05/2025, 16:13:01] warn: Localization 2070 was not found for conf session hijacking ssl_session_timeout
[14/05/2025, 16:13:01] warn: Localization 2070 was not found for conf session hijacking ssl_stapling
[14/05/2025, 16:13:01] warn: Localization 2070 was not found for conf session hijacking tracking-mode
[14/05/2025, 16:13:01] warn: Localization 2070 was not found for conf sql injection magic_quotes_gpc
[14/05/2025, 16:13:01] warn: Localization 2070 was not found for conf sql injection magic_quotes_runtime
[14/05/2025, 16:13:01] warn: Localization 2070 was not found for conf sql injection magic_quotes_sybase
[14/05/2025, 16:13:01] warn: Localization 2070 was not found for domain.xml @audit-enabled
[14/05/2025, 16:13:01] warn: Localization 2070 was not found for domain.xml @port
[14/05/2025, 16:13:01] warn: Localization 2070 was not found for domain.xml @value
[14/05/2025, 16:13:01] warn: Localization 2070 was not found for domain.xml @xpowered-by
[14/05/2025, 16:13:01] warn: Localization 2070 was not found for domain.xml jvm-options
[14/05/2025, 16:13:01] warn: Localization 2070 was not found for ios_info.plist cfbundleurltypes
[14/05/2025, 16:13:01] warn: Localization 2070 was not found for ios_info.plist nsexceptionallowsinsecurehttploads
[14/05/2025, 16:13:01] warn: Localization 2070 was not found for ios_info.plist nsexceptionminimumtlsversion
[14/05/2025, 16:13:01] warn: Localization 2070 was not found for ios_info.plist nstemporarythirdpartyexceptionallowsinsecurehttploads
[14/05/2025, 16:13:01] warn: Localization 2070 was not found for ios_info.plist nstemporarythirdpartyexceptionminimumtlsversion
[14/05/2025, 16:13:01] warn: Localization 2070 was not found for lighttpd.conf cgi.assign
[14/05/2025, 16:13:01] warn: Localization 2070 was not found for lighttpd.conf server.dir-listing
[14/05/2025, 16:13:01] warn: Localization 2070 was not found for lighttpd.conf setenv.add-response-header
[14/05/2025, 16:13:01] warn: Localization 2070 was not found for lighttpd.conf status.config-url
[14/05/2025, 16:13:01] warn: Localization 2070 was not found for lighttpd.conf status.status-url
[14/05/2025, 16:13:01] warn: Localization 2070 was not found for lighttpd.conf webdav.is-readonly
[14/05/2025, 16:13:01] warn: Localization 2070 was not found for machine.config @debug
[14/05/2025, 16:13:01] warn: Localization 2070 was not found for machine.config @decryption
[14/05/2025, 16:13:01] warn: Localization 2070 was not found for machine.config @decryptionkey
[14/05/2025, 16:13:01] warn: Localization 2070 was not found for machine.config @passwordformat
[14/05/2025, 16:13:01] warn: Localization 2070 was not found for machine.config @retail
[14/05/2025, 16:13:01] warn: Localization 2070 was not found for machine.config @username[@processmodel]
[14/05/2025, 16:13:01] warn: Localization 2070 was not found for machine.config @validation
[14/05/2025, 16:13:01] warn: Localization 2070 was not found for machine.config @validationkey
[14/05/2025, 16:13:01] warn: Localization 2070 was not found for nginx.conf add_header
[14/05/2025, 16:13:01] warn: Localization 2070 was not found for nginx.conf add_header[inheritance]
[14/05/2025, 16:13:01] warn: Localization 2070 was not found for nginx.conf alias[traversal]
[14/05/2025, 16:13:01] warn: Localization 2070 was not found for nginx.conf autoindex
[14/05/2025, 16:13:01] warn: Localization 2070 was not found for nginx.conf error_log
[14/05/2025, 16:13:01] warn: Localization 2070 was not found for nginx.conf error_page
[14/05/2025, 16:13:01] warn: Localization 2070 was not found for nginx.conf more_set_headers
[14/05/2025, 16:13:01] warn: Localization 2070 was not found for nginx.conf proxy_set_header
[14/05/2025, 16:13:01] warn: Localization 2070 was not found for nginx.conf server_tokens
[14/05/2025, 16:13:01] warn: Localization 2070 was not found for nginx.conf ssi
[14/05/2025, 16:13:01] warn: Localization 2070 was not found for nginx.conf ssl
[14/05/2025, 16:13:01] warn: Localization 2070 was not found for nginx.conf ssl_certificate
[14/05/2025, 16:13:01] warn: Localization 2070 was not found for nginx.conf ssl_certificate_key
[14/05/2025, 16:13:01] warn: Localization 2070 was not found for nginx.conf ssl_ciphers
[14/05/2025, 16:13:01] warn: Localization 2070 was not found for nginx.conf ssl_dhparam
[14/05/2025, 16:13:01] warn: Localization 2070 was not found for nginx.conf ssl_prefer_server_ciphers
[14/05/2025, 16:13:01] warn: Localization 2070 was not found for nginx.conf ssl_protocols
[14/05/2025, 16:13:01] warn: Localization 2070 was not found for nginx.conf ssl_session_cache
[14/05/2025, 16:13:01] warn: Localization 2070 was not found for nginx.conf ssl_session_timeout
[14/05/2025, 16:13:01] warn: Localization 2070 was not found for nginx.conf ssl_stapling
[14/05/2025, 16:13:01] warn: Localization 2070 was not found for nginx.conf valid_referers
[14/05/2025, 16:13:01] warn: Localization 2070 was not found for php.ini allow_url_fopen
[14/05/2025, 16:13:01] warn: Localization 2070 was not found for php.ini allow_url_include
[14/05/2025, 16:13:01] warn: Localization 2070 was not found for php.ini assert.active
[14/05/2025, 16:13:01] warn: Localization 2070 was not found for php.ini auto_append_file
[14/05/2025, 16:13:01] warn: Localization 2070 was not found for php.ini auto_prepend_file
[14/05/2025, 16:13:01] warn: Localization 2070 was not found for php.ini cgi.fix_pathinfo
[14/05/2025, 16:13:01] warn: Localization 2070 was not found for php.ini cgi.force_redirect
[14/05/2025, 16:13:01] warn: Localization 2070 was not found for php.ini disable_functions
[14/05/2025, 16:13:01] warn: Localization 2070 was not found for php.ini display_errors
[14/05/2025, 16:13:01] warn: Localization 2070 was not found for php.ini display_startup_errors
[14/05/2025, 16:13:01] warn: Localization 2070 was not found for php.ini enable_dl
[14/05/2025, 16:13:01] warn: Localization 2070 was not found for php.ini expose_php
[14/05/2025, 16:13:01] warn: Localization 2070 was not found for php.ini log_errors
[14/05/2025, 16:13:01] warn: Localization 2070 was not found for php.ini magic_quotes_gpc
[14/05/2025, 16:13:01] warn: Localization 2070 was not found for php.ini magic_quotes_runtime
[14/05/2025, 16:13:01] warn: Localization 2070 was not found for php.ini magic_quotes_sybase
[14/05/2025, 16:13:01] warn: Localization 2070 was not found for php.ini max_execution_time
[14/05/2025, 16:13:01] warn: Localization 2070 was not found for php.ini max_input_nesting_level
[14/05/2025, 16:13:01] warn: Localization 2070 was not found for php.ini max_input_time
[14/05/2025, 16:13:01] warn: Localization 2070 was not found for php.ini memory_limit
[14/05/2025, 16:13:01] warn: Localization 2070 was not found for php.ini open_basedir
[14/05/2025, 16:13:01] warn: Localization 2070 was not found for php.ini post_max_size
[14/05/2025, 16:13:01] warn: Localization 2070 was not found for php.ini register_globals
[14/05/2025, 16:13:01] warn: Localization 2070 was not found for php.ini request_order
[14/05/2025, 16:13:01] warn: Localization 2070 was not found for php.ini safe_mode
[14/05/2025, 16:13:01] warn: Localization 2070 was not found for php.ini session.cookie_httponly
[14/05/2025, 16:13:01] warn: Localization 2070 was not found for php.ini session.cookie_lifetime
[14/05/2025, 16:13:01] warn: Localization 2070 was not found for php.ini session.cookie_secure
[14/05/2025, 16:13:01] warn: Localization 2070 was not found for php.ini session.save_path
[14/05/2025, 16:13:01] warn: Localization 2070 was not found for php.ini session.use_cookies
[14/05/2025, 16:13:01] warn: Localization 2070 was not found for php.ini session.use_only_cookies
[14/05/2025, 16:13:01] warn: Localization 2070 was not found for php.ini session.use_strict_mode
[14/05/2025, 16:13:01] warn: Localization 2070 was not found for php.ini session.use_trans_sid
[14/05/2025, 16:13:01] warn: Localization 2070 was not found for php.ini upload_max_filesize
[14/05/2025, 16:13:01] warn: Localization 2070 was not found for potential vulnerability
[14/05/2025, 16:13:01] warn: Localization 2070 was not found for server.xml_tomcat @allowtrace
[14/05/2025, 16:13:01] warn: Localization 2070 was not found for server.xml_tomcat @autodeploy
[14/05/2025, 16:13:01] warn: Localization 2070 was not found for server.xml_tomcat @clientauth
[14/05/2025, 16:13:01] warn: Localization 2070 was not found for server.xml_tomcat @connectiontimeout
[14/05/2025, 16:13:01] warn: Localization 2070 was not found for server.xml_tomcat @deployonstartup
[14/05/2025, 16:13:01] warn: Localization 2070 was not found for server.xml_tomcat @maxhttpheadersize
[14/05/2025, 16:13:01] warn: Localization 2070 was not found for server.xml_tomcat @secure
[14/05/2025, 16:13:01] warn: Localization 2070 was not found for server.xml_tomcat @shutdown
[14/05/2025, 16:13:01] warn: Localization 2070 was not found for server.xml_tomcat @xpoweredby
[14/05/2025, 16:13:01] warn: Localization 2070 was not found for server.xml_websphere @allowlogoutpageredirecttoanyhost
[14/05/2025, 16:13:01] warn: Localization 2070 was not found for server.xml_websphere @displayauthenticationrealm
[14/05/2025, 16:13:01] warn: Localization 2070 was not found for server.xml_websphere @preservefullyqualifiedreferrerurl
[14/05/2025, 16:13:01] warn: Localization 2070 was not found for standalone.xml @default-user
[14/05/2025, 16:13:01] warn: Localization 2070 was not found for standalone.xml @display-source-fragment
[14/05/2025, 16:13:01] warn: Localization 2070 was not found for standalone.xml @scan-interval
[14/05/2025, 16:13:01] warn: Localization 2070 was not found for standalone.xml @value
[14/05/2025, 16:13:01] warn: Localization 2070 was not found for standalone.xml @x-powered-by
[14/05/2025, 16:13:01] warn: Localization 2070 was not found for web.config @allowoverride
[14/05/2025, 16:13:01] warn: Localization 2070 was not found for web.config @cacherolesincookie
[14/05/2025, 16:13:01] warn: Localization 2070 was not found for web.config @certificatevalidationmode
[14/05/2025, 16:13:01] warn: Localization 2070 was not found for web.config @connectionprotection
[14/05/2025, 16:13:01] warn: Localization 2070 was not found for web.config @cookieless
[14/05/2025, 16:13:01] warn: Localization 2070 was not found for web.config @cookieprotection
[14/05/2025, 16:13:01] warn: Localization 2070 was not found for web.config @cookierequiressl
[14/05/2025, 16:13:01] warn: Localization 2070 was not found for web.config @cookieslidingexpiration
[14/05/2025, 16:13:01] warn: Localization 2070 was not found for web.config @cookietimeout
[14/05/2025, 16:13:01] warn: Localization 2070 was not found for web.config @createpersistentcookie
[14/05/2025, 16:13:01] warn: Localization 2070 was not found for web.config @debug
[14/05/2025, 16:13:01] warn: Localization 2070 was not found for web.config @decryptionkey
[14/05/2025, 16:13:01] warn: Localization 2070 was not found for web.config @enablecrossappredirects
[14/05/2025, 16:13:01] warn: Localization 2070 was not found for web.config @enabled
[14/05/2025, 16:13:01] warn: Localization 2070 was not found for web.config @enabled[directorybrowse]
[14/05/2025, 16:13:01] warn: Localization 2070 was not found for web.config @enableeventvalidation
[14/05/2025, 16:13:01] warn: Localization 2070 was not found for web.config @enableheaderchecking
[14/05/2025, 16:13:01] warn: Localization 2070 was not found for web.config @enableversionheader
[14/05/2025, 16:13:01] warn: Localization 2070 was not found for web.config @enableviewstatemac
[14/05/2025, 16:13:01] warn: Localization 2070 was not found for web.config @httponlycookies
[14/05/2025, 16:13:01] warn: Localization 2070 was not found for web.config @level
[14/05/2025, 16:13:01] warn: Localization 2070 was not found for web.config @maxeventdetaillength
[14/05/2025, 16:13:01] warn: Localization 2070 was not found for web.config @maxeventlengthforsimplemessage
[14/05/2025, 16:13:01] warn: Localization 2070 was not found for web.config @maxrequestlength
[14/05/2025, 16:13:01] warn: Localization 2070 was not found for web.config @maxsizeforsimplemessage
[14/05/2025, 16:13:01] warn: Localization 2070 was not found for web.config @minrequirednonalphanumericcharacters
[14/05/2025, 16:13:01] warn: Localization 2070 was not found for web.config @minrequiredpasswordlength
[14/05/2025, 16:13:01] warn: Localization 2070 was not found for web.config @mode
[14/05/2025, 16:13:01] warn: Localization 2070 was not found for web.config @name[@credentials]
[14/05/2025, 16:13:01] warn: Localization 2070 was not found for web.config @passwordformat
[14/05/2025, 16:13:01] warn: Localization 2070 was not found for web.config @protection
[14/05/2025, 16:13:01] warn: Localization 2070 was not found for web.config @requestvalidationmode
[14/05/2025, 16:13:01] warn: Localization 2070 was not found for web.config @requiressl
[14/05/2025, 16:13:01] warn: Localization 2070 was not found for web.config @requiressl[@authentication]
[14/05/2025, 16:13:01] warn: Localization 2070 was not found for web.config @slidingexpiration
[14/05/2025, 16:13:01] warn: Localization 2070 was not found for web.config @statuscode
[14/05/2025, 16:13:01] warn: Localization 2070 was not found for web.config @timeout
[14/05/2025, 16:13:01] warn: Localization 2070 was not found for web.config @type
[14/05/2025, 16:13:01] warn: Localization 2070 was not found for web.config @username[@identity]
[14/05/2025, 16:13:01] warn: Localization 2070 was not found for web.config @users
[14/05/2025, 16:13:01] warn: Localization 2070 was not found for web.config @useunsafeheaderparsing
[14/05/2025, 16:13:01] warn: Localization 2070 was not found for web.config @validaterequest
[14/05/2025, 16:13:01] warn: Localization 2070 was not found for web.config @validation
[14/05/2025, 16:13:01] warn: Localization 2070 was not found for web.config @validationkey
[14/05/2025, 16:13:01] warn: Localization 2070 was not found for web.config @value
[14/05/2025, 16:13:01] warn: Localization 2070 was not found for web.config @value[@accesscontrolalloworiginheader]
[14/05/2025, 16:13:01] warn: Localization 2070 was not found for web.config @value[@aspnetcore_environment]
[14/05/2025, 16:13:01] warn: Localization 2070 was not found for web.config @value[uselegacyencryption]
[14/05/2025, 16:13:01] warn: Localization 2070 was not found for web.config @value[x-frame-options]
[14/05/2025, 16:13:01] warn: Localization 2070 was not found for web.config @viewstateencryptionmode
[14/05/2025, 16:13:01] warn: Localization 2070 was not found for web.config ciphervalue[@sessionstate]
[14/05/2025, 16:13:01] warn: Localization 2070 was not found for web.config remove/@name[documentation]
[14/05/2025, 16:13:01] warn: Localization 2070 was not found for web.config remove/@name[x-powered-by]
[14/05/2025, 16:13:01] warn: Localization 2070 was not found for web.xml error-code
[14/05/2025, 16:13:01] warn: Localization 2070 was not found for web.xml http-method
[14/05/2025, 16:13:01] warn: Localization 2070 was not found for web.xml http-only
[14/05/2025, 16:13:01] warn: Localization 2070 was not found for web.xml param-value
[14/05/2025, 16:13:01] warn: Localization 2070 was not found for web.xml secure
[14/05/2025, 16:13:01] warn: Localization 2070 was not found for web.xml session-timeout
[14/05/2025, 16:13:01] warn: Localization 2070 was not found for web.xml tracking-mode
[14/05/2025, 16:13:01] warn: Localization 2070 was not found for web.xml transport-guarantee
[14/05/2025, 16:13:01] info: Clean up logs files was started
[14/05/2025, 16:13:01] info: Clean up logs files was finished
