[10/06/2025, 09:24:10] info: Logging was started to file.
[10/06/2025, 09:24:10] info: Start application inspector initialization
[10/06/2025, 09:24:10] info: Hide developer mode UI
[10/06/2025, 09:24:10] info: Infrastructure Configurations: {"port":8000,"infrastructureAssemblyFolderPath":"C:\\Users\\papel\\AppData\\Local\\Application Inspector Analyzer","applicationResourcesFolderPath":"C:\\Users\\papel\\AppData\\Local\\Application Inspector Analyzer","scanTargetFolderPath":"c:\\Users\\papel\\Desktop\\portifolio_papelaria","isDebugging":false,"logLevel":{"i2_1":"Error","j2_1":5,"type":5,"key":"Settings.LogLevel.Error.Text"},"logDir":"c:\\Users\\papel\\Desktop\\portifolio_papelaria\\.ai\\Logs\\Infrastructure\\2025-06-10-09-24-10","tipsFoundNotificationThreshold":15,"similarIssuesFoundNotificationThreshold":15,"applicationLocalDataFolderPath":"c:\\Users\\papel\\Desktop\\portifolio_papelaria\\.ai"}
[10/06/2025, 09:24:10] info: Start infrastructure initialization
[10/06/2025, 09:24:12] info: Infrastructure was started
[10/06/2025, 09:24:16] info: Initialize aie integration isn't initialized
[10/06/2025, 09:24:16] info: Infrastructure was initialized
[10/06/2025, 09:24:16] info: Infrastructure Installer was deleted
[10/06/2025, 09:24:17] warn: Localization 2070 was not found for apache mod_negotiation resource location disclosure
[10/06/2025, 09:24:17] warn: Localization 2070 was not found for arbitrary directory copying
[10/06/2025, 09:24:17] warn: Localization 2070 was not found for arbitrary directory creation
[10/06/2025, 09:24:17] warn: Localization 2070 was not found for arbitrary directory deletion
[10/06/2025, 09:24:17] warn: Localization 2070 was not found for arbitrary directory listing
[10/06/2025, 09:24:17] warn: Localization 2070 was not found for arbitrary directory moving
[10/06/2025, 09:24:17] warn: Localization 2070 was not found for arbitrary file copying
[10/06/2025, 09:24:17] warn: Localization 2070 was not found for arbitrary file creation
[10/06/2025, 09:24:17] warn: Localization 2070 was not found for arbitrary file deletion
[10/06/2025, 09:24:17] warn: Localization 2070 was not found for arbitrary file modification
[10/06/2025, 09:24:17] warn: Localization 2070 was not found for arbitrary file moving
[10/06/2025, 09:24:17] warn: Localization 2070 was not found for arbitrary file reading
[10/06/2025, 09:24:17] warn: Localization 2070 was not found for cookie injection
[10/06/2025, 09:24:17] warn: Localization 2070 was not found for credentials brute-force
[10/06/2025, 09:24:17] warn: Localization 2070 was not found for cross-site request forgery
[10/06/2025, 09:24:17] warn: Localization 2070 was not found for cross-site scripting
[10/06/2025, 09:24:17] warn: Localization 2070 was not found for cursor injection
[10/06/2025, 09:24:17] warn: Localization 2070 was not found for cursor sqli
[10/06/2025, 09:24:17] warn: Localization 2070 was not found for default
[10/06/2025, 09:24:17] warn: Localization 2070 was not found for denial of service
[10/06/2025, 09:24:17] warn: Localization 2070 was not found for deserialization of untrusted data
[10/06/2025, 09:24:17] warn: Localization 2070 was not found for df
[10/06/2025, 09:24:17] warn: Localization 2070 was not found for djangoorminjection
[10/06/2025, 09:24:17] warn: Localization 2070 was not found for dll injection
[10/06/2025, 09:24:17] warn: Localization 2070 was not found for double free
[10/06/2025, 09:24:17] warn: Localization 2070 was not found for dynamic code injection
[10/06/2025, 09:24:17] warn: Localization 2070 was not found for dynamic query injection
[10/06/2025, 09:24:17] warn: Localization 2070 was not found for external control of configuration
[10/06/2025, 09:24:17] warn: Localization 2070 was not found for fingerprinting
[10/06/2025, 09:24:17] warn: Localization 2070 was not found for format string
[10/06/2025, 09:24:17] warn: Localization 2070 was not found for hardcoded password
[10/06/2025, 09:24:17] warn: Localization 2070 was not found for heap overflow
[10/06/2025, 09:24:17] warn: Localization 2070 was not found for http header injection
[10/06/2025, 09:24:17] warn: Localization 2070 was not found for http request splitting
[10/06/2025, 09:24:17] warn: Localization 2070 was not found for http response splitting
[10/06/2025, 09:24:17] warn: Localization 2070 was not found for improper access control taint
[10/06/2025, 09:24:17] warn: Localization 2070 was not found for improper resource shutdown or release
[10/06/2025, 09:24:17] warn: Localization 2070 was not found for information exposure
[10/06/2025, 09:24:17] warn: Localization 2070 was not found for injection
[10/06/2025, 09:24:17] warn: Localization 2070 was not found for insecure direct object references
[10/06/2025, 09:24:17] warn: Localization 2070 was not found for insufficient session expiration
[10/06/2025, 09:24:17] warn: Localization 2070 was not found for integer overflow
[10/06/2025, 09:24:17] warn: Localization 2070 was not found for ldap injection
[10/06/2025, 09:24:17] warn: Localization 2070 was not found for like injection
[10/06/2025, 09:24:17] warn: Localization 2070 was not found for linq injection
[10/06/2025, 09:24:17] warn: Localization 2070 was not found for local file inclusion
[10/06/2025, 09:24:17] warn: Localization 2070 was not found for log forging
[10/06/2025, 09:24:17] warn: Localization 2070 was not found for nosql injection
[10/06/2025, 09:24:17] warn: Localization 2070 was not found for null dereference
[10/06/2025, 09:24:17] warn: Localization 2070 was not found for object injection
[10/06/2025, 09:24:17] warn: Localization 2070 was not found for open redirect
[10/06/2025, 09:24:17] warn: Localization 2070 was not found for orm injection
[10/06/2025, 09:24:17] warn: Localization 2070 was not found for os commanding
[10/06/2025, 09:24:17] warn: Localization 2070 was not found for padding oracle attack
[10/06/2025, 09:24:17] warn: Localization 2070 was not found for path traversal
[10/06/2025, 09:24:17] warn: Localization 2070 was not found for persistent cookie exposing
[10/06/2025, 09:24:17] warn: Localization 2070 was not found for potential path traversal
[10/06/2025, 09:24:17] warn: Localization 2070 was not found for process control
[10/06/2025, 09:24:17] warn: Localization 2070 was not found for redos
[10/06/2025, 09:24:17] warn: Localization 2070 was not found for remote code execution
[10/06/2025, 09:24:17] warn: Localization 2070 was not found for remote file inclusion
[10/06/2025, 09:24:17] warn: Localization 2070 was not found for resource exhaustion
[10/06/2025, 09:24:17] warn: Localization 2070 was not found for resource location brute-force
[10/06/2025, 09:24:17] warn: Localization 2070 was not found for server-side request forgery
[10/06/2025, 09:24:17] warn: Localization 2070 was not found for server-side template injection
[10/06/2025, 09:24:17] warn: Localization 2070 was not found for serverfingerprinting
[10/06/2025, 09:24:17] warn: Localization 2070 was not found for session management weakness
[10/06/2025, 09:24:17] warn: Localization 2070 was not found for shellshock
[10/06/2025, 09:24:17] warn: Localization 2070 was not found for smtp header injection
[10/06/2025, 09:24:17] warn: Localization 2070 was not found for sql injection
[10/06/2025, 09:24:17] warn: Localization 2070 was not found for sqli
[10/06/2025, 09:24:17] warn: Localization 2070 was not found for stack overflow
[10/06/2025, 09:24:17] warn: Localization 2070 was not found for uaf
[10/06/2025, 09:24:17] warn: Localization 2070 was not found for uncontrolled data manipulation
[10/06/2025, 09:24:17] warn: Localization 2070 was not found for uncontrolled env var modification
[10/06/2025, 09:24:17] warn: Localization 2070 was not found for unrestricted file upload
[10/06/2025, 09:24:17] warn: Localization 2070 was not found for use after free
[10/06/2025, 09:24:17] warn: Localization 2070 was not found for webview xss taint
[10/06/2025, 09:24:17] warn: Localization 2070 was not found for xml entity expansion
[10/06/2025, 09:24:17] warn: Localization 2070 was not found for xml external entity
[10/06/2025, 09:24:17] warn: Localization 2070 was not found for xpath injection
[10/06/2025, 09:24:17] warn: Localization 2070 was not found for xquery injection
[10/06/2025, 09:24:17] warn: Localization 2070 was not found for 100
[10/06/2025, 09:24:17] warn: Localization 2070 was not found for 101
[10/06/2025, 09:24:17] warn: Localization 2070 was not found for 102
[10/06/2025, 09:24:17] warn: Localization 2070 was not found for 103
[10/06/2025, 09:24:17] warn: Localization 2070 was not found for 104
[10/06/2025, 09:24:17] warn: Localization 2070 was not found for 105
[10/06/2025, 09:24:17] warn: Localization 2070 was not found for 107
[10/06/2025, 09:24:17] warn: Localization 2070 was not found for 108
[10/06/2025, 09:24:17] warn: Localization 2070 was not found for 109
[10/06/2025, 09:24:17] warn: Localization 2070 was not found for 111
[10/06/2025, 09:24:17] warn: Localization 2070 was not found for 113
[10/06/2025, 09:24:17] warn: Localization 2070 was not found for 114
[10/06/2025, 09:24:17] warn: Localization 2070 was not found for 116
[10/06/2025, 09:24:17] warn: Localization 2070 was not found for 117
[10/06/2025, 09:24:17] warn: Localization 2070 was not found for 118
[10/06/2025, 09:24:17] warn: Localization 2070 was not found for 120
[10/06/2025, 09:24:17] warn: Localization 2070 was not found for 122
[10/06/2025, 09:24:17] warn: Localization 2070 was not found for 123
[10/06/2025, 09:24:17] warn: Localization 2070 was not found for 124
[10/06/2025, 09:24:17] warn: Localization 2070 was not found for 125
[10/06/2025, 09:24:17] warn: Localization 2070 was not found for 127
[10/06/2025, 09:24:17] warn: Localization 2070 was not found for 128
[10/06/2025, 09:24:17] warn: Localization 2070 was not found for 129
[10/06/2025, 09:24:17] warn: Localization 2070 was not found for 130
[10/06/2025, 09:24:17] warn: Localization 2070 was not found for 135
[10/06/2025, 09:24:17] warn: Localization 2070 was not found for 138
[10/06/2025, 09:24:17] warn: Localization 2070 was not found for 139
[10/06/2025, 09:24:17] warn: Localization 2070 was not found for 140
[10/06/2025, 09:24:17] warn: Localization 2070 was not found for 141
[10/06/2025, 09:24:17] warn: Localization 2070 was not found for 142
[10/06/2025, 09:24:17] warn: Localization 2070 was not found for 144
[10/06/2025, 09:24:17] warn: Localization 2070 was not found for 145
[10/06/2025, 09:24:17] warn: Localization 2070 was not found for 146
[10/06/2025, 09:24:17] warn: Localization 2070 was not found for 147
[10/06/2025, 09:24:17] warn: Localization 2070 was not found for 148
[10/06/2025, 09:24:17] warn: Localization 2070 was not found for 149
[10/06/2025, 09:24:17] warn: Localization 2070 was not found for 150
[10/06/2025, 09:24:17] warn: Localization 2070 was not found for 151
[10/06/2025, 09:24:17] warn: Localization 2070 was not found for 152
[10/06/2025, 09:24:17] warn: Localization 2070 was not found for 153
[10/06/2025, 09:24:17] warn: Localization 2070 was not found for 154
[10/06/2025, 09:24:17] warn: Localization 2070 was not found for 156
[10/06/2025, 09:24:17] warn: Localization 2070 was not found for 157
[10/06/2025, 09:24:17] warn: Localization 2070 was not found for 158
[10/06/2025, 09:24:17] warn: Localization 2070 was not found for 159
[10/06/2025, 09:24:17] warn: Localization 2070 was not found for 160
[10/06/2025, 09:24:17] warn: Localization 2070 was not found for 161
[10/06/2025, 09:24:17] warn: Localization 2070 was not found for 162
[10/06/2025, 09:24:17] warn: Localization 2070 was not found for 163
[10/06/2025, 09:24:17] warn: Localization 2070 was not found for 164
[10/06/2025, 09:24:17] warn: Localization 2070 was not found for 165
[10/06/2025, 09:24:17] warn: Localization 2070 was not found for 200
[10/06/2025, 09:24:17] warn: Localization 2070 was not found for 24544
[10/06/2025, 09:24:17] warn: Localization 2070 was not found for 24545
[10/06/2025, 09:24:17] warn: Localization 2070 was not found for 24546
[10/06/2025, 09:24:17] warn: Localization 2070 was not found for 24547
[10/06/2025, 09:24:17] warn: Localization 2070 was not found for 24548
[10/06/2025, 09:24:17] warn: Localization 2070 was not found for 24549
[10/06/2025, 09:24:17] warn: Localization 2070 was not found for 24550
[10/06/2025, 09:24:17] warn: Localization 2070 was not found for 24551
[10/06/2025, 09:24:17] warn: Localization 2070 was not found for 24552
[10/06/2025, 09:24:17] warn: Localization 2070 was not found for 24553
[10/06/2025, 09:24:17] warn: Localization 2070 was not found for 24554
[10/06/2025, 09:24:17] warn: Localization 2070 was not found for 24555
[10/06/2025, 09:24:17] warn: Localization 2070 was not found for 24556
[10/06/2025, 09:24:17] warn: Localization 2070 was not found for 24557
[10/06/2025, 09:24:17] warn: Localization 2070 was not found for 24558
[10/06/2025, 09:24:17] warn: Localization 2070 was not found for 24559
[10/06/2025, 09:24:17] warn: Localization 2070 was not found for 24560
[10/06/2025, 09:24:17] warn: Localization 2070 was not found for 24561
[10/06/2025, 09:24:17] warn: Localization 2070 was not found for 24562
[10/06/2025, 09:24:17] warn: Localization 2070 was not found for 24563
[10/06/2025, 09:24:17] warn: Localization 2070 was not found for 24564
[10/06/2025, 09:24:17] warn: Localization 2070 was not found for 24565
[10/06/2025, 09:24:17] warn: Localization 2070 was not found for 24566
[10/06/2025, 09:24:17] warn: Localization 2070 was not found for 24567
[10/06/2025, 09:24:17] warn: Localization 2070 was not found for 24568
[10/06/2025, 09:24:17] warn: Localization 2070 was not found for 305
[10/06/2025, 09:24:17] warn: Localization 2070 was not found for 96
[10/06/2025, 09:24:17] warn: Localization 2070 was not found for 97
[10/06/2025, 09:24:17] warn: Localization 2070 was not found for 98
[10/06/2025, 09:24:17] warn: Localization 2070 was not found for 99
[10/06/2025, 09:24:17] warn: Localization 2070 was not found for attributes code inside addeventlistener
[10/06/2025, 09:24:17] warn: Localization 2070 was not found for attributes code inside attachevent
[10/06/2025, 09:24:17] warn: Localization 2070 was not found for attributes code inside createattribute
[10/06/2025, 09:24:17] warn: Localization 2070 was not found for attributes code inside element event
[10/06/2025, 09:24:17] warn: Localization 2070 was not found for attributes code inside setattribute
[10/06/2025, 09:24:17] warn: Localization 2070 was not found for attributes code inside setattributens
[10/06/2025, 09:24:17] warn: Localization 2070 was not found for buffer overflow
[10/06/2025, 09:24:17] warn: Localization 2070 was not found for buffer overflow in python
[10/06/2025, 09:24:17] warn: Localization 2070 was not found for buffer overflow pm
[10/06/2025, 09:24:17] warn: Localization 2070 was not found for class defines clone but not implement cloneable
[10/06/2025, 09:24:17] warn: Localization 2070 was not found for csrf protection disabled
[10/06/2025, 09:24:17] warn: Localization 2070 was not found for cursor snarfing plsql
[10/06/2025, 09:24:17] warn: Localization 2070 was not found for cursor snarfing tsql
[10/06/2025, 09:24:17] warn: Localization 2070 was not found for dangerous function plsql
[10/06/2025, 09:24:17] warn: Localization 2070 was not found for dangerous function tsql
[10/06/2025, 09:24:17] warn: Localization 2070 was not found for debug information leakage
[10/06/2025, 09:24:17] warn: Localization 2070 was not found for debug mode python
[10/06/2025, 09:24:17] warn: Localization 2070 was not found for deprecated functions objc
[10/06/2025, 09:24:17] warn: Localization 2070 was not found for deserialization of untrusted data pm
[10/06/2025, 09:24:17] warn: Localization 2070 was not found for deserialization of untrusted data pm python
[10/06/2025, 09:24:17] warn: Localization 2070 was not found for detection of error condition without action
[10/06/2025, 09:24:17] warn: Localization 2070 was not found for direct use of threads
[10/06/2025, 09:24:17] warn: Localization 2070 was not found for directorytraversalcreatereadstream
[10/06/2025, 09:24:17] warn: Localization 2070 was not found for directorytraversalreadfile
[10/06/2025, 09:24:17] warn: Localization 2070 was not found for disabling ssl certificate checks
[10/06/2025, 09:24:17] warn: Localization 2070 was not found for disabling ssl certificate checks c
[10/06/2025, 09:24:17] warn: Localization 2070 was not found for disabling ssl-tls certificate checks go
[10/06/2025, 09:24:17] warn: Localization 2070 was not found for divide by zero
[10/06/2025, 09:24:17] warn: Localization 2070 was not found for dom modification contextual fragment
[10/06/2025, 09:24:17] warn: Localization 2070 was not found for dom modification html tag
[10/06/2025, 09:24:17] warn: Localization 2070 was not found for dom modification selected position
[10/06/2025, 09:24:17] warn: Localization 2070 was not found for dom modification string inside document
[10/06/2025, 09:24:17] warn: Localization 2070 was not found for download of code without integrity check
[10/06/2025, 09:24:17] warn: Localization 2070 was not found for embedded malicious code
[10/06/2025, 09:24:17] warn: Localization 2070 was not found for empty default exception handler
[10/06/2025, 09:24:17] warn: Localization 2070 was not found for erroneous null comparison
[10/06/2025, 09:24:17] warn: Localization 2070 was not found for exposure of data element to wrong session
[10/06/2025, 09:24:17] warn: Localization 2070 was not found for exposure of system data to an unauthorized control sphere
[10/06/2025, 09:24:17] warn: Localization 2070 was not found for external control of file name or path
[10/06/2025, 09:24:17] warn: Localization 2070 was not found for file snarfing plsql
[10/06/2025, 09:24:17] warn: Localization 2070 was not found for format string pm
[10/06/2025, 09:24:17] warn: Localization 2070 was not found for forwarding via location
[10/06/2025, 09:24:17] warn: Localization 2070 was not found for forwarding via location function
[10/06/2025, 09:24:17] warn: Localization 2070 was not found for forwarding via opening new tab
[10/06/2025, 09:24:17] warn: Localization 2070 was not found for ftpusage
[10/06/2025, 09:24:17] warn: Localization 2070 was not found for go weak cryptographic hash
[10/06/2025, 09:24:17] warn: Localization 2070 was not found for hardcoded initialization vector
[10/06/2025, 09:24:17] warn: Localization 2070 was not found for hardcoded key
[10/06/2025, 09:24:17] warn: Localization 2070 was not found for hardcoded password kotlin
[10/06/2025, 09:24:17] warn: Localization 2070 was not found for hardcoded password pm
[10/06/2025, 09:24:17] warn: Localization 2070 was not found for hardcoded pbkdf password
[10/06/2025, 09:24:17] warn: Localization 2070 was not found for headerinjection
[10/06/2025, 09:24:17] warn: Localization 2070 was not found for improper access control
[10/06/2025, 09:24:17] warn: Localization 2070 was not found for improper access control c
[10/06/2025, 09:24:17] warn: Localization 2070 was not found for improper certificate validation
[10/06/2025, 09:24:17] warn: Localization 2070 was not found for improper check for unusual or exceptional conditions
[10/06/2025, 09:24:17] warn: Localization 2070 was not found for improperly implemented security check for standard
[10/06/2025, 09:24:17] warn: Localization 2070 was not found for include interface ssl
[10/06/2025, 09:24:17] warn: Localization 2070 was not found for incorrect permission assignment for critical resource
[10/06/2025, 09:24:17] warn: Localization 2070 was not found for incorrect permission assignment for critical resource 1
[10/06/2025, 09:24:17] warn: Localization 2070 was not found for incorrect permission assignment for critical resource go
[10/06/2025, 09:24:17] warn: Localization 2070 was not found for incorrect permission assignment for critical resource java
[10/06/2025, 09:24:17] warn: Localization 2070 was not found for incorrect unix api using
[10/06/2025, 09:24:17] warn: Localization 2070 was not found for incorrect usage of seeds in pseudo-random number generator
[10/06/2025, 09:24:17] warn: Localization 2070 was not found for incorrectpermissionassignmentphp
[10/06/2025, 09:24:17] warn: Localization 2070 was not found for information exposure pm
[10/06/2025, 09:24:17] warn: Localization 2070 was not found for information exposure through an error message
[10/06/2025, 09:24:17] warn: Localization 2070 was not found for information exposure through comments
[10/06/2025, 09:24:17] warn: Localization 2070 was not found for information exposure through persistent cookies
[10/06/2025, 09:24:17] warn: Localization 2070 was not found for information exposure through persistent cookies 1
[10/06/2025, 09:24:17] warn: Localization 2070 was not found for information exposure through static content
[10/06/2025, 09:24:17] warn: Localization 2070 was not found for informationexposureviaexception
[10/06/2025, 09:24:17] warn: Localization 2070 was not found for insecure cipher key export
[10/06/2025, 09:24:17] warn: Localization 2070 was not found for insecure connection protocol
[10/06/2025, 09:24:17] warn: Localization 2070 was not found for insecure cookie 1
[10/06/2025, 09:24:17] warn: Localization 2070 was not found for insecure cookie 2
[10/06/2025, 09:24:17] warn: Localization 2070 was not found for insecure cookie scope
[10/06/2025, 09:24:17] warn: Localization 2070 was not found for insecure data storage
[10/06/2025, 09:24:17] warn: Localization 2070 was not found for insecure data storage objc simple
[10/06/2025, 09:24:17] warn: Localization 2070 was not found for insecure network binding
[10/06/2025, 09:24:17] warn: Localization 2070 was not found for insecure randomness ojbc
[10/06/2025, 09:24:17] warn: Localization 2070 was not found for insecure randomness plsql
[10/06/2025, 09:24:17] warn: Localization 2070 was not found for insecure randomness tsql
[10/06/2025, 09:24:17] warn: Localization 2070 was not found for insecure rsa padding
[10/06/2025, 09:24:17] warn: Localization 2070 was not found for insecure rsa padding 1
[10/06/2025, 09:24:17] warn: Localization 2070 was not found for insecure ssl connection
[10/06/2025, 09:24:17] warn: Localization 2070 was not found for insecure ssl connection 1
[10/06/2025, 09:24:17] warn: Localization 2070 was not found for insecure ssl protocol
[10/06/2025, 09:24:17] warn: Localization 2070 was not found for insecure transport java
[10/06/2025, 09:24:17] warn: Localization 2070 was not found for insecure usage of jinja templates
[10/06/2025, 09:24:17] warn: Localization 2070 was not found for insecure usage of mako templates
[10/06/2025, 09:24:17] warn: Localization 2070 was not found for insecure validation functions
[10/06/2025, 09:24:17] warn: Localization 2070 was not found for insecure validation functions 1
[10/06/2025, 09:24:17] warn: Localization 2070 was not found for insecure work with temporary files
[10/06/2025, 09:24:17] warn: Localization 2070 was not found for insecureevalpython
[10/06/2025, 09:24:17] warn: Localization 2070 was not found for insufficient cors policy
[10/06/2025, 09:24:17] warn: Localization 2070 was not found for insufficient encryption key length
[10/06/2025, 09:24:17] warn: Localization 2070 was not found for insufficient encryption key length 1
[10/06/2025, 09:24:17] warn: Localization 2070 was not found for insufficient key size go
[10/06/2025, 09:24:17] warn: Localization 2070 was not found for insufficient logging&monitoring
[10/06/2025, 09:24:17] warn: Localization 2070 was not found for insufficient session expiration pm
[10/06/2025, 09:24:17] warn: Localization 2070 was not found for insufficientencryptionkeylength
[10/06/2025, 09:24:17] warn: Localization 2070 was not found for integer overflow pm
[10/06/2025, 09:24:17] warn: Localization 2070 was not found for jquery function that adds element
[10/06/2025, 09:24:17] warn: Localization 2070 was not found for jquery function that replaces element
[10/06/2025, 09:24:17] warn: Localization 2070 was not found for jquery html inside dom
[10/06/2025, 09:24:17] warn: Localization 2070 was not found for jquery unsafe functions for dom
[10/06/2025, 09:24:17] warn: Localization 2070 was not found for jquery wrap element to html
[10/06/2025, 09:24:17] warn: Localization 2070 was not found for json-test
[10/06/2025, 09:24:17] warn: Localization 2070 was not found for lack of the host key verification go
[10/06/2025, 09:24:17] warn: Localization 2070 was not found for least privilege violation
[10/06/2025, 09:24:17] warn: Localization 2070 was not found for leftover debug code
[10/06/2025, 09:24:17] warn: Localization 2070 was not found for marksafepython
[10/06/2025, 09:24:17] warn: Localization 2070 was not found for memory leak
[10/06/2025, 09:24:17] warn: Localization 2070 was not found for method without super clone
[10/06/2025, 09:24:17] warn: Localization 2070 was not found for method without super finalize
[10/06/2025, 09:24:17] warn: Localization 2070 was not found for missing auth localized reason
[10/06/2025, 09:24:17] warn: Localization 2070 was not found for missing encryption of sensitive data
[10/06/2025, 09:24:17] warn: Localization 2070 was not found for none
[10/06/2025, 09:24:17] warn: Localization 2070 was not found for notlsreject
[10/06/2025, 09:24:17] warn: Localization 2070 was not found for nslog using
[10/06/2025, 09:24:17] warn: Localization 2070 was not found for null dereference pattern
[10/06/2025, 09:24:17] warn: Localization 2070 was not found for null pbkdf password
[10/06/2025, 09:24:17] warn: Localization 2070 was not found for obsolete function
[10/06/2025, 09:24:17] warn: Localization 2070 was not found for openredirect
[10/06/2025, 09:24:17] warn: Localization 2070 was not found for overly broad grant
[10/06/2025, 09:24:17] warn: Localization 2070 was not found for override equals method without hashcode
[10/06/2025, 09:24:17] warn: Localization 2070 was not found for pattern matching
[10/06/2025, 09:24:17] warn: Localization 2070 was not found for php pm sensitive cookie in https session without ‘secure’ attribute
[10/06/2025, 09:24:17] warn: Localization 2070 was not found for plaintext storage of a password
[10/06/2025, 09:24:17] warn: Localization 2070 was not found for plaintext storage of a password 1
[10/06/2025, 09:24:17] warn: Localization 2070 was not found for play 1 html xss
[10/06/2025, 09:24:17] warn: Localization 2070 was not found for play 2 html xss
[10/06/2025, 09:24:17] warn: Localization 2070 was not found for poor logging practice logger
[10/06/2025, 09:24:17] warn: Localization 2070 was not found for poor logging practice system
[10/06/2025, 09:24:17] warn: Localization 2070 was not found for possible rce through sql injection
[10/06/2025, 09:24:17] warn: Localization 2070 was not found for private array typed field returned from a public method
[10/06/2025, 09:24:17] warn: Localization 2070 was not found for public data assigned to private array typed field
[10/06/2025, 09:24:17] warn: Localization 2070 was not found for python weak cryptographic hash
[10/06/2025, 09:24:17] warn: Localization 2070 was not found for python2input
[10/06/2025, 09:24:17] warn: Localization 2070 was not found for pythonassertion
[10/06/2025, 09:24:17] warn: Localization 2070 was not found for reflectedcrosssitescripting
[10/06/2025, 09:24:17] warn: Localization 2070 was not found for reliance on dns lookups in a security decision
[10/06/2025, 09:24:17] warn: Localization 2070 was not found for return of stack variable address
[10/06/2025, 09:24:17] warn: Localization 2070 was not found for reversible one way hash
[10/06/2025, 09:24:17] warn: Localization 2070 was not found for sensitive cookie in https session without ‘secure’ attribute
[10/06/2025, 09:24:17] warn: Localization 2070 was not found for sensitive cookie in https session without httponly attribute
[10/06/2025, 09:24:17] warn: Localization 2070 was not found for sensitive cookie in https session without secure attribute
[10/06/2025, 09:24:17] warn: Localization 2070 was not found for serversideinjectioneval
[10/06/2025, 09:24:17] warn: Localization 2070 was not found for serversideinjectionfunction
[10/06/2025, 09:24:17] warn: Localization 2070 was not found for serversideinjectionsetinterval
[10/06/2025, 09:24:17] warn: Localization 2070 was not found for serversideinjectionsettimeout
[10/06/2025, 09:24:17] warn: Localization 2070 was not found for serversideinjectionyaml
[10/06/2025, 09:24:17] warn: Localization 2070 was not found for ssl configuration flaws
[10/06/2025, 09:24:17] warn: Localization 2070 was not found for static random number generator
[10/06/2025, 09:24:17] warn: Localization 2070 was not found for time of check time of use race condition
[10/06/2025, 09:24:17] warn: Localization 2070 was not found for trust boundary violation
[10/06/2025, 09:24:17] warn: Localization 2070 was not found for type confusion
[10/06/2025, 09:24:17] warn: Localization 2070 was not found for uncontrolled memory allocation
[10/06/2025, 09:24:17] warn: Localization 2070 was not found for uncontrolled recursion
[10/06/2025, 09:24:17] warn: Localization 2070 was not found for unreachable code
[10/06/2025, 09:24:17] warn: Localization 2070 was not found for unsafe cross-origin resource sharing
[10/06/2025, 09:24:17] warn: Localization 2070 was not found for unsafe reflection
[10/06/2025, 09:24:17] warn: Localization 2070 was not found for unsalted one way hash
[10/06/2025, 09:24:17] warn: Localization 2070 was not found for unsalted one way hash 1
[10/06/2025, 09:24:17] warn: Localization 2070 was not found for unsaltedonewayhash
[10/06/2025, 09:24:17] warn: Localization 2070 was not found for unused var
[10/06/2025, 09:24:17] warn: Localization 2070 was not found for urllibusagepython
[10/06/2025, 09:24:17] warn: Localization 2070 was not found for use broken crypto
[10/06/2025, 09:24:17] warn: Localization 2070 was not found for use of a broken or risky cryptographic algorithm
[10/06/2025, 09:24:17] warn: Localization 2070 was not found for use of a broken or risky cryptographic algorithm 1
[10/06/2025, 09:24:17] warn: Localization 2070 was not found for use of a broken or risky cryptographic algorithm 2
[10/06/2025, 09:24:17] warn: Localization 2070 was not found for use of a broken or risky cryptographic algorithm 3
[10/06/2025, 09:24:17] warn: Localization 2070 was not found for use of a broken or risky cryptographic algorithm 4
[10/06/2025, 09:24:17] warn: Localization 2070 was not found for use of a broken or risky cryptographic algorithm 5
[10/06/2025, 09:24:17] warn: Localization 2070 was not found for use of a broken or risky cryptographic algorithm 6
[10/06/2025, 09:24:17] warn: Localization 2070 was not found for use of a broken or risky cryptographic algorithm go
[10/06/2025, 09:24:17] warn: Localization 2070 was not found for use of function with inconsistent implementations
[10/06/2025, 09:24:17] warn: Localization 2070 was not found for use of hardcoded cryptographic key
[10/06/2025, 09:24:17] warn: Localization 2070 was not found for use of insufficiently random values
[10/06/2025, 09:24:17] warn: Localization 2070 was not found for use of insufficiently random values 1
[10/06/2025, 09:24:17] warn: Localization 2070 was not found for use of insufficiently random values 2
[10/06/2025, 09:24:17] warn: Localization 2070 was not found for use of nullpointerexception catch
[10/06/2025, 09:24:17] warn: Localization 2070 was not found for use of obsolete function 1
[10/06/2025, 09:24:17] warn: Localization 2070 was not found for use of system exit
[10/06/2025, 09:24:17] warn: Localization 2070 was not found for use of uninitialized variable
[10/06/2025, 09:24:17] warn: Localization 2070 was not found for user driven insecure hash algorithm
[10/06/2025, 09:24:17] warn: Localization 2070 was not found for user driven insecure hash algorithm 1
[10/06/2025, 09:24:17] warn: Localization 2070 was not found for vulnerable template module
[10/06/2025, 09:24:17] warn: Localization 2070 was not found for weak crypto api objc
[10/06/2025, 09:24:17] warn: Localization 2070 was not found for weak crypto hash api objc
[10/06/2025, 09:24:17] warn: Localization 2070 was not found for weak crypto iv objc
[10/06/2025, 09:24:17] warn: Localization 2070 was not found for weak crypto key objc
[10/06/2025, 09:24:17] warn: Localization 2070 was not found for weak cryptographic algorithm 1
[10/06/2025, 09:24:17] warn: Localization 2070 was not found for weak cryptographic hash
[10/06/2025, 09:24:17] warn: Localization 2070 was not found for weak cryptographic hash plsql
[10/06/2025, 09:24:17] warn: Localization 2070 was not found for weak cryptographic hash tsql
[10/06/2025, 09:24:17] warn: Localization 2070 was not found for weak hmac key objc
[10/06/2025, 09:24:17] warn: Localization 2070 was not found for weak password requirements
[10/06/2025, 09:24:17] warn: Localization 2070 was not found for weak pbkdf salt
[10/06/2025, 09:24:17] warn: Localization 2070 was not found for weak rsa objc
[10/06/2025, 09:24:17] warn: Localization 2070 was not found for weakhashcrypto
[10/06/2025, 09:24:17] warn: Localization 2070 was not found for weakhashcryptojs
[10/06/2025, 09:24:17] warn: Localization 2070 was not found for webforms validaterequest
[10/06/2025, 09:24:17] warn: Localization 2070 was not found for webview xss
[10/06/2025, 09:24:17] warn: Localization 2070 was not found for xml external entity pm
[10/06/2025, 09:24:17] warn: Localization 2070 was not found for xss protection disabled
[10/06/2025, 09:24:17] warn: Localization 2070 was not found for yaml load
[10/06/2025, 09:24:17] warn: Localization 2070 was not found for .htaccess addhandler
[10/06/2025, 09:24:17] warn: Localization 2070 was not found for .htaccess addtype
[10/06/2025, 09:24:17] warn: Localization 2070 was not found for .htaccess options
[10/06/2025, 09:24:17] warn: Localization 2070 was not found for .htaccess php_value
[10/06/2025, 09:24:17] warn: Localization 2070 was not found for .htaccess serversignature
[10/06/2025, 09:24:17] warn: Localization 2070 was not found for android_manifest.xml @android:allowbackup
[10/06/2025, 09:24:17] warn: Localization 2070 was not found for android_manifest.xml @android:debuggable
[10/06/2025, 09:24:17] warn: Localization 2070 was not found for android_manifest.xml @android:exported
[10/06/2025, 09:24:17] warn: Localization 2070 was not found for android_manifest.xml @android:exported[provider]
[10/06/2025, 09:24:17] warn: Localization 2070 was not found for android_manifest.xml @android:protectionlevel
[10/06/2025, 09:24:17] warn: Localization 2070 was not found for android_manifest.xml @android:scheme
[10/06/2025, 09:24:17] warn: Localization 2070 was not found for android_networksecurityconfig.xml @src
[10/06/2025, 09:24:17] warn: Localization 2070 was not found for apache.conf addhandler
[10/06/2025, 09:24:17] warn: Localization 2070 was not found for apache.conf addtype
[10/06/2025, 09:24:17] warn: Localization 2070 was not found for apache.conf loadmodule
[10/06/2025, 09:24:17] warn: Localization 2070 was not found for apache.conf options
[10/06/2025, 09:24:17] warn: Localization 2070 was not found for apache.conf php_value
[10/06/2025, 09:24:17] warn: Localization 2070 was not found for apache.conf serversignature
[10/06/2025, 09:24:17] warn: Localization 2070 was not found for apache.conf servertokens
[10/06/2025, 09:24:17] warn: Localization 2070 was not found for apache.conf traceenable
[10/06/2025, 09:24:17] warn: Localization 2070 was not found for applicationhost.config @accesspolicy
[10/06/2025, 09:24:17] warn: Localization 2070 was not found for applicationhost.config @notlistedisapisallowed
[10/06/2025, 09:24:17] warn: Localization 2070 was not found for applicationhost.config @username
[10/06/2025, 09:24:17] warn: Localization 2070 was not found for conf arbitrary file upload file_uploads
[10/06/2025, 09:24:17] warn: Localization 2070 was not found for conf cross site scripting vulnerability http-only
[10/06/2025, 09:24:17] warn: Localization 2070 was not found for conf cross site scripting vulnerability httponlycookies
[10/06/2025, 09:24:17] warn: Localization 2070 was not found for conf cross site scripting vulnerability register_globals
[10/06/2025, 09:24:17] warn: Localization 2070 was not found for conf cross site scripting vulnerability session.cookie_httponly
[10/06/2025, 09:24:17] warn: Localization 2070 was not found for conf cross site scripting vulnerability traceenable
[10/06/2025, 09:24:17] warn: Localization 2070 was not found for conf cross site scripting vulnerability validaterequest
[10/06/2025, 09:24:17] warn: Localization 2070 was not found for conf denial of service loadmodule security2_module
[10/06/2025, 09:24:17] warn: Localization 2070 was not found for conf denial of service max_execution_time
[10/06/2025, 09:24:17] warn: Localization 2070 was not found for conf denial of service max_input_nesting_level
[10/06/2025, 09:24:17] warn: Localization 2070 was not found for conf denial of service max_input_time
[10/06/2025, 09:24:17] warn: Localization 2070 was not found for conf denial of service memory_limit
[10/06/2025, 09:24:17] warn: Localization 2070 was not found for conf denial of service post_max_size
[10/06/2025, 09:24:17] warn: Localization 2070 was not found for conf denial of service upload_max_filesize
[10/06/2025, 09:24:17] warn: Localization 2070 was not found for conf directory indexing autoindex
[10/06/2025, 09:24:17] warn: Localization 2070 was not found for conf directory indexing loadmodule autoindex_module
[10/06/2025, 09:24:17] warn: Localization 2070 was not found for conf directory indexing options
[10/06/2025, 09:24:17] warn: Localization 2070 was not found for conf directory indexing ssi
[10/06/2025, 09:24:17] warn: Localization 2070 was not found for conf information leakage curl.cainfo
[10/06/2025, 09:24:17] warn: Localization 2070 was not found for conf information leakage debug
[10/06/2025, 09:24:17] warn: Localization 2070 was not found for conf information leakage display_errors
[10/06/2025, 09:24:17] warn: Localization 2070 was not found for conf information leakage display_startup_errors
[10/06/2025, 09:24:17] warn: Localization 2070 was not found for conf information leakage error-code
[10/06/2025, 09:24:17] warn: Localization 2070 was not found for conf information leakage errordocument
[10/06/2025, 09:24:17] warn: Localization 2070 was not found for conf information leakage expose_php
[10/06/2025, 09:24:17] warn: Localization 2070 was not found for conf information leakage loadmodule include_module
[10/06/2025, 09:24:17] warn: Localization 2070 was not found for conf information leakage loadmodule info_module
[10/06/2025, 09:24:17] warn: Localization 2070 was not found for conf information leakage loadmodule negotiation_module
[10/06/2025, 09:24:17] warn: Localization 2070 was not found for conf information leakage mode
[10/06/2025, 09:24:17] warn: Localization 2070 was not found for conf information leakage param-name
[10/06/2025, 09:24:17] warn: Localization 2070 was not found for conf information leakage param-name-xsrf
[10/06/2025, 09:24:17] warn: Localization 2070 was not found for conf information leakage request_order
[10/06/2025, 09:24:17] warn: Localization 2070 was not found for conf information leakage server_tokens
[10/06/2025, 09:24:17] warn: Localization 2070 was not found for conf information leakage serversignature
[10/06/2025, 09:24:17] warn: Localization 2070 was not found for conf information leakage servertokens
[10/06/2025, 09:24:17] warn: Localization 2070 was not found for conf information leakage statuscode
[10/06/2025, 09:24:17] warn: Localization 2070 was not found for conf information leakage value
[10/06/2025, 09:24:17] warn: Localization 2070 was not found for conf insufficient authentication enableviewstatemac
[10/06/2025, 09:24:17] warn: Localization 2070 was not found for conf insufficient session expiration session-timeout
[10/06/2025, 09:24:17] warn: Localization 2070 was not found for conf insufficient transport layer protection requiressl
[10/06/2025, 09:24:17] warn: Localization 2070 was not found for conf insufficient transport layer protection secure
[10/06/2025, 09:24:17] warn: Localization 2070 was not found for conf insufficient transport layer protection transport-guarantee
[10/06/2025, 09:24:17] warn: Localization 2070 was not found for conf obsolete option safe_mode
[10/06/2025, 09:24:17] warn: Localization 2070 was not found for conf obsolete option safe_mode_exec_dir
[10/06/2025, 09:24:17] warn: Localization 2070 was not found for conf obsolete option safe_mode_gid
[10/06/2025, 09:24:17] warn: Localization 2070 was not found for conf obsolete option safe_mode_include_dir
[10/06/2025, 09:24:17] warn: Localization 2070 was not found for conf path traversal vulnerability open_basedir
[10/06/2025, 09:24:17] warn: Localization 2070 was not found for conf remote code execution addhandler
[10/06/2025, 09:24:17] warn: Localization 2070 was not found for conf remote code execution addtype
[10/06/2025, 09:24:17] warn: Localization 2070 was not found for conf remote code execution assert.active
[10/06/2025, 09:24:17] warn: Localization 2070 was not found for conf remote code execution auto_append_file
[10/06/2025, 09:24:17] warn: Localization 2070 was not found for conf remote code execution auto_prepend_file
[10/06/2025, 09:24:17] warn: Localization 2070 was not found for conf remote code execution enable_dl
[10/06/2025, 09:24:17] warn: Localization 2070 was not found for conf remote code execution php_value
[10/06/2025, 09:24:17] warn: Localization 2070 was not found for conf remote command execution disable_functions
[10/06/2025, 09:24:17] warn: Localization 2070 was not found for conf remote command execution http-method
[10/06/2025, 09:24:17] warn: Localization 2070 was not found for conf remote command execution loadmodule cgi_module
[10/06/2025, 09:24:17] warn: Localization 2070 was not found for conf remote file inclusion allow_url_fopen
[10/06/2025, 09:24:17] warn: Localization 2070 was not found for conf remote file inclusion allow_url_include
[10/06/2025, 09:24:17] warn: Localization 2070 was not found for conf remote file inclusion cgi.fix_pathinfo
[10/06/2025, 09:24:17] warn: Localization 2070 was not found for conf response splitting enableheaderchecking
[10/06/2025, 09:24:17] warn: Localization 2070 was not found for conf response splitting useunsafeheaderparsing
[10/06/2025, 09:24:17] warn: Localization 2070 was not found for conf session hijacking log_errors
[10/06/2025, 09:24:17] warn: Localization 2070 was not found for conf session hijacking session.cookie_lifetime
[10/06/2025, 09:24:17] warn: Localization 2070 was not found for conf session hijacking session.cookie_secure
[10/06/2025, 09:24:17] warn: Localization 2070 was not found for conf session hijacking session.referer_check
[10/06/2025, 09:24:17] warn: Localization 2070 was not found for conf session hijacking session.save_path
[10/06/2025, 09:24:17] warn: Localization 2070 was not found for conf session hijacking session.use_cookies
[10/06/2025, 09:24:17] warn: Localization 2070 was not found for conf session hijacking session.use_only_cookies
[10/06/2025, 09:24:17] warn: Localization 2070 was not found for conf session hijacking session.use_strict_mode
[10/06/2025, 09:24:17] warn: Localization 2070 was not found for conf session hijacking ssl
[10/06/2025, 09:24:17] warn: Localization 2070 was not found for conf session hijacking ssl_certificate
[10/06/2025, 09:24:17] warn: Localization 2070 was not found for conf session hijacking ssl_certificate_key
[10/06/2025, 09:24:17] warn: Localization 2070 was not found for conf session hijacking ssl_ciphers
[10/06/2025, 09:24:17] warn: Localization 2070 was not found for conf session hijacking ssl_dhparam
[10/06/2025, 09:24:17] warn: Localization 2070 was not found for conf session hijacking ssl_prefer_server_ciphers
[10/06/2025, 09:24:17] warn: Localization 2070 was not found for conf session hijacking ssl_protocols
[10/06/2025, 09:24:17] warn: Localization 2070 was not found for conf session hijacking ssl_session_cache
[10/06/2025, 09:24:17] warn: Localization 2070 was not found for conf session hijacking ssl_session_timeout
[10/06/2025, 09:24:17] warn: Localization 2070 was not found for conf session hijacking ssl_stapling
[10/06/2025, 09:24:17] warn: Localization 2070 was not found for conf session hijacking tracking-mode
[10/06/2025, 09:24:17] warn: Localization 2070 was not found for conf sql injection magic_quotes_gpc
[10/06/2025, 09:24:17] warn: Localization 2070 was not found for conf sql injection magic_quotes_runtime
[10/06/2025, 09:24:17] warn: Localization 2070 was not found for conf sql injection magic_quotes_sybase
[10/06/2025, 09:24:17] warn: Localization 2070 was not found for domain.xml @audit-enabled
[10/06/2025, 09:24:17] warn: Localization 2070 was not found for domain.xml @port
[10/06/2025, 09:24:17] warn: Localization 2070 was not found for domain.xml @value
[10/06/2025, 09:24:17] warn: Localization 2070 was not found for domain.xml @xpowered-by
[10/06/2025, 09:24:17] warn: Localization 2070 was not found for domain.xml jvm-options
[10/06/2025, 09:24:17] warn: Localization 2070 was not found for ios_info.plist cfbundleurltypes
[10/06/2025, 09:24:17] warn: Localization 2070 was not found for ios_info.plist nsexceptionallowsinsecurehttploads
[10/06/2025, 09:24:17] warn: Localization 2070 was not found for ios_info.plist nsexceptionminimumtlsversion
[10/06/2025, 09:24:17] warn: Localization 2070 was not found for ios_info.plist nstemporarythirdpartyexceptionallowsinsecurehttploads
[10/06/2025, 09:24:17] warn: Localization 2070 was not found for ios_info.plist nstemporarythirdpartyexceptionminimumtlsversion
[10/06/2025, 09:24:17] warn: Localization 2070 was not found for lighttpd.conf cgi.assign
[10/06/2025, 09:24:17] warn: Localization 2070 was not found for lighttpd.conf server.dir-listing
[10/06/2025, 09:24:17] warn: Localization 2070 was not found for lighttpd.conf setenv.add-response-header
[10/06/2025, 09:24:17] warn: Localization 2070 was not found for lighttpd.conf status.config-url
[10/06/2025, 09:24:17] warn: Localization 2070 was not found for lighttpd.conf status.status-url
[10/06/2025, 09:24:17] warn: Localization 2070 was not found for lighttpd.conf webdav.is-readonly
[10/06/2025, 09:24:17] warn: Localization 2070 was not found for machine.config @debug
[10/06/2025, 09:24:17] warn: Localization 2070 was not found for machine.config @decryption
[10/06/2025, 09:24:17] warn: Localization 2070 was not found for machine.config @decryptionkey
[10/06/2025, 09:24:17] warn: Localization 2070 was not found for machine.config @passwordformat
[10/06/2025, 09:24:17] warn: Localization 2070 was not found for machine.config @retail
[10/06/2025, 09:24:17] warn: Localization 2070 was not found for machine.config @username[@processmodel]
[10/06/2025, 09:24:17] warn: Localization 2070 was not found for machine.config @validation
[10/06/2025, 09:24:17] warn: Localization 2070 was not found for machine.config @validationkey
[10/06/2025, 09:24:17] warn: Localization 2070 was not found for nginx.conf add_header
[10/06/2025, 09:24:17] warn: Localization 2070 was not found for nginx.conf add_header[inheritance]
[10/06/2025, 09:24:17] warn: Localization 2070 was not found for nginx.conf alias[traversal]
[10/06/2025, 09:24:17] warn: Localization 2070 was not found for nginx.conf autoindex
[10/06/2025, 09:24:17] warn: Localization 2070 was not found for nginx.conf error_log
[10/06/2025, 09:24:17] warn: Localization 2070 was not found for nginx.conf error_page
[10/06/2025, 09:24:17] warn: Localization 2070 was not found for nginx.conf more_set_headers
[10/06/2025, 09:24:17] warn: Localization 2070 was not found for nginx.conf proxy_set_header
[10/06/2025, 09:24:17] warn: Localization 2070 was not found for nginx.conf server_tokens
[10/06/2025, 09:24:17] warn: Localization 2070 was not found for nginx.conf ssi
[10/06/2025, 09:24:17] warn: Localization 2070 was not found for nginx.conf ssl
[10/06/2025, 09:24:17] warn: Localization 2070 was not found for nginx.conf ssl_certificate
[10/06/2025, 09:24:17] warn: Localization 2070 was not found for nginx.conf ssl_certificate_key
[10/06/2025, 09:24:17] warn: Localization 2070 was not found for nginx.conf ssl_ciphers
[10/06/2025, 09:24:17] warn: Localization 2070 was not found for nginx.conf ssl_dhparam
[10/06/2025, 09:24:17] warn: Localization 2070 was not found for nginx.conf ssl_prefer_server_ciphers
[10/06/2025, 09:24:17] warn: Localization 2070 was not found for nginx.conf ssl_protocols
[10/06/2025, 09:24:17] warn: Localization 2070 was not found for nginx.conf ssl_session_cache
[10/06/2025, 09:24:17] warn: Localization 2070 was not found for nginx.conf ssl_session_timeout
[10/06/2025, 09:24:17] warn: Localization 2070 was not found for nginx.conf ssl_stapling
[10/06/2025, 09:24:17] warn: Localization 2070 was not found for nginx.conf valid_referers
[10/06/2025, 09:24:17] warn: Localization 2070 was not found for php.ini allow_url_fopen
[10/06/2025, 09:24:17] warn: Localization 2070 was not found for php.ini allow_url_include
[10/06/2025, 09:24:17] warn: Localization 2070 was not found for php.ini assert.active
[10/06/2025, 09:24:17] warn: Localization 2070 was not found for php.ini auto_append_file
[10/06/2025, 09:24:17] warn: Localization 2070 was not found for php.ini auto_prepend_file
[10/06/2025, 09:24:17] warn: Localization 2070 was not found for php.ini cgi.fix_pathinfo
[10/06/2025, 09:24:17] warn: Localization 2070 was not found for php.ini cgi.force_redirect
[10/06/2025, 09:24:17] warn: Localization 2070 was not found for php.ini disable_functions
[10/06/2025, 09:24:17] warn: Localization 2070 was not found for php.ini display_errors
[10/06/2025, 09:24:17] warn: Localization 2070 was not found for php.ini display_startup_errors
[10/06/2025, 09:24:17] warn: Localization 2070 was not found for php.ini enable_dl
[10/06/2025, 09:24:17] warn: Localization 2070 was not found for php.ini expose_php
[10/06/2025, 09:24:17] warn: Localization 2070 was not found for php.ini log_errors
[10/06/2025, 09:24:17] warn: Localization 2070 was not found for php.ini magic_quotes_gpc
[10/06/2025, 09:24:17] warn: Localization 2070 was not found for php.ini magic_quotes_runtime
[10/06/2025, 09:24:17] warn: Localization 2070 was not found for php.ini magic_quotes_sybase
[10/06/2025, 09:24:17] warn: Localization 2070 was not found for php.ini max_execution_time
[10/06/2025, 09:24:17] warn: Localization 2070 was not found for php.ini max_input_nesting_level
[10/06/2025, 09:24:17] warn: Localization 2070 was not found for php.ini max_input_time
[10/06/2025, 09:24:17] warn: Localization 2070 was not found for php.ini memory_limit
[10/06/2025, 09:24:17] warn: Localization 2070 was not found for php.ini open_basedir
[10/06/2025, 09:24:17] warn: Localization 2070 was not found for php.ini post_max_size
[10/06/2025, 09:24:17] warn: Localization 2070 was not found for php.ini register_globals
[10/06/2025, 09:24:17] warn: Localization 2070 was not found for php.ini request_order
[10/06/2025, 09:24:17] warn: Localization 2070 was not found for php.ini safe_mode
[10/06/2025, 09:24:17] warn: Localization 2070 was not found for php.ini session.cookie_httponly
[10/06/2025, 09:24:17] warn: Localization 2070 was not found for php.ini session.cookie_lifetime
[10/06/2025, 09:24:17] warn: Localization 2070 was not found for php.ini session.cookie_secure
[10/06/2025, 09:24:17] warn: Localization 2070 was not found for php.ini session.save_path
[10/06/2025, 09:24:17] warn: Localization 2070 was not found for php.ini session.use_cookies
[10/06/2025, 09:24:17] warn: Localization 2070 was not found for php.ini session.use_only_cookies
[10/06/2025, 09:24:17] warn: Localization 2070 was not found for php.ini session.use_strict_mode
[10/06/2025, 09:24:17] warn: Localization 2070 was not found for php.ini session.use_trans_sid
[10/06/2025, 09:24:17] warn: Localization 2070 was not found for php.ini upload_max_filesize
[10/06/2025, 09:24:17] warn: Localization 2070 was not found for potential vulnerability
[10/06/2025, 09:24:17] warn: Localization 2070 was not found for server.xml_tomcat @allowtrace
[10/06/2025, 09:24:17] warn: Localization 2070 was not found for server.xml_tomcat @autodeploy
[10/06/2025, 09:24:17] warn: Localization 2070 was not found for server.xml_tomcat @clientauth
[10/06/2025, 09:24:17] warn: Localization 2070 was not found for server.xml_tomcat @connectiontimeout
[10/06/2025, 09:24:17] warn: Localization 2070 was not found for server.xml_tomcat @deployonstartup
[10/06/2025, 09:24:17] warn: Localization 2070 was not found for server.xml_tomcat @maxhttpheadersize
[10/06/2025, 09:24:17] warn: Localization 2070 was not found for server.xml_tomcat @secure
[10/06/2025, 09:24:17] warn: Localization 2070 was not found for server.xml_tomcat @shutdown
[10/06/2025, 09:24:17] warn: Localization 2070 was not found for server.xml_tomcat @xpoweredby
[10/06/2025, 09:24:17] warn: Localization 2070 was not found for server.xml_websphere @allowlogoutpageredirecttoanyhost
[10/06/2025, 09:24:17] warn: Localization 2070 was not found for server.xml_websphere @displayauthenticationrealm
[10/06/2025, 09:24:17] warn: Localization 2070 was not found for server.xml_websphere @preservefullyqualifiedreferrerurl
[10/06/2025, 09:24:17] warn: Localization 2070 was not found for standalone.xml @default-user
[10/06/2025, 09:24:17] warn: Localization 2070 was not found for standalone.xml @display-source-fragment
[10/06/2025, 09:24:17] warn: Localization 2070 was not found for standalone.xml @scan-interval
[10/06/2025, 09:24:17] warn: Localization 2070 was not found for standalone.xml @value
[10/06/2025, 09:24:17] warn: Localization 2070 was not found for standalone.xml @x-powered-by
[10/06/2025, 09:24:17] warn: Localization 2070 was not found for web.config @allowoverride
[10/06/2025, 09:24:17] warn: Localization 2070 was not found for web.config @cacherolesincookie
[10/06/2025, 09:24:17] warn: Localization 2070 was not found for web.config @certificatevalidationmode
[10/06/2025, 09:24:17] warn: Localization 2070 was not found for web.config @connectionprotection
[10/06/2025, 09:24:17] warn: Localization 2070 was not found for web.config @cookieless
[10/06/2025, 09:24:17] warn: Localization 2070 was not found for web.config @cookieprotection
[10/06/2025, 09:24:17] warn: Localization 2070 was not found for web.config @cookierequiressl
[10/06/2025, 09:24:17] warn: Localization 2070 was not found for web.config @cookieslidingexpiration
[10/06/2025, 09:24:17] warn: Localization 2070 was not found for web.config @cookietimeout
[10/06/2025, 09:24:17] warn: Localization 2070 was not found for web.config @createpersistentcookie
[10/06/2025, 09:24:17] warn: Localization 2070 was not found for web.config @debug
[10/06/2025, 09:24:17] warn: Localization 2070 was not found for web.config @decryptionkey
[10/06/2025, 09:24:17] warn: Localization 2070 was not found for web.config @enablecrossappredirects
[10/06/2025, 09:24:17] warn: Localization 2070 was not found for web.config @enabled
[10/06/2025, 09:24:17] warn: Localization 2070 was not found for web.config @enabled[directorybrowse]
[10/06/2025, 09:24:17] warn: Localization 2070 was not found for web.config @enableeventvalidation
[10/06/2025, 09:24:17] warn: Localization 2070 was not found for web.config @enableheaderchecking
[10/06/2025, 09:24:17] warn: Localization 2070 was not found for web.config @enableversionheader
[10/06/2025, 09:24:17] warn: Localization 2070 was not found for web.config @enableviewstatemac
[10/06/2025, 09:24:17] warn: Localization 2070 was not found for web.config @httponlycookies
[10/06/2025, 09:24:17] warn: Localization 2070 was not found for web.config @level
[10/06/2025, 09:24:17] warn: Localization 2070 was not found for web.config @maxeventdetaillength
[10/06/2025, 09:24:17] warn: Localization 2070 was not found for web.config @maxeventlengthforsimplemessage
[10/06/2025, 09:24:17] warn: Localization 2070 was not found for web.config @maxrequestlength
[10/06/2025, 09:24:17] warn: Localization 2070 was not found for web.config @maxsizeforsimplemessage
[10/06/2025, 09:24:17] warn: Localization 2070 was not found for web.config @minrequirednonalphanumericcharacters
[10/06/2025, 09:24:17] warn: Localization 2070 was not found for web.config @minrequiredpasswordlength
[10/06/2025, 09:24:17] warn: Localization 2070 was not found for web.config @mode
[10/06/2025, 09:24:17] warn: Localization 2070 was not found for web.config @name[@credentials]
[10/06/2025, 09:24:17] warn: Localization 2070 was not found for web.config @passwordformat
[10/06/2025, 09:24:17] warn: Localization 2070 was not found for web.config @protection
[10/06/2025, 09:24:17] warn: Localization 2070 was not found for web.config @requestvalidationmode
[10/06/2025, 09:24:17] warn: Localization 2070 was not found for web.config @requiressl
[10/06/2025, 09:24:17] warn: Localization 2070 was not found for web.config @requiressl[@authentication]
[10/06/2025, 09:24:17] warn: Localization 2070 was not found for web.config @slidingexpiration
[10/06/2025, 09:24:17] warn: Localization 2070 was not found for web.config @statuscode
[10/06/2025, 09:24:17] warn: Localization 2070 was not found for web.config @timeout
[10/06/2025, 09:24:17] warn: Localization 2070 was not found for web.config @type
[10/06/2025, 09:24:17] warn: Localization 2070 was not found for web.config @username[@identity]
[10/06/2025, 09:24:17] warn: Localization 2070 was not found for web.config @users
[10/06/2025, 09:24:17] warn: Localization 2070 was not found for web.config @useunsafeheaderparsing
[10/06/2025, 09:24:17] warn: Localization 2070 was not found for web.config @validaterequest
[10/06/2025, 09:24:17] warn: Localization 2070 was not found for web.config @validation
[10/06/2025, 09:24:17] warn: Localization 2070 was not found for web.config @validationkey
[10/06/2025, 09:24:17] warn: Localization 2070 was not found for web.config @value
[10/06/2025, 09:24:17] warn: Localization 2070 was not found for web.config @value[@accesscontrolalloworiginheader]
[10/06/2025, 09:24:17] warn: Localization 2070 was not found for web.config @value[@aspnetcore_environment]
[10/06/2025, 09:24:17] warn: Localization 2070 was not found for web.config @value[uselegacyencryption]
[10/06/2025, 09:24:17] warn: Localization 2070 was not found for web.config @value[x-frame-options]
[10/06/2025, 09:24:17] warn: Localization 2070 was not found for web.config @viewstateencryptionmode
[10/06/2025, 09:24:17] warn: Localization 2070 was not found for web.config ciphervalue[@sessionstate]
[10/06/2025, 09:24:17] warn: Localization 2070 was not found for web.config remove/@name[documentation]
[10/06/2025, 09:24:17] warn: Localization 2070 was not found for web.config remove/@name[x-powered-by]
[10/06/2025, 09:24:17] warn: Localization 2070 was not found for web.xml error-code
[10/06/2025, 09:24:17] warn: Localization 2070 was not found for web.xml http-method
[10/06/2025, 09:24:17] warn: Localization 2070 was not found for web.xml http-only
[10/06/2025, 09:24:17] warn: Localization 2070 was not found for web.xml param-value
[10/06/2025, 09:24:17] warn: Localization 2070 was not found for web.xml secure
[10/06/2025, 09:24:17] warn: Localization 2070 was not found for web.xml session-timeout
[10/06/2025, 09:24:17] warn: Localization 2070 was not found for web.xml tracking-mode
[10/06/2025, 09:24:17] warn: Localization 2070 was not found for web.xml transport-guarantee
[10/06/2025, 09:24:17] info: Clean up logs files was started
[10/06/2025, 09:24:17] info: Clean up logs files was finished
