[13/05/2025, 08:21:07] info: Logging was started to file.
[13/05/2025, 08:21:07] info: Start application inspector initialization
[13/05/2025, 08:21:07] info: Hide developer mode UI
[13/05/2025, 08:21:07] info: Infrastructure Configurations: {"port":8000,"infrastructureAssemblyFolderPath":"C:\\Users\\papel\\AppData\\Local\\Application Inspector Analyzer","applicationResourcesFolderPath":"C:\\Users\\papel\\AppData\\Local\\Application Inspector Analyzer","scanTargetFolderPath":"c:\\Users\\papel\\Desktop\\portifolio_papelaria","isDebugging":false,"logLevel":{"i2_1":"Error","j2_1":5,"type":5,"key":"Settings.LogLevel.Error.Text"},"logDir":"c:\\Users\\papel\\Desktop\\portifolio_papelaria\\.ai\\Logs\\Infrastructure\\2025-05-13-08-21-07","tipsFoundNotificationThreshold":15,"similarIssuesFoundNotificationThreshold":15,"applicationLocalDataFolderPath":"c:\\Users\\papel\\Desktop\\portifolio_papelaria\\.ai"}
[13/05/2025, 08:21:07] info: Start infrastructure initialization
[13/05/2025, 08:21:09] info: Infrastructure was started
[13/05/2025, 08:21:12] info: Initialize aie integration isn't initialized
[13/05/2025, 08:21:12] info: Infrastructure was initialized
[13/05/2025, 08:21:12] info: Infrastructure Installer was deleted
[13/05/2025, 08:21:13] warn: Localization 2070 was not found for apache mod_negotiation resource location disclosure
[13/05/2025, 08:21:13] warn: Localization 2070 was not found for arbitrary directory copying
[13/05/2025, 08:21:13] warn: Localization 2070 was not found for arbitrary directory creation
[13/05/2025, 08:21:13] warn: Localization 2070 was not found for arbitrary directory deletion
[13/05/2025, 08:21:13] warn: Localization 2070 was not found for arbitrary directory listing
[13/05/2025, 08:21:13] warn: Localization 2070 was not found for arbitrary directory moving
[13/05/2025, 08:21:13] warn: Localization 2070 was not found for arbitrary file copying
[13/05/2025, 08:21:13] warn: Localization 2070 was not found for arbitrary file creation
[13/05/2025, 08:21:13] warn: Localization 2070 was not found for arbitrary file deletion
[13/05/2025, 08:21:13] warn: Localization 2070 was not found for arbitrary file modification
[13/05/2025, 08:21:13] warn: Localization 2070 was not found for arbitrary file moving
[13/05/2025, 08:21:13] warn: Localization 2070 was not found for arbitrary file reading
[13/05/2025, 08:21:13] warn: Localization 2070 was not found for cookie injection
[13/05/2025, 08:21:13] warn: Localization 2070 was not found for credentials brute-force
[13/05/2025, 08:21:13] warn: Localization 2070 was not found for cross-site request forgery
[13/05/2025, 08:21:13] warn: Localization 2070 was not found for cross-site scripting
[13/05/2025, 08:21:13] warn: Localization 2070 was not found for cursor injection
[13/05/2025, 08:21:13] warn: Localization 2070 was not found for cursor sqli
[13/05/2025, 08:21:13] warn: Localization 2070 was not found for default
[13/05/2025, 08:21:13] warn: Localization 2070 was not found for denial of service
[13/05/2025, 08:21:13] warn: Localization 2070 was not found for deserialization of untrusted data
[13/05/2025, 08:21:13] warn: Localization 2070 was not found for df
[13/05/2025, 08:21:13] warn: Localization 2070 was not found for djangoorminjection
[13/05/2025, 08:21:13] warn: Localization 2070 was not found for dll injection
[13/05/2025, 08:21:13] warn: Localization 2070 was not found for double free
[13/05/2025, 08:21:13] warn: Localization 2070 was not found for dynamic code injection
[13/05/2025, 08:21:13] warn: Localization 2070 was not found for dynamic query injection
[13/05/2025, 08:21:13] warn: Localization 2070 was not found for external control of configuration
[13/05/2025, 08:21:13] warn: Localization 2070 was not found for fingerprinting
[13/05/2025, 08:21:13] warn: Localization 2070 was not found for format string
[13/05/2025, 08:21:13] warn: Localization 2070 was not found for hardcoded password
[13/05/2025, 08:21:13] warn: Localization 2070 was not found for heap overflow
[13/05/2025, 08:21:13] warn: Localization 2070 was not found for http header injection
[13/05/2025, 08:21:13] warn: Localization 2070 was not found for http request splitting
[13/05/2025, 08:21:13] warn: Localization 2070 was not found for http response splitting
[13/05/2025, 08:21:13] warn: Localization 2070 was not found for improper access control taint
[13/05/2025, 08:21:13] warn: Localization 2070 was not found for improper resource shutdown or release
[13/05/2025, 08:21:13] warn: Localization 2070 was not found for information exposure
[13/05/2025, 08:21:13] warn: Localization 2070 was not found for injection
[13/05/2025, 08:21:13] warn: Localization 2070 was not found for insecure direct object references
[13/05/2025, 08:21:13] warn: Localization 2070 was not found for insufficient session expiration
[13/05/2025, 08:21:13] warn: Localization 2070 was not found for integer overflow
[13/05/2025, 08:21:13] warn: Localization 2070 was not found for ldap injection
[13/05/2025, 08:21:13] warn: Localization 2070 was not found for like injection
[13/05/2025, 08:21:13] warn: Localization 2070 was not found for linq injection
[13/05/2025, 08:21:13] warn: Localization 2070 was not found for local file inclusion
[13/05/2025, 08:21:13] warn: Localization 2070 was not found for log forging
[13/05/2025, 08:21:13] warn: Localization 2070 was not found for nosql injection
[13/05/2025, 08:21:13] warn: Localization 2070 was not found for null dereference
[13/05/2025, 08:21:13] warn: Localization 2070 was not found for object injection
[13/05/2025, 08:21:13] warn: Localization 2070 was not found for open redirect
[13/05/2025, 08:21:13] warn: Localization 2070 was not found for orm injection
[13/05/2025, 08:21:13] warn: Localization 2070 was not found for os commanding
[13/05/2025, 08:21:13] warn: Localization 2070 was not found for padding oracle attack
[13/05/2025, 08:21:13] warn: Localization 2070 was not found for path traversal
[13/05/2025, 08:21:13] warn: Localization 2070 was not found for persistent cookie exposing
[13/05/2025, 08:21:13] warn: Localization 2070 was not found for potential path traversal
[13/05/2025, 08:21:13] warn: Localization 2070 was not found for process control
[13/05/2025, 08:21:13] warn: Localization 2070 was not found for redos
[13/05/2025, 08:21:13] warn: Localization 2070 was not found for remote code execution
[13/05/2025, 08:21:13] warn: Localization 2070 was not found for remote file inclusion
[13/05/2025, 08:21:13] warn: Localization 2070 was not found for resource exhaustion
[13/05/2025, 08:21:13] warn: Localization 2070 was not found for resource location brute-force
[13/05/2025, 08:21:13] warn: Localization 2070 was not found for server-side request forgery
[13/05/2025, 08:21:13] warn: Localization 2070 was not found for server-side template injection
[13/05/2025, 08:21:13] warn: Localization 2070 was not found for serverfingerprinting
[13/05/2025, 08:21:13] warn: Localization 2070 was not found for session management weakness
[13/05/2025, 08:21:13] warn: Localization 2070 was not found for shellshock
[13/05/2025, 08:21:13] warn: Localization 2070 was not found for smtp header injection
[13/05/2025, 08:21:13] warn: Localization 2070 was not found for sql injection
[13/05/2025, 08:21:13] warn: Localization 2070 was not found for sqli
[13/05/2025, 08:21:13] warn: Localization 2070 was not found for stack overflow
[13/05/2025, 08:21:13] warn: Localization 2070 was not found for uaf
[13/05/2025, 08:21:13] warn: Localization 2070 was not found for uncontrolled data manipulation
[13/05/2025, 08:21:13] warn: Localization 2070 was not found for uncontrolled env var modification
[13/05/2025, 08:21:13] warn: Localization 2070 was not found for unrestricted file upload
[13/05/2025, 08:21:13] warn: Localization 2070 was not found for use after free
[13/05/2025, 08:21:13] warn: Localization 2070 was not found for webview xss taint
[13/05/2025, 08:21:13] warn: Localization 2070 was not found for xml entity expansion
[13/05/2025, 08:21:13] warn: Localization 2070 was not found for xml external entity
[13/05/2025, 08:21:13] warn: Localization 2070 was not found for xpath injection
[13/05/2025, 08:21:13] warn: Localization 2070 was not found for xquery injection
[13/05/2025, 08:21:13] warn: Localization 2070 was not found for 100
[13/05/2025, 08:21:13] warn: Localization 2070 was not found for 101
[13/05/2025, 08:21:13] warn: Localization 2070 was not found for 102
[13/05/2025, 08:21:13] warn: Localization 2070 was not found for 103
[13/05/2025, 08:21:13] warn: Localization 2070 was not found for 104
[13/05/2025, 08:21:13] warn: Localization 2070 was not found for 105
[13/05/2025, 08:21:13] warn: Localization 2070 was not found for 107
[13/05/2025, 08:21:13] warn: Localization 2070 was not found for 108
[13/05/2025, 08:21:13] warn: Localization 2070 was not found for 109
[13/05/2025, 08:21:13] warn: Localization 2070 was not found for 111
[13/05/2025, 08:21:13] warn: Localization 2070 was not found for 113
[13/05/2025, 08:21:13] warn: Localization 2070 was not found for 114
[13/05/2025, 08:21:13] warn: Localization 2070 was not found for 116
[13/05/2025, 08:21:13] warn: Localization 2070 was not found for 117
[13/05/2025, 08:21:13] warn: Localization 2070 was not found for 118
[13/05/2025, 08:21:13] warn: Localization 2070 was not found for 120
[13/05/2025, 08:21:13] warn: Localization 2070 was not found for 122
[13/05/2025, 08:21:13] warn: Localization 2070 was not found for 123
[13/05/2025, 08:21:13] warn: Localization 2070 was not found for 124
[13/05/2025, 08:21:13] warn: Localization 2070 was not found for 125
[13/05/2025, 08:21:13] warn: Localization 2070 was not found for 127
[13/05/2025, 08:21:13] warn: Localization 2070 was not found for 128
[13/05/2025, 08:21:13] warn: Localization 2070 was not found for 129
[13/05/2025, 08:21:13] warn: Localization 2070 was not found for 130
[13/05/2025, 08:21:13] warn: Localization 2070 was not found for 135
[13/05/2025, 08:21:13] warn: Localization 2070 was not found for 138
[13/05/2025, 08:21:13] warn: Localization 2070 was not found for 139
[13/05/2025, 08:21:13] warn: Localization 2070 was not found for 140
[13/05/2025, 08:21:13] warn: Localization 2070 was not found for 141
[13/05/2025, 08:21:13] warn: Localization 2070 was not found for 142
[13/05/2025, 08:21:13] warn: Localization 2070 was not found for 144
[13/05/2025, 08:21:13] warn: Localization 2070 was not found for 145
[13/05/2025, 08:21:13] warn: Localization 2070 was not found for 146
[13/05/2025, 08:21:13] warn: Localization 2070 was not found for 147
[13/05/2025, 08:21:13] warn: Localization 2070 was not found for 148
[13/05/2025, 08:21:13] warn: Localization 2070 was not found for 149
[13/05/2025, 08:21:13] warn: Localization 2070 was not found for 150
[13/05/2025, 08:21:13] warn: Localization 2070 was not found for 151
[13/05/2025, 08:21:13] warn: Localization 2070 was not found for 152
[13/05/2025, 08:21:13] warn: Localization 2070 was not found for 153
[13/05/2025, 08:21:13] warn: Localization 2070 was not found for 154
[13/05/2025, 08:21:13] warn: Localization 2070 was not found for 156
[13/05/2025, 08:21:13] warn: Localization 2070 was not found for 157
[13/05/2025, 08:21:13] warn: Localization 2070 was not found for 158
[13/05/2025, 08:21:13] warn: Localization 2070 was not found for 159
[13/05/2025, 08:21:13] warn: Localization 2070 was not found for 160
[13/05/2025, 08:21:13] warn: Localization 2070 was not found for 161
[13/05/2025, 08:21:13] warn: Localization 2070 was not found for 162
[13/05/2025, 08:21:13] warn: Localization 2070 was not found for 163
[13/05/2025, 08:21:13] warn: Localization 2070 was not found for 164
[13/05/2025, 08:21:13] warn: Localization 2070 was not found for 165
[13/05/2025, 08:21:13] warn: Localization 2070 was not found for 200
[13/05/2025, 08:21:13] warn: Localization 2070 was not found for 24544
[13/05/2025, 08:21:13] warn: Localization 2070 was not found for 24545
[13/05/2025, 08:21:13] warn: Localization 2070 was not found for 24546
[13/05/2025, 08:21:13] warn: Localization 2070 was not found for 24547
[13/05/2025, 08:21:13] warn: Localization 2070 was not found for 24548
[13/05/2025, 08:21:13] warn: Localization 2070 was not found for 24549
[13/05/2025, 08:21:13] warn: Localization 2070 was not found for 24550
[13/05/2025, 08:21:13] warn: Localization 2070 was not found for 24551
[13/05/2025, 08:21:13] warn: Localization 2070 was not found for 24552
[13/05/2025, 08:21:13] warn: Localization 2070 was not found for 24553
[13/05/2025, 08:21:13] warn: Localization 2070 was not found for 24554
[13/05/2025, 08:21:13] warn: Localization 2070 was not found for 24555
[13/05/2025, 08:21:13] warn: Localization 2070 was not found for 24556
[13/05/2025, 08:21:13] warn: Localization 2070 was not found for 24557
[13/05/2025, 08:21:13] warn: Localization 2070 was not found for 24558
[13/05/2025, 08:21:13] warn: Localization 2070 was not found for 24559
[13/05/2025, 08:21:13] warn: Localization 2070 was not found for 24560
[13/05/2025, 08:21:13] warn: Localization 2070 was not found for 24561
[13/05/2025, 08:21:13] warn: Localization 2070 was not found for 24562
[13/05/2025, 08:21:13] warn: Localization 2070 was not found for 24563
[13/05/2025, 08:21:13] warn: Localization 2070 was not found for 24564
[13/05/2025, 08:21:13] warn: Localization 2070 was not found for 24565
[13/05/2025, 08:21:13] warn: Localization 2070 was not found for 24566
[13/05/2025, 08:21:13] warn: Localization 2070 was not found for 24567
[13/05/2025, 08:21:13] warn: Localization 2070 was not found for 24568
[13/05/2025, 08:21:13] warn: Localization 2070 was not found for 305
[13/05/2025, 08:21:13] warn: Localization 2070 was not found for 96
[13/05/2025, 08:21:13] warn: Localization 2070 was not found for 97
[13/05/2025, 08:21:13] warn: Localization 2070 was not found for 98
[13/05/2025, 08:21:13] warn: Localization 2070 was not found for 99
[13/05/2025, 08:21:13] warn: Localization 2070 was not found for attributes code inside addeventlistener
[13/05/2025, 08:21:13] warn: Localization 2070 was not found for attributes code inside attachevent
[13/05/2025, 08:21:13] warn: Localization 2070 was not found for attributes code inside createattribute
[13/05/2025, 08:21:13] warn: Localization 2070 was not found for attributes code inside element event
[13/05/2025, 08:21:13] warn: Localization 2070 was not found for attributes code inside setattribute
[13/05/2025, 08:21:13] warn: Localization 2070 was not found for attributes code inside setattributens
[13/05/2025, 08:21:13] warn: Localization 2070 was not found for buffer overflow
[13/05/2025, 08:21:13] warn: Localization 2070 was not found for buffer overflow in python
[13/05/2025, 08:21:13] warn: Localization 2070 was not found for buffer overflow pm
[13/05/2025, 08:21:13] warn: Localization 2070 was not found for class defines clone but not implement cloneable
[13/05/2025, 08:21:13] warn: Localization 2070 was not found for csrf protection disabled
[13/05/2025, 08:21:13] warn: Localization 2070 was not found for cursor snarfing plsql
[13/05/2025, 08:21:13] warn: Localization 2070 was not found for cursor snarfing tsql
[13/05/2025, 08:21:13] warn: Localization 2070 was not found for dangerous function plsql
[13/05/2025, 08:21:13] warn: Localization 2070 was not found for dangerous function tsql
[13/05/2025, 08:21:13] warn: Localization 2070 was not found for debug information leakage
[13/05/2025, 08:21:13] warn: Localization 2070 was not found for debug mode python
[13/05/2025, 08:21:13] warn: Localization 2070 was not found for deprecated functions objc
[13/05/2025, 08:21:13] warn: Localization 2070 was not found for deserialization of untrusted data pm
[13/05/2025, 08:21:13] warn: Localization 2070 was not found for deserialization of untrusted data pm python
[13/05/2025, 08:21:13] warn: Localization 2070 was not found for detection of error condition without action
[13/05/2025, 08:21:13] warn: Localization 2070 was not found for direct use of threads
[13/05/2025, 08:21:13] warn: Localization 2070 was not found for directorytraversalcreatereadstream
[13/05/2025, 08:21:13] warn: Localization 2070 was not found for directorytraversalreadfile
[13/05/2025, 08:21:13] warn: Localization 2070 was not found for disabling ssl certificate checks
[13/05/2025, 08:21:13] warn: Localization 2070 was not found for disabling ssl certificate checks c
[13/05/2025, 08:21:13] warn: Localization 2070 was not found for disabling ssl-tls certificate checks go
[13/05/2025, 08:21:13] warn: Localization 2070 was not found for divide by zero
[13/05/2025, 08:21:13] warn: Localization 2070 was not found for dom modification contextual fragment
[13/05/2025, 08:21:13] warn: Localization 2070 was not found for dom modification html tag
[13/05/2025, 08:21:13] warn: Localization 2070 was not found for dom modification selected position
[13/05/2025, 08:21:13] warn: Localization 2070 was not found for dom modification string inside document
[13/05/2025, 08:21:13] warn: Localization 2070 was not found for download of code without integrity check
[13/05/2025, 08:21:13] warn: Localization 2070 was not found for embedded malicious code
[13/05/2025, 08:21:13] warn: Localization 2070 was not found for empty default exception handler
[13/05/2025, 08:21:13] warn: Localization 2070 was not found for erroneous null comparison
[13/05/2025, 08:21:13] warn: Localization 2070 was not found for exposure of data element to wrong session
[13/05/2025, 08:21:13] warn: Localization 2070 was not found for exposure of system data to an unauthorized control sphere
[13/05/2025, 08:21:13] warn: Localization 2070 was not found for external control of file name or path
[13/05/2025, 08:21:13] warn: Localization 2070 was not found for file snarfing plsql
[13/05/2025, 08:21:13] warn: Localization 2070 was not found for format string pm
[13/05/2025, 08:21:13] warn: Localization 2070 was not found for forwarding via location
[13/05/2025, 08:21:13] warn: Localization 2070 was not found for forwarding via location function
[13/05/2025, 08:21:13] warn: Localization 2070 was not found for forwarding via opening new tab
[13/05/2025, 08:21:13] warn: Localization 2070 was not found for ftpusage
[13/05/2025, 08:21:13] warn: Localization 2070 was not found for go weak cryptographic hash
[13/05/2025, 08:21:13] warn: Localization 2070 was not found for hardcoded initialization vector
[13/05/2025, 08:21:13] warn: Localization 2070 was not found for hardcoded key
[13/05/2025, 08:21:13] warn: Localization 2070 was not found for hardcoded password kotlin
[13/05/2025, 08:21:13] warn: Localization 2070 was not found for hardcoded password pm
[13/05/2025, 08:21:13] warn: Localization 2070 was not found for hardcoded pbkdf password
[13/05/2025, 08:21:13] warn: Localization 2070 was not found for headerinjection
[13/05/2025, 08:21:13] warn: Localization 2070 was not found for improper access control
[13/05/2025, 08:21:13] warn: Localization 2070 was not found for improper access control c
[13/05/2025, 08:21:13] warn: Localization 2070 was not found for improper certificate validation
[13/05/2025, 08:21:13] warn: Localization 2070 was not found for improper check for unusual or exceptional conditions
[13/05/2025, 08:21:13] warn: Localization 2070 was not found for improperly implemented security check for standard
[13/05/2025, 08:21:13] warn: Localization 2070 was not found for include interface ssl
[13/05/2025, 08:21:13] warn: Localization 2070 was not found for incorrect permission assignment for critical resource
[13/05/2025, 08:21:13] warn: Localization 2070 was not found for incorrect permission assignment for critical resource 1
[13/05/2025, 08:21:13] warn: Localization 2070 was not found for incorrect permission assignment for critical resource go
[13/05/2025, 08:21:13] warn: Localization 2070 was not found for incorrect permission assignment for critical resource java
[13/05/2025, 08:21:13] warn: Localization 2070 was not found for incorrect unix api using
[13/05/2025, 08:21:13] warn: Localization 2070 was not found for incorrect usage of seeds in pseudo-random number generator
[13/05/2025, 08:21:13] warn: Localization 2070 was not found for incorrectpermissionassignmentphp
[13/05/2025, 08:21:13] warn: Localization 2070 was not found for information exposure pm
[13/05/2025, 08:21:13] warn: Localization 2070 was not found for information exposure through an error message
[13/05/2025, 08:21:13] warn: Localization 2070 was not found for information exposure through comments
[13/05/2025, 08:21:13] warn: Localization 2070 was not found for information exposure through persistent cookies
[13/05/2025, 08:21:13] warn: Localization 2070 was not found for information exposure through persistent cookies 1
[13/05/2025, 08:21:13] warn: Localization 2070 was not found for information exposure through static content
[13/05/2025, 08:21:13] warn: Localization 2070 was not found for informationexposureviaexception
[13/05/2025, 08:21:13] warn: Localization 2070 was not found for insecure cipher key export
[13/05/2025, 08:21:13] warn: Localization 2070 was not found for insecure connection protocol
[13/05/2025, 08:21:13] warn: Localization 2070 was not found for insecure cookie 1
[13/05/2025, 08:21:13] warn: Localization 2070 was not found for insecure cookie 2
[13/05/2025, 08:21:13] warn: Localization 2070 was not found for insecure cookie scope
[13/05/2025, 08:21:13] warn: Localization 2070 was not found for insecure data storage
[13/05/2025, 08:21:13] warn: Localization 2070 was not found for insecure data storage objc simple
[13/05/2025, 08:21:13] warn: Localization 2070 was not found for insecure network binding
[13/05/2025, 08:21:13] warn: Localization 2070 was not found for insecure randomness ojbc
[13/05/2025, 08:21:13] warn: Localization 2070 was not found for insecure randomness plsql
[13/05/2025, 08:21:13] warn: Localization 2070 was not found for insecure randomness tsql
[13/05/2025, 08:21:13] warn: Localization 2070 was not found for insecure rsa padding
[13/05/2025, 08:21:13] warn: Localization 2070 was not found for insecure rsa padding 1
[13/05/2025, 08:21:13] warn: Localization 2070 was not found for insecure ssl connection
[13/05/2025, 08:21:13] warn: Localization 2070 was not found for insecure ssl connection 1
[13/05/2025, 08:21:13] warn: Localization 2070 was not found for insecure ssl protocol
[13/05/2025, 08:21:13] warn: Localization 2070 was not found for insecure transport java
[13/05/2025, 08:21:13] warn: Localization 2070 was not found for insecure usage of jinja templates
[13/05/2025, 08:21:13] warn: Localization 2070 was not found for insecure usage of mako templates
[13/05/2025, 08:21:13] warn: Localization 2070 was not found for insecure validation functions
[13/05/2025, 08:21:13] warn: Localization 2070 was not found for insecure validation functions 1
[13/05/2025, 08:21:13] warn: Localization 2070 was not found for insecure work with temporary files
[13/05/2025, 08:21:13] warn: Localization 2070 was not found for insecureevalpython
[13/05/2025, 08:21:13] warn: Localization 2070 was not found for insufficient cors policy
[13/05/2025, 08:21:13] warn: Localization 2070 was not found for insufficient encryption key length
[13/05/2025, 08:21:13] warn: Localization 2070 was not found for insufficient encryption key length 1
[13/05/2025, 08:21:13] warn: Localization 2070 was not found for insufficient key size go
[13/05/2025, 08:21:13] warn: Localization 2070 was not found for insufficient logging&monitoring
[13/05/2025, 08:21:13] warn: Localization 2070 was not found for insufficient session expiration pm
[13/05/2025, 08:21:13] warn: Localization 2070 was not found for insufficientencryptionkeylength
[13/05/2025, 08:21:13] warn: Localization 2070 was not found for integer overflow pm
[13/05/2025, 08:21:13] warn: Localization 2070 was not found for jquery function that adds element
[13/05/2025, 08:21:13] warn: Localization 2070 was not found for jquery function that replaces element
[13/05/2025, 08:21:13] warn: Localization 2070 was not found for jquery html inside dom
[13/05/2025, 08:21:13] warn: Localization 2070 was not found for jquery unsafe functions for dom
[13/05/2025, 08:21:13] warn: Localization 2070 was not found for jquery wrap element to html
[13/05/2025, 08:21:13] warn: Localization 2070 was not found for json-test
[13/05/2025, 08:21:13] warn: Localization 2070 was not found for lack of the host key verification go
[13/05/2025, 08:21:13] warn: Localization 2070 was not found for least privilege violation
[13/05/2025, 08:21:13] warn: Localization 2070 was not found for leftover debug code
[13/05/2025, 08:21:13] warn: Localization 2070 was not found for marksafepython
[13/05/2025, 08:21:13] warn: Localization 2070 was not found for memory leak
[13/05/2025, 08:21:13] warn: Localization 2070 was not found for method without super clone
[13/05/2025, 08:21:13] warn: Localization 2070 was not found for method without super finalize
[13/05/2025, 08:21:13] warn: Localization 2070 was not found for missing auth localized reason
[13/05/2025, 08:21:13] warn: Localization 2070 was not found for missing encryption of sensitive data
[13/05/2025, 08:21:13] warn: Localization 2070 was not found for none
[13/05/2025, 08:21:13] warn: Localization 2070 was not found for notlsreject
[13/05/2025, 08:21:13] warn: Localization 2070 was not found for nslog using
[13/05/2025, 08:21:13] warn: Localization 2070 was not found for null dereference pattern
[13/05/2025, 08:21:13] warn: Localization 2070 was not found for null pbkdf password
[13/05/2025, 08:21:13] warn: Localization 2070 was not found for obsolete function
[13/05/2025, 08:21:13] warn: Localization 2070 was not found for openredirect
[13/05/2025, 08:21:13] warn: Localization 2070 was not found for overly broad grant
[13/05/2025, 08:21:13] warn: Localization 2070 was not found for override equals method without hashcode
[13/05/2025, 08:21:13] warn: Localization 2070 was not found for pattern matching
[13/05/2025, 08:21:13] warn: Localization 2070 was not found for php pm sensitive cookie in https session without ‘secure’ attribute
[13/05/2025, 08:21:13] warn: Localization 2070 was not found for plaintext storage of a password
[13/05/2025, 08:21:13] warn: Localization 2070 was not found for plaintext storage of a password 1
[13/05/2025, 08:21:13] warn: Localization 2070 was not found for play 1 html xss
[13/05/2025, 08:21:13] warn: Localization 2070 was not found for play 2 html xss
[13/05/2025, 08:21:13] warn: Localization 2070 was not found for poor logging practice logger
[13/05/2025, 08:21:13] warn: Localization 2070 was not found for poor logging practice system
[13/05/2025, 08:21:13] warn: Localization 2070 was not found for possible rce through sql injection
[13/05/2025, 08:21:13] warn: Localization 2070 was not found for private array typed field returned from a public method
[13/05/2025, 08:21:13] warn: Localization 2070 was not found for public data assigned to private array typed field
[13/05/2025, 08:21:13] warn: Localization 2070 was not found for python weak cryptographic hash
[13/05/2025, 08:21:13] warn: Localization 2070 was not found for python2input
[13/05/2025, 08:21:13] warn: Localization 2070 was not found for pythonassertion
[13/05/2025, 08:21:13] warn: Localization 2070 was not found for reflectedcrosssitescripting
[13/05/2025, 08:21:13] warn: Localization 2070 was not found for reliance on dns lookups in a security decision
[13/05/2025, 08:21:13] warn: Localization 2070 was not found for return of stack variable address
[13/05/2025, 08:21:13] warn: Localization 2070 was not found for reversible one way hash
[13/05/2025, 08:21:13] warn: Localization 2070 was not found for sensitive cookie in https session without ‘secure’ attribute
[13/05/2025, 08:21:13] warn: Localization 2070 was not found for sensitive cookie in https session without httponly attribute
[13/05/2025, 08:21:13] warn: Localization 2070 was not found for sensitive cookie in https session without secure attribute
[13/05/2025, 08:21:13] warn: Localization 2070 was not found for serversideinjectioneval
[13/05/2025, 08:21:13] warn: Localization 2070 was not found for serversideinjectionfunction
[13/05/2025, 08:21:13] warn: Localization 2070 was not found for serversideinjectionsetinterval
[13/05/2025, 08:21:13] warn: Localization 2070 was not found for serversideinjectionsettimeout
[13/05/2025, 08:21:13] warn: Localization 2070 was not found for serversideinjectionyaml
[13/05/2025, 08:21:13] warn: Localization 2070 was not found for ssl configuration flaws
[13/05/2025, 08:21:13] warn: Localization 2070 was not found for static random number generator
[13/05/2025, 08:21:13] warn: Localization 2070 was not found for time of check time of use race condition
[13/05/2025, 08:21:13] warn: Localization 2070 was not found for trust boundary violation
[13/05/2025, 08:21:13] warn: Localization 2070 was not found for type confusion
[13/05/2025, 08:21:13] warn: Localization 2070 was not found for uncontrolled memory allocation
[13/05/2025, 08:21:13] warn: Localization 2070 was not found for uncontrolled recursion
[13/05/2025, 08:21:13] warn: Localization 2070 was not found for unreachable code
[13/05/2025, 08:21:13] warn: Localization 2070 was not found for unsafe cross-origin resource sharing
[13/05/2025, 08:21:13] warn: Localization 2070 was not found for unsafe reflection
[13/05/2025, 08:21:13] warn: Localization 2070 was not found for unsalted one way hash
[13/05/2025, 08:21:13] warn: Localization 2070 was not found for unsalted one way hash 1
[13/05/2025, 08:21:13] warn: Localization 2070 was not found for unsaltedonewayhash
[13/05/2025, 08:21:13] warn: Localization 2070 was not found for unused var
[13/05/2025, 08:21:13] warn: Localization 2070 was not found for urllibusagepython
[13/05/2025, 08:21:13] warn: Localization 2070 was not found for use broken crypto
[13/05/2025, 08:21:13] warn: Localization 2070 was not found for use of a broken or risky cryptographic algorithm
[13/05/2025, 08:21:13] warn: Localization 2070 was not found for use of a broken or risky cryptographic algorithm 1
[13/05/2025, 08:21:13] warn: Localization 2070 was not found for use of a broken or risky cryptographic algorithm 2
[13/05/2025, 08:21:13] warn: Localization 2070 was not found for use of a broken or risky cryptographic algorithm 3
[13/05/2025, 08:21:13] warn: Localization 2070 was not found for use of a broken or risky cryptographic algorithm 4
[13/05/2025, 08:21:13] warn: Localization 2070 was not found for use of a broken or risky cryptographic algorithm 5
[13/05/2025, 08:21:13] warn: Localization 2070 was not found for use of a broken or risky cryptographic algorithm 6
[13/05/2025, 08:21:13] warn: Localization 2070 was not found for use of a broken or risky cryptographic algorithm go
[13/05/2025, 08:21:13] warn: Localization 2070 was not found for use of function with inconsistent implementations
[13/05/2025, 08:21:13] warn: Localization 2070 was not found for use of hardcoded cryptographic key
[13/05/2025, 08:21:13] warn: Localization 2070 was not found for use of insufficiently random values
[13/05/2025, 08:21:13] warn: Localization 2070 was not found for use of insufficiently random values 1
[13/05/2025, 08:21:13] warn: Localization 2070 was not found for use of insufficiently random values 2
[13/05/2025, 08:21:13] warn: Localization 2070 was not found for use of nullpointerexception catch
[13/05/2025, 08:21:13] warn: Localization 2070 was not found for use of obsolete function 1
[13/05/2025, 08:21:13] warn: Localization 2070 was not found for use of system exit
[13/05/2025, 08:21:13] warn: Localization 2070 was not found for use of uninitialized variable
[13/05/2025, 08:21:13] warn: Localization 2070 was not found for user driven insecure hash algorithm
[13/05/2025, 08:21:13] warn: Localization 2070 was not found for user driven insecure hash algorithm 1
[13/05/2025, 08:21:13] warn: Localization 2070 was not found for vulnerable template module
[13/05/2025, 08:21:13] warn: Localization 2070 was not found for weak crypto api objc
[13/05/2025, 08:21:13] warn: Localization 2070 was not found for weak crypto hash api objc
[13/05/2025, 08:21:13] warn: Localization 2070 was not found for weak crypto iv objc
[13/05/2025, 08:21:13] warn: Localization 2070 was not found for weak crypto key objc
[13/05/2025, 08:21:13] warn: Localization 2070 was not found for weak cryptographic algorithm 1
[13/05/2025, 08:21:13] warn: Localization 2070 was not found for weak cryptographic hash
[13/05/2025, 08:21:13] warn: Localization 2070 was not found for weak cryptographic hash plsql
[13/05/2025, 08:21:13] warn: Localization 2070 was not found for weak cryptographic hash tsql
[13/05/2025, 08:21:13] warn: Localization 2070 was not found for weak hmac key objc
[13/05/2025, 08:21:13] warn: Localization 2070 was not found for weak password requirements
[13/05/2025, 08:21:13] warn: Localization 2070 was not found for weak pbkdf salt
[13/05/2025, 08:21:13] warn: Localization 2070 was not found for weak rsa objc
[13/05/2025, 08:21:13] warn: Localization 2070 was not found for weakhashcrypto
[13/05/2025, 08:21:13] warn: Localization 2070 was not found for weakhashcryptojs
[13/05/2025, 08:21:13] warn: Localization 2070 was not found for webforms validaterequest
[13/05/2025, 08:21:13] warn: Localization 2070 was not found for webview xss
[13/05/2025, 08:21:13] warn: Localization 2070 was not found for xml external entity pm
[13/05/2025, 08:21:13] warn: Localization 2070 was not found for xss protection disabled
[13/05/2025, 08:21:13] warn: Localization 2070 was not found for yaml load
[13/05/2025, 08:21:13] warn: Localization 2070 was not found for .htaccess addhandler
[13/05/2025, 08:21:13] warn: Localization 2070 was not found for .htaccess addtype
[13/05/2025, 08:21:13] warn: Localization 2070 was not found for .htaccess options
[13/05/2025, 08:21:13] warn: Localization 2070 was not found for .htaccess php_value
[13/05/2025, 08:21:13] warn: Localization 2070 was not found for .htaccess serversignature
[13/05/2025, 08:21:13] warn: Localization 2070 was not found for android_manifest.xml @android:allowbackup
[13/05/2025, 08:21:13] warn: Localization 2070 was not found for android_manifest.xml @android:debuggable
[13/05/2025, 08:21:13] warn: Localization 2070 was not found for android_manifest.xml @android:exported
[13/05/2025, 08:21:13] warn: Localization 2070 was not found for android_manifest.xml @android:exported[provider]
[13/05/2025, 08:21:13] warn: Localization 2070 was not found for android_manifest.xml @android:protectionlevel
[13/05/2025, 08:21:13] warn: Localization 2070 was not found for android_manifest.xml @android:scheme
[13/05/2025, 08:21:13] warn: Localization 2070 was not found for android_networksecurityconfig.xml @src
[13/05/2025, 08:21:13] warn: Localization 2070 was not found for apache.conf addhandler
[13/05/2025, 08:21:13] warn: Localization 2070 was not found for apache.conf addtype
[13/05/2025, 08:21:13] warn: Localization 2070 was not found for apache.conf loadmodule
[13/05/2025, 08:21:13] warn: Localization 2070 was not found for apache.conf options
[13/05/2025, 08:21:13] warn: Localization 2070 was not found for apache.conf php_value
[13/05/2025, 08:21:13] warn: Localization 2070 was not found for apache.conf serversignature
[13/05/2025, 08:21:13] warn: Localization 2070 was not found for apache.conf servertokens
[13/05/2025, 08:21:13] warn: Localization 2070 was not found for apache.conf traceenable
[13/05/2025, 08:21:13] warn: Localization 2070 was not found for applicationhost.config @accesspolicy
[13/05/2025, 08:21:13] warn: Localization 2070 was not found for applicationhost.config @notlistedisapisallowed
[13/05/2025, 08:21:13] warn: Localization 2070 was not found for applicationhost.config @username
[13/05/2025, 08:21:13] warn: Localization 2070 was not found for conf arbitrary file upload file_uploads
[13/05/2025, 08:21:13] warn: Localization 2070 was not found for conf cross site scripting vulnerability http-only
[13/05/2025, 08:21:13] warn: Localization 2070 was not found for conf cross site scripting vulnerability httponlycookies
[13/05/2025, 08:21:13] warn: Localization 2070 was not found for conf cross site scripting vulnerability register_globals
[13/05/2025, 08:21:13] warn: Localization 2070 was not found for conf cross site scripting vulnerability session.cookie_httponly
[13/05/2025, 08:21:13] warn: Localization 2070 was not found for conf cross site scripting vulnerability traceenable
[13/05/2025, 08:21:13] warn: Localization 2070 was not found for conf cross site scripting vulnerability validaterequest
[13/05/2025, 08:21:13] warn: Localization 2070 was not found for conf denial of service loadmodule security2_module
[13/05/2025, 08:21:13] warn: Localization 2070 was not found for conf denial of service max_execution_time
[13/05/2025, 08:21:13] warn: Localization 2070 was not found for conf denial of service max_input_nesting_level
[13/05/2025, 08:21:13] warn: Localization 2070 was not found for conf denial of service max_input_time
[13/05/2025, 08:21:13] warn: Localization 2070 was not found for conf denial of service memory_limit
[13/05/2025, 08:21:13] warn: Localization 2070 was not found for conf denial of service post_max_size
[13/05/2025, 08:21:13] warn: Localization 2070 was not found for conf denial of service upload_max_filesize
[13/05/2025, 08:21:13] warn: Localization 2070 was not found for conf directory indexing autoindex
[13/05/2025, 08:21:13] warn: Localization 2070 was not found for conf directory indexing loadmodule autoindex_module
[13/05/2025, 08:21:13] warn: Localization 2070 was not found for conf directory indexing options
[13/05/2025, 08:21:13] warn: Localization 2070 was not found for conf directory indexing ssi
[13/05/2025, 08:21:13] warn: Localization 2070 was not found for conf information leakage curl.cainfo
[13/05/2025, 08:21:13] warn: Localization 2070 was not found for conf information leakage debug
[13/05/2025, 08:21:13] warn: Localization 2070 was not found for conf information leakage display_errors
[13/05/2025, 08:21:13] warn: Localization 2070 was not found for conf information leakage display_startup_errors
[13/05/2025, 08:21:13] warn: Localization 2070 was not found for conf information leakage error-code
[13/05/2025, 08:21:13] warn: Localization 2070 was not found for conf information leakage errordocument
[13/05/2025, 08:21:13] warn: Localization 2070 was not found for conf information leakage expose_php
[13/05/2025, 08:21:13] warn: Localization 2070 was not found for conf information leakage loadmodule include_module
[13/05/2025, 08:21:13] warn: Localization 2070 was not found for conf information leakage loadmodule info_module
[13/05/2025, 08:21:13] warn: Localization 2070 was not found for conf information leakage loadmodule negotiation_module
[13/05/2025, 08:21:13] warn: Localization 2070 was not found for conf information leakage mode
[13/05/2025, 08:21:13] warn: Localization 2070 was not found for conf information leakage param-name
[13/05/2025, 08:21:13] warn: Localization 2070 was not found for conf information leakage param-name-xsrf
[13/05/2025, 08:21:13] warn: Localization 2070 was not found for conf information leakage request_order
[13/05/2025, 08:21:13] warn: Localization 2070 was not found for conf information leakage server_tokens
[13/05/2025, 08:21:13] warn: Localization 2070 was not found for conf information leakage serversignature
[13/05/2025, 08:21:13] warn: Localization 2070 was not found for conf information leakage servertokens
[13/05/2025, 08:21:13] warn: Localization 2070 was not found for conf information leakage statuscode
[13/05/2025, 08:21:13] warn: Localization 2070 was not found for conf information leakage value
[13/05/2025, 08:21:13] warn: Localization 2070 was not found for conf insufficient authentication enableviewstatemac
[13/05/2025, 08:21:13] warn: Localization 2070 was not found for conf insufficient session expiration session-timeout
[13/05/2025, 08:21:13] warn: Localization 2070 was not found for conf insufficient transport layer protection requiressl
[13/05/2025, 08:21:13] warn: Localization 2070 was not found for conf insufficient transport layer protection secure
[13/05/2025, 08:21:13] warn: Localization 2070 was not found for conf insufficient transport layer protection transport-guarantee
[13/05/2025, 08:21:13] warn: Localization 2070 was not found for conf obsolete option safe_mode
[13/05/2025, 08:21:13] warn: Localization 2070 was not found for conf obsolete option safe_mode_exec_dir
[13/05/2025, 08:21:13] warn: Localization 2070 was not found for conf obsolete option safe_mode_gid
[13/05/2025, 08:21:13] warn: Localization 2070 was not found for conf obsolete option safe_mode_include_dir
[13/05/2025, 08:21:13] warn: Localization 2070 was not found for conf path traversal vulnerability open_basedir
[13/05/2025, 08:21:13] warn: Localization 2070 was not found for conf remote code execution addhandler
[13/05/2025, 08:21:13] warn: Localization 2070 was not found for conf remote code execution addtype
[13/05/2025, 08:21:13] warn: Localization 2070 was not found for conf remote code execution assert.active
[13/05/2025, 08:21:13] warn: Localization 2070 was not found for conf remote code execution auto_append_file
[13/05/2025, 08:21:13] warn: Localization 2070 was not found for conf remote code execution auto_prepend_file
[13/05/2025, 08:21:13] warn: Localization 2070 was not found for conf remote code execution enable_dl
[13/05/2025, 08:21:13] warn: Localization 2070 was not found for conf remote code execution php_value
[13/05/2025, 08:21:13] warn: Localization 2070 was not found for conf remote command execution disable_functions
[13/05/2025, 08:21:13] warn: Localization 2070 was not found for conf remote command execution http-method
[13/05/2025, 08:21:13] warn: Localization 2070 was not found for conf remote command execution loadmodule cgi_module
[13/05/2025, 08:21:13] warn: Localization 2070 was not found for conf remote file inclusion allow_url_fopen
[13/05/2025, 08:21:13] warn: Localization 2070 was not found for conf remote file inclusion allow_url_include
[13/05/2025, 08:21:13] warn: Localization 2070 was not found for conf remote file inclusion cgi.fix_pathinfo
[13/05/2025, 08:21:13] warn: Localization 2070 was not found for conf response splitting enableheaderchecking
[13/05/2025, 08:21:13] warn: Localization 2070 was not found for conf response splitting useunsafeheaderparsing
[13/05/2025, 08:21:13] warn: Localization 2070 was not found for conf session hijacking log_errors
[13/05/2025, 08:21:13] warn: Localization 2070 was not found for conf session hijacking session.cookie_lifetime
[13/05/2025, 08:21:13] warn: Localization 2070 was not found for conf session hijacking session.cookie_secure
[13/05/2025, 08:21:13] warn: Localization 2070 was not found for conf session hijacking session.referer_check
[13/05/2025, 08:21:13] warn: Localization 2070 was not found for conf session hijacking session.save_path
[13/05/2025, 08:21:13] warn: Localization 2070 was not found for conf session hijacking session.use_cookies
[13/05/2025, 08:21:13] warn: Localization 2070 was not found for conf session hijacking session.use_only_cookies
[13/05/2025, 08:21:13] warn: Localization 2070 was not found for conf session hijacking session.use_strict_mode
[13/05/2025, 08:21:13] warn: Localization 2070 was not found for conf session hijacking ssl
[13/05/2025, 08:21:13] warn: Localization 2070 was not found for conf session hijacking ssl_certificate
[13/05/2025, 08:21:13] warn: Localization 2070 was not found for conf session hijacking ssl_certificate_key
[13/05/2025, 08:21:13] warn: Localization 2070 was not found for conf session hijacking ssl_ciphers
[13/05/2025, 08:21:13] warn: Localization 2070 was not found for conf session hijacking ssl_dhparam
[13/05/2025, 08:21:13] warn: Localization 2070 was not found for conf session hijacking ssl_prefer_server_ciphers
[13/05/2025, 08:21:13] warn: Localization 2070 was not found for conf session hijacking ssl_protocols
[13/05/2025, 08:21:13] warn: Localization 2070 was not found for conf session hijacking ssl_session_cache
[13/05/2025, 08:21:13] warn: Localization 2070 was not found for conf session hijacking ssl_session_timeout
[13/05/2025, 08:21:13] warn: Localization 2070 was not found for conf session hijacking ssl_stapling
[13/05/2025, 08:21:13] warn: Localization 2070 was not found for conf session hijacking tracking-mode
[13/05/2025, 08:21:13] warn: Localization 2070 was not found for conf sql injection magic_quotes_gpc
[13/05/2025, 08:21:13] warn: Localization 2070 was not found for conf sql injection magic_quotes_runtime
[13/05/2025, 08:21:13] warn: Localization 2070 was not found for conf sql injection magic_quotes_sybase
[13/05/2025, 08:21:13] warn: Localization 2070 was not found for domain.xml @audit-enabled
[13/05/2025, 08:21:13] warn: Localization 2070 was not found for domain.xml @port
[13/05/2025, 08:21:13] warn: Localization 2070 was not found for domain.xml @value
[13/05/2025, 08:21:13] warn: Localization 2070 was not found for domain.xml @xpowered-by
[13/05/2025, 08:21:13] warn: Localization 2070 was not found for domain.xml jvm-options
[13/05/2025, 08:21:13] warn: Localization 2070 was not found for ios_info.plist cfbundleurltypes
[13/05/2025, 08:21:13] warn: Localization 2070 was not found for ios_info.plist nsexceptionallowsinsecurehttploads
[13/05/2025, 08:21:13] warn: Localization 2070 was not found for ios_info.plist nsexceptionminimumtlsversion
[13/05/2025, 08:21:13] warn: Localization 2070 was not found for ios_info.plist nstemporarythirdpartyexceptionallowsinsecurehttploads
[13/05/2025, 08:21:13] warn: Localization 2070 was not found for ios_info.plist nstemporarythirdpartyexceptionminimumtlsversion
[13/05/2025, 08:21:13] warn: Localization 2070 was not found for lighttpd.conf cgi.assign
[13/05/2025, 08:21:13] warn: Localization 2070 was not found for lighttpd.conf server.dir-listing
[13/05/2025, 08:21:13] warn: Localization 2070 was not found for lighttpd.conf setenv.add-response-header
[13/05/2025, 08:21:13] warn: Localization 2070 was not found for lighttpd.conf status.config-url
[13/05/2025, 08:21:13] warn: Localization 2070 was not found for lighttpd.conf status.status-url
[13/05/2025, 08:21:13] warn: Localization 2070 was not found for lighttpd.conf webdav.is-readonly
[13/05/2025, 08:21:13] warn: Localization 2070 was not found for machine.config @debug
[13/05/2025, 08:21:13] warn: Localization 2070 was not found for machine.config @decryption
[13/05/2025, 08:21:13] warn: Localization 2070 was not found for machine.config @decryptionkey
[13/05/2025, 08:21:13] warn: Localization 2070 was not found for machine.config @passwordformat
[13/05/2025, 08:21:13] warn: Localization 2070 was not found for machine.config @retail
[13/05/2025, 08:21:13] warn: Localization 2070 was not found for machine.config @username[@processmodel]
[13/05/2025, 08:21:13] warn: Localization 2070 was not found for machine.config @validation
[13/05/2025, 08:21:13] warn: Localization 2070 was not found for machine.config @validationkey
[13/05/2025, 08:21:13] warn: Localization 2070 was not found for nginx.conf add_header
[13/05/2025, 08:21:13] warn: Localization 2070 was not found for nginx.conf add_header[inheritance]
[13/05/2025, 08:21:13] warn: Localization 2070 was not found for nginx.conf alias[traversal]
[13/05/2025, 08:21:13] warn: Localization 2070 was not found for nginx.conf autoindex
[13/05/2025, 08:21:13] warn: Localization 2070 was not found for nginx.conf error_log
[13/05/2025, 08:21:13] warn: Localization 2070 was not found for nginx.conf error_page
[13/05/2025, 08:21:13] warn: Localization 2070 was not found for nginx.conf more_set_headers
[13/05/2025, 08:21:13] warn: Localization 2070 was not found for nginx.conf proxy_set_header
[13/05/2025, 08:21:13] warn: Localization 2070 was not found for nginx.conf server_tokens
[13/05/2025, 08:21:13] warn: Localization 2070 was not found for nginx.conf ssi
[13/05/2025, 08:21:13] warn: Localization 2070 was not found for nginx.conf ssl
[13/05/2025, 08:21:13] warn: Localization 2070 was not found for nginx.conf ssl_certificate
[13/05/2025, 08:21:13] warn: Localization 2070 was not found for nginx.conf ssl_certificate_key
[13/05/2025, 08:21:13] warn: Localization 2070 was not found for nginx.conf ssl_ciphers
[13/05/2025, 08:21:13] warn: Localization 2070 was not found for nginx.conf ssl_dhparam
[13/05/2025, 08:21:13] warn: Localization 2070 was not found for nginx.conf ssl_prefer_server_ciphers
[13/05/2025, 08:21:13] warn: Localization 2070 was not found for nginx.conf ssl_protocols
[13/05/2025, 08:21:13] warn: Localization 2070 was not found for nginx.conf ssl_session_cache
[13/05/2025, 08:21:13] warn: Localization 2070 was not found for nginx.conf ssl_session_timeout
[13/05/2025, 08:21:13] warn: Localization 2070 was not found for nginx.conf ssl_stapling
[13/05/2025, 08:21:13] warn: Localization 2070 was not found for nginx.conf valid_referers
[13/05/2025, 08:21:13] warn: Localization 2070 was not found for php.ini allow_url_fopen
[13/05/2025, 08:21:13] warn: Localization 2070 was not found for php.ini allow_url_include
[13/05/2025, 08:21:13] warn: Localization 2070 was not found for php.ini assert.active
[13/05/2025, 08:21:13] warn: Localization 2070 was not found for php.ini auto_append_file
[13/05/2025, 08:21:13] warn: Localization 2070 was not found for php.ini auto_prepend_file
[13/05/2025, 08:21:13] warn: Localization 2070 was not found for php.ini cgi.fix_pathinfo
[13/05/2025, 08:21:13] warn: Localization 2070 was not found for php.ini cgi.force_redirect
[13/05/2025, 08:21:13] warn: Localization 2070 was not found for php.ini disable_functions
[13/05/2025, 08:21:13] warn: Localization 2070 was not found for php.ini display_errors
[13/05/2025, 08:21:13] warn: Localization 2070 was not found for php.ini display_startup_errors
[13/05/2025, 08:21:13] warn: Localization 2070 was not found for php.ini enable_dl
[13/05/2025, 08:21:13] warn: Localization 2070 was not found for php.ini expose_php
[13/05/2025, 08:21:13] warn: Localization 2070 was not found for php.ini log_errors
[13/05/2025, 08:21:13] warn: Localization 2070 was not found for php.ini magic_quotes_gpc
[13/05/2025, 08:21:13] warn: Localization 2070 was not found for php.ini magic_quotes_runtime
[13/05/2025, 08:21:13] warn: Localization 2070 was not found for php.ini magic_quotes_sybase
[13/05/2025, 08:21:13] warn: Localization 2070 was not found for php.ini max_execution_time
[13/05/2025, 08:21:13] warn: Localization 2070 was not found for php.ini max_input_nesting_level
[13/05/2025, 08:21:13] warn: Localization 2070 was not found for php.ini max_input_time
[13/05/2025, 08:21:13] warn: Localization 2070 was not found for php.ini memory_limit
[13/05/2025, 08:21:13] warn: Localization 2070 was not found for php.ini open_basedir
[13/05/2025, 08:21:13] warn: Localization 2070 was not found for php.ini post_max_size
[13/05/2025, 08:21:13] warn: Localization 2070 was not found for php.ini register_globals
[13/05/2025, 08:21:13] warn: Localization 2070 was not found for php.ini request_order
[13/05/2025, 08:21:13] warn: Localization 2070 was not found for php.ini safe_mode
[13/05/2025, 08:21:13] warn: Localization 2070 was not found for php.ini session.cookie_httponly
[13/05/2025, 08:21:13] warn: Localization 2070 was not found for php.ini session.cookie_lifetime
[13/05/2025, 08:21:13] warn: Localization 2070 was not found for php.ini session.cookie_secure
[13/05/2025, 08:21:13] warn: Localization 2070 was not found for php.ini session.save_path
[13/05/2025, 08:21:13] warn: Localization 2070 was not found for php.ini session.use_cookies
[13/05/2025, 08:21:13] warn: Localization 2070 was not found for php.ini session.use_only_cookies
[13/05/2025, 08:21:13] warn: Localization 2070 was not found for php.ini session.use_strict_mode
[13/05/2025, 08:21:13] warn: Localization 2070 was not found for php.ini session.use_trans_sid
[13/05/2025, 08:21:13] warn: Localization 2070 was not found for php.ini upload_max_filesize
[13/05/2025, 08:21:13] warn: Localization 2070 was not found for potential vulnerability
[13/05/2025, 08:21:13] warn: Localization 2070 was not found for server.xml_tomcat @allowtrace
[13/05/2025, 08:21:13] warn: Localization 2070 was not found for server.xml_tomcat @autodeploy
[13/05/2025, 08:21:13] warn: Localization 2070 was not found for server.xml_tomcat @clientauth
[13/05/2025, 08:21:13] warn: Localization 2070 was not found for server.xml_tomcat @connectiontimeout
[13/05/2025, 08:21:13] warn: Localization 2070 was not found for server.xml_tomcat @deployonstartup
[13/05/2025, 08:21:13] warn: Localization 2070 was not found for server.xml_tomcat @maxhttpheadersize
[13/05/2025, 08:21:13] warn: Localization 2070 was not found for server.xml_tomcat @secure
[13/05/2025, 08:21:13] warn: Localization 2070 was not found for server.xml_tomcat @shutdown
[13/05/2025, 08:21:13] warn: Localization 2070 was not found for server.xml_tomcat @xpoweredby
[13/05/2025, 08:21:13] warn: Localization 2070 was not found for server.xml_websphere @allowlogoutpageredirecttoanyhost
[13/05/2025, 08:21:13] warn: Localization 2070 was not found for server.xml_websphere @displayauthenticationrealm
[13/05/2025, 08:21:13] warn: Localization 2070 was not found for server.xml_websphere @preservefullyqualifiedreferrerurl
[13/05/2025, 08:21:13] warn: Localization 2070 was not found for standalone.xml @default-user
[13/05/2025, 08:21:13] warn: Localization 2070 was not found for standalone.xml @display-source-fragment
[13/05/2025, 08:21:13] warn: Localization 2070 was not found for standalone.xml @scan-interval
[13/05/2025, 08:21:13] warn: Localization 2070 was not found for standalone.xml @value
[13/05/2025, 08:21:13] warn: Localization 2070 was not found for standalone.xml @x-powered-by
[13/05/2025, 08:21:13] warn: Localization 2070 was not found for web.config @allowoverride
[13/05/2025, 08:21:13] warn: Localization 2070 was not found for web.config @cacherolesincookie
[13/05/2025, 08:21:13] warn: Localization 2070 was not found for web.config @certificatevalidationmode
[13/05/2025, 08:21:13] warn: Localization 2070 was not found for web.config @connectionprotection
[13/05/2025, 08:21:13] warn: Localization 2070 was not found for web.config @cookieless
[13/05/2025, 08:21:13] warn: Localization 2070 was not found for web.config @cookieprotection
[13/05/2025, 08:21:13] warn: Localization 2070 was not found for web.config @cookierequiressl
[13/05/2025, 08:21:13] warn: Localization 2070 was not found for web.config @cookieslidingexpiration
[13/05/2025, 08:21:13] warn: Localization 2070 was not found for web.config @cookietimeout
[13/05/2025, 08:21:13] warn: Localization 2070 was not found for web.config @createpersistentcookie
[13/05/2025, 08:21:13] warn: Localization 2070 was not found for web.config @debug
[13/05/2025, 08:21:13] warn: Localization 2070 was not found for web.config @decryptionkey
[13/05/2025, 08:21:13] warn: Localization 2070 was not found for web.config @enablecrossappredirects
[13/05/2025, 08:21:13] warn: Localization 2070 was not found for web.config @enabled
[13/05/2025, 08:21:13] warn: Localization 2070 was not found for web.config @enabled[directorybrowse]
[13/05/2025, 08:21:13] warn: Localization 2070 was not found for web.config @enableeventvalidation
[13/05/2025, 08:21:13] warn: Localization 2070 was not found for web.config @enableheaderchecking
[13/05/2025, 08:21:13] warn: Localization 2070 was not found for web.config @enableversionheader
[13/05/2025, 08:21:13] warn: Localization 2070 was not found for web.config @enableviewstatemac
[13/05/2025, 08:21:13] warn: Localization 2070 was not found for web.config @httponlycookies
[13/05/2025, 08:21:13] warn: Localization 2070 was not found for web.config @level
[13/05/2025, 08:21:13] warn: Localization 2070 was not found for web.config @maxeventdetaillength
[13/05/2025, 08:21:13] warn: Localization 2070 was not found for web.config @maxeventlengthforsimplemessage
[13/05/2025, 08:21:13] warn: Localization 2070 was not found for web.config @maxrequestlength
[13/05/2025, 08:21:13] warn: Localization 2070 was not found for web.config @maxsizeforsimplemessage
[13/05/2025, 08:21:13] warn: Localization 2070 was not found for web.config @minrequirednonalphanumericcharacters
[13/05/2025, 08:21:13] warn: Localization 2070 was not found for web.config @minrequiredpasswordlength
[13/05/2025, 08:21:13] warn: Localization 2070 was not found for web.config @mode
[13/05/2025, 08:21:13] warn: Localization 2070 was not found for web.config @name[@credentials]
[13/05/2025, 08:21:13] warn: Localization 2070 was not found for web.config @passwordformat
[13/05/2025, 08:21:13] warn: Localization 2070 was not found for web.config @protection
[13/05/2025, 08:21:13] warn: Localization 2070 was not found for web.config @requestvalidationmode
[13/05/2025, 08:21:13] warn: Localization 2070 was not found for web.config @requiressl
[13/05/2025, 08:21:13] warn: Localization 2070 was not found for web.config @requiressl[@authentication]
[13/05/2025, 08:21:13] warn: Localization 2070 was not found for web.config @slidingexpiration
[13/05/2025, 08:21:13] warn: Localization 2070 was not found for web.config @statuscode
[13/05/2025, 08:21:13] warn: Localization 2070 was not found for web.config @timeout
[13/05/2025, 08:21:13] warn: Localization 2070 was not found for web.config @type
[13/05/2025, 08:21:13] warn: Localization 2070 was not found for web.config @username[@identity]
[13/05/2025, 08:21:13] warn: Localization 2070 was not found for web.config @users
[13/05/2025, 08:21:13] warn: Localization 2070 was not found for web.config @useunsafeheaderparsing
[13/05/2025, 08:21:13] warn: Localization 2070 was not found for web.config @validaterequest
[13/05/2025, 08:21:13] warn: Localization 2070 was not found for web.config @validation
[13/05/2025, 08:21:13] warn: Localization 2070 was not found for web.config @validationkey
[13/05/2025, 08:21:13] warn: Localization 2070 was not found for web.config @value
[13/05/2025, 08:21:13] warn: Localization 2070 was not found for web.config @value[@accesscontrolalloworiginheader]
[13/05/2025, 08:21:13] warn: Localization 2070 was not found for web.config @value[@aspnetcore_environment]
[13/05/2025, 08:21:13] warn: Localization 2070 was not found for web.config @value[uselegacyencryption]
[13/05/2025, 08:21:13] warn: Localization 2070 was not found for web.config @value[x-frame-options]
[13/05/2025, 08:21:13] warn: Localization 2070 was not found for web.config @viewstateencryptionmode
[13/05/2025, 08:21:13] warn: Localization 2070 was not found for web.config ciphervalue[@sessionstate]
[13/05/2025, 08:21:13] warn: Localization 2070 was not found for web.config remove/@name[documentation]
[13/05/2025, 08:21:13] warn: Localization 2070 was not found for web.config remove/@name[x-powered-by]
[13/05/2025, 08:21:13] warn: Localization 2070 was not found for web.xml error-code
[13/05/2025, 08:21:13] warn: Localization 2070 was not found for web.xml http-method
[13/05/2025, 08:21:13] warn: Localization 2070 was not found for web.xml http-only
[13/05/2025, 08:21:13] warn: Localization 2070 was not found for web.xml param-value
[13/05/2025, 08:21:13] warn: Localization 2070 was not found for web.xml secure
[13/05/2025, 08:21:13] warn: Localization 2070 was not found for web.xml session-timeout
[13/05/2025, 08:21:13] warn: Localization 2070 was not found for web.xml tracking-mode
[13/05/2025, 08:21:13] warn: Localization 2070 was not found for web.xml transport-guarantee
[13/05/2025, 08:21:13] info: Clean up logs files was started
[13/05/2025, 08:21:13] info: Clean up logs files was finished
