[11/06/2025, 15:50:49] info: Logging was started to file.
[11/06/2025, 15:50:49] info: Start application inspector initialization
[11/06/2025, 15:50:49] info: Hide developer mode UI
[11/06/2025, 15:50:49] info: Infrastructure Configurations: {"port":8000,"infrastructureAssemblyFolderPath":"C:\\Users\\papel\\AppData\\Local\\Application Inspector Analyzer","applicationResourcesFolderPath":"C:\\Users\\papel\\AppData\\Local\\Application Inspector Analyzer","scanTargetFolderPath":"c:\\Users\\papel\\Desktop\\portifolio_papelaria","isDebugging":false,"logLevel":{"i2_1":"Error","j2_1":5,"type":5,"key":"Settings.LogLevel.Error.Text"},"logDir":"c:\\Users\\papel\\Desktop\\portifolio_papelaria\\.ai\\Logs\\Infrastructure\\2025-06-11-15-50-49","tipsFoundNotificationThreshold":15,"similarIssuesFoundNotificationThreshold":15,"applicationLocalDataFolderPath":"c:\\Users\\papel\\Desktop\\portifolio_papelaria\\.ai"}
[11/06/2025, 15:50:49] info: Start infrastructure initialization
[11/06/2025, 15:50:51] info: Infrastructure was started
[11/06/2025, 15:50:54] info: Initialize aie integration isn't initialized
[11/06/2025, 15:50:54] info: Infrastructure was initialized
[11/06/2025, 15:50:54] info: Infrastructure Installer was deleted
[11/06/2025, 15:50:54] warn: Localization 2070 was not found for apache mod_negotiation resource location disclosure
[11/06/2025, 15:50:54] warn: Localization 2070 was not found for arbitrary directory copying
[11/06/2025, 15:50:54] warn: Localization 2070 was not found for arbitrary directory creation
[11/06/2025, 15:50:54] warn: Localization 2070 was not found for arbitrary directory deletion
[11/06/2025, 15:50:54] warn: Localization 2070 was not found for arbitrary directory listing
[11/06/2025, 15:50:54] warn: Localization 2070 was not found for arbitrary directory moving
[11/06/2025, 15:50:54] warn: Localization 2070 was not found for arbitrary file copying
[11/06/2025, 15:50:54] warn: Localization 2070 was not found for arbitrary file creation
[11/06/2025, 15:50:54] warn: Localization 2070 was not found for arbitrary file deletion
[11/06/2025, 15:50:54] warn: Localization 2070 was not found for arbitrary file modification
[11/06/2025, 15:50:54] warn: Localization 2070 was not found for arbitrary file moving
[11/06/2025, 15:50:54] warn: Localization 2070 was not found for arbitrary file reading
[11/06/2025, 15:50:54] warn: Localization 2070 was not found for cookie injection
[11/06/2025, 15:50:54] warn: Localization 2070 was not found for credentials brute-force
[11/06/2025, 15:50:54] warn: Localization 2070 was not found for cross-site request forgery
[11/06/2025, 15:50:54] warn: Localization 2070 was not found for cross-site scripting
[11/06/2025, 15:50:54] warn: Localization 2070 was not found for cursor injection
[11/06/2025, 15:50:54] warn: Localization 2070 was not found for cursor sqli
[11/06/2025, 15:50:54] warn: Localization 2070 was not found for default
[11/06/2025, 15:50:54] warn: Localization 2070 was not found for denial of service
[11/06/2025, 15:50:54] warn: Localization 2070 was not found for deserialization of untrusted data
[11/06/2025, 15:50:54] warn: Localization 2070 was not found for df
[11/06/2025, 15:50:54] warn: Localization 2070 was not found for djangoorminjection
[11/06/2025, 15:50:54] warn: Localization 2070 was not found for dll injection
[11/06/2025, 15:50:54] warn: Localization 2070 was not found for double free
[11/06/2025, 15:50:54] warn: Localization 2070 was not found for dynamic code injection
[11/06/2025, 15:50:54] warn: Localization 2070 was not found for dynamic query injection
[11/06/2025, 15:50:54] warn: Localization 2070 was not found for external control of configuration
[11/06/2025, 15:50:54] warn: Localization 2070 was not found for fingerprinting
[11/06/2025, 15:50:54] warn: Localization 2070 was not found for format string
[11/06/2025, 15:50:54] warn: Localization 2070 was not found for hardcoded password
[11/06/2025, 15:50:54] warn: Localization 2070 was not found for heap overflow
[11/06/2025, 15:50:54] warn: Localization 2070 was not found for http header injection
[11/06/2025, 15:50:54] warn: Localization 2070 was not found for http request splitting
[11/06/2025, 15:50:54] warn: Localization 2070 was not found for http response splitting
[11/06/2025, 15:50:54] warn: Localization 2070 was not found for improper access control taint
[11/06/2025, 15:50:54] warn: Localization 2070 was not found for improper resource shutdown or release
[11/06/2025, 15:50:54] warn: Localization 2070 was not found for information exposure
[11/06/2025, 15:50:54] warn: Localization 2070 was not found for injection
[11/06/2025, 15:50:54] warn: Localization 2070 was not found for insecure direct object references
[11/06/2025, 15:50:54] warn: Localization 2070 was not found for insufficient session expiration
[11/06/2025, 15:50:54] warn: Localization 2070 was not found for integer overflow
[11/06/2025, 15:50:54] warn: Localization 2070 was not found for ldap injection
[11/06/2025, 15:50:54] warn: Localization 2070 was not found for like injection
[11/06/2025, 15:50:54] warn: Localization 2070 was not found for linq injection
[11/06/2025, 15:50:54] warn: Localization 2070 was not found for local file inclusion
[11/06/2025, 15:50:54] warn: Localization 2070 was not found for log forging
[11/06/2025, 15:50:54] warn: Localization 2070 was not found for nosql injection
[11/06/2025, 15:50:54] warn: Localization 2070 was not found for null dereference
[11/06/2025, 15:50:54] warn: Localization 2070 was not found for object injection
[11/06/2025, 15:50:54] warn: Localization 2070 was not found for open redirect
[11/06/2025, 15:50:54] warn: Localization 2070 was not found for orm injection
[11/06/2025, 15:50:54] warn: Localization 2070 was not found for os commanding
[11/06/2025, 15:50:54] warn: Localization 2070 was not found for padding oracle attack
[11/06/2025, 15:50:54] warn: Localization 2070 was not found for path traversal
[11/06/2025, 15:50:54] warn: Localization 2070 was not found for persistent cookie exposing
[11/06/2025, 15:50:54] warn: Localization 2070 was not found for potential path traversal
[11/06/2025, 15:50:54] warn: Localization 2070 was not found for process control
[11/06/2025, 15:50:54] warn: Localization 2070 was not found for redos
[11/06/2025, 15:50:54] warn: Localization 2070 was not found for remote code execution
[11/06/2025, 15:50:54] warn: Localization 2070 was not found for remote file inclusion
[11/06/2025, 15:50:54] warn: Localization 2070 was not found for resource exhaustion
[11/06/2025, 15:50:54] warn: Localization 2070 was not found for resource location brute-force
[11/06/2025, 15:50:54] warn: Localization 2070 was not found for server-side request forgery
[11/06/2025, 15:50:54] warn: Localization 2070 was not found for server-side template injection
[11/06/2025, 15:50:54] warn: Localization 2070 was not found for serverfingerprinting
[11/06/2025, 15:50:54] warn: Localization 2070 was not found for session management weakness
[11/06/2025, 15:50:54] warn: Localization 2070 was not found for shellshock
[11/06/2025, 15:50:54] warn: Localization 2070 was not found for smtp header injection
[11/06/2025, 15:50:54] warn: Localization 2070 was not found for sql injection
[11/06/2025, 15:50:54] warn: Localization 2070 was not found for sqli
[11/06/2025, 15:50:54] warn: Localization 2070 was not found for stack overflow
[11/06/2025, 15:50:54] warn: Localization 2070 was not found for uaf
[11/06/2025, 15:50:54] warn: Localization 2070 was not found for uncontrolled data manipulation
[11/06/2025, 15:50:54] warn: Localization 2070 was not found for uncontrolled env var modification
[11/06/2025, 15:50:54] warn: Localization 2070 was not found for unrestricted file upload
[11/06/2025, 15:50:54] warn: Localization 2070 was not found for use after free
[11/06/2025, 15:50:54] warn: Localization 2070 was not found for webview xss taint
[11/06/2025, 15:50:54] warn: Localization 2070 was not found for xml entity expansion
[11/06/2025, 15:50:54] warn: Localization 2070 was not found for xml external entity
[11/06/2025, 15:50:54] warn: Localization 2070 was not found for xpath injection
[11/06/2025, 15:50:54] warn: Localization 2070 was not found for xquery injection
[11/06/2025, 15:50:54] warn: Localization 2070 was not found for 100
[11/06/2025, 15:50:54] warn: Localization 2070 was not found for 101
[11/06/2025, 15:50:54] warn: Localization 2070 was not found for 102
[11/06/2025, 15:50:54] warn: Localization 2070 was not found for 103
[11/06/2025, 15:50:54] warn: Localization 2070 was not found for 104
[11/06/2025, 15:50:54] warn: Localization 2070 was not found for 105
[11/06/2025, 15:50:54] warn: Localization 2070 was not found for 107
[11/06/2025, 15:50:54] warn: Localization 2070 was not found for 108
[11/06/2025, 15:50:54] warn: Localization 2070 was not found for 109
[11/06/2025, 15:50:54] warn: Localization 2070 was not found for 111
[11/06/2025, 15:50:54] warn: Localization 2070 was not found for 113
[11/06/2025, 15:50:54] warn: Localization 2070 was not found for 114
[11/06/2025, 15:50:54] warn: Localization 2070 was not found for 116
[11/06/2025, 15:50:54] warn: Localization 2070 was not found for 117
[11/06/2025, 15:50:54] warn: Localization 2070 was not found for 118
[11/06/2025, 15:50:54] warn: Localization 2070 was not found for 120
[11/06/2025, 15:50:54] warn: Localization 2070 was not found for 122
[11/06/2025, 15:50:54] warn: Localization 2070 was not found for 123
[11/06/2025, 15:50:54] warn: Localization 2070 was not found for 124
[11/06/2025, 15:50:54] warn: Localization 2070 was not found for 125
[11/06/2025, 15:50:54] warn: Localization 2070 was not found for 127
[11/06/2025, 15:50:54] warn: Localization 2070 was not found for 128
[11/06/2025, 15:50:54] warn: Localization 2070 was not found for 129
[11/06/2025, 15:50:54] warn: Localization 2070 was not found for 130
[11/06/2025, 15:50:54] warn: Localization 2070 was not found for 135
[11/06/2025, 15:50:54] warn: Localization 2070 was not found for 138
[11/06/2025, 15:50:54] warn: Localization 2070 was not found for 139
[11/06/2025, 15:50:54] warn: Localization 2070 was not found for 140
[11/06/2025, 15:50:54] warn: Localization 2070 was not found for 141
[11/06/2025, 15:50:54] warn: Localization 2070 was not found for 142
[11/06/2025, 15:50:54] warn: Localization 2070 was not found for 144
[11/06/2025, 15:50:54] warn: Localization 2070 was not found for 145
[11/06/2025, 15:50:54] warn: Localization 2070 was not found for 146
[11/06/2025, 15:50:54] warn: Localization 2070 was not found for 147
[11/06/2025, 15:50:54] warn: Localization 2070 was not found for 148
[11/06/2025, 15:50:54] warn: Localization 2070 was not found for 149
[11/06/2025, 15:50:54] warn: Localization 2070 was not found for 150
[11/06/2025, 15:50:54] warn: Localization 2070 was not found for 151
[11/06/2025, 15:50:54] warn: Localization 2070 was not found for 152
[11/06/2025, 15:50:54] warn: Localization 2070 was not found for 153
[11/06/2025, 15:50:54] warn: Localization 2070 was not found for 154
[11/06/2025, 15:50:54] warn: Localization 2070 was not found for 156
[11/06/2025, 15:50:54] warn: Localization 2070 was not found for 157
[11/06/2025, 15:50:54] warn: Localization 2070 was not found for 158
[11/06/2025, 15:50:54] warn: Localization 2070 was not found for 159
[11/06/2025, 15:50:54] warn: Localization 2070 was not found for 160
[11/06/2025, 15:50:54] warn: Localization 2070 was not found for 161
[11/06/2025, 15:50:54] warn: Localization 2070 was not found for 162
[11/06/2025, 15:50:54] warn: Localization 2070 was not found for 163
[11/06/2025, 15:50:54] warn: Localization 2070 was not found for 164
[11/06/2025, 15:50:54] warn: Localization 2070 was not found for 165
[11/06/2025, 15:50:54] warn: Localization 2070 was not found for 200
[11/06/2025, 15:50:54] warn: Localization 2070 was not found for 24544
[11/06/2025, 15:50:54] warn: Localization 2070 was not found for 24545
[11/06/2025, 15:50:54] warn: Localization 2070 was not found for 24546
[11/06/2025, 15:50:54] warn: Localization 2070 was not found for 24547
[11/06/2025, 15:50:54] warn: Localization 2070 was not found for 24548
[11/06/2025, 15:50:54] warn: Localization 2070 was not found for 24549
[11/06/2025, 15:50:54] warn: Localization 2070 was not found for 24550
[11/06/2025, 15:50:54] warn: Localization 2070 was not found for 24551
[11/06/2025, 15:50:54] warn: Localization 2070 was not found for 24552
[11/06/2025, 15:50:54] warn: Localization 2070 was not found for 24553
[11/06/2025, 15:50:54] warn: Localization 2070 was not found for 24554
[11/06/2025, 15:50:54] warn: Localization 2070 was not found for 24555
[11/06/2025, 15:50:54] warn: Localization 2070 was not found for 24556
[11/06/2025, 15:50:54] warn: Localization 2070 was not found for 24557
[11/06/2025, 15:50:54] warn: Localization 2070 was not found for 24558
[11/06/2025, 15:50:54] warn: Localization 2070 was not found for 24559
[11/06/2025, 15:50:54] warn: Localization 2070 was not found for 24560
[11/06/2025, 15:50:54] warn: Localization 2070 was not found for 24561
[11/06/2025, 15:50:54] warn: Localization 2070 was not found for 24562
[11/06/2025, 15:50:54] warn: Localization 2070 was not found for 24563
[11/06/2025, 15:50:54] warn: Localization 2070 was not found for 24564
[11/06/2025, 15:50:54] warn: Localization 2070 was not found for 24565
[11/06/2025, 15:50:54] warn: Localization 2070 was not found for 24566
[11/06/2025, 15:50:54] warn: Localization 2070 was not found for 24567
[11/06/2025, 15:50:54] warn: Localization 2070 was not found for 24568
[11/06/2025, 15:50:54] warn: Localization 2070 was not found for 305
[11/06/2025, 15:50:54] warn: Localization 2070 was not found for 96
[11/06/2025, 15:50:54] warn: Localization 2070 was not found for 97
[11/06/2025, 15:50:54] warn: Localization 2070 was not found for 98
[11/06/2025, 15:50:54] warn: Localization 2070 was not found for 99
[11/06/2025, 15:50:54] warn: Localization 2070 was not found for attributes code inside addeventlistener
[11/06/2025, 15:50:54] warn: Localization 2070 was not found for attributes code inside attachevent
[11/06/2025, 15:50:54] warn: Localization 2070 was not found for attributes code inside createattribute
[11/06/2025, 15:50:54] warn: Localization 2070 was not found for attributes code inside element event
[11/06/2025, 15:50:54] warn: Localization 2070 was not found for attributes code inside setattribute
[11/06/2025, 15:50:54] warn: Localization 2070 was not found for attributes code inside setattributens
[11/06/2025, 15:50:54] warn: Localization 2070 was not found for buffer overflow
[11/06/2025, 15:50:54] warn: Localization 2070 was not found for buffer overflow in python
[11/06/2025, 15:50:54] warn: Localization 2070 was not found for buffer overflow pm
[11/06/2025, 15:50:54] warn: Localization 2070 was not found for class defines clone but not implement cloneable
[11/06/2025, 15:50:54] warn: Localization 2070 was not found for csrf protection disabled
[11/06/2025, 15:50:54] warn: Localization 2070 was not found for cursor snarfing plsql
[11/06/2025, 15:50:54] warn: Localization 2070 was not found for cursor snarfing tsql
[11/06/2025, 15:50:54] warn: Localization 2070 was not found for dangerous function plsql
[11/06/2025, 15:50:54] warn: Localization 2070 was not found for dangerous function tsql
[11/06/2025, 15:50:54] warn: Localization 2070 was not found for debug information leakage
[11/06/2025, 15:50:54] warn: Localization 2070 was not found for debug mode python
[11/06/2025, 15:50:54] warn: Localization 2070 was not found for deprecated functions objc
[11/06/2025, 15:50:54] warn: Localization 2070 was not found for deserialization of untrusted data pm
[11/06/2025, 15:50:54] warn: Localization 2070 was not found for deserialization of untrusted data pm python
[11/06/2025, 15:50:54] warn: Localization 2070 was not found for detection of error condition without action
[11/06/2025, 15:50:54] warn: Localization 2070 was not found for direct use of threads
[11/06/2025, 15:50:54] warn: Localization 2070 was not found for directorytraversalcreatereadstream
[11/06/2025, 15:50:54] warn: Localization 2070 was not found for directorytraversalreadfile
[11/06/2025, 15:50:54] warn: Localization 2070 was not found for disabling ssl certificate checks
[11/06/2025, 15:50:54] warn: Localization 2070 was not found for disabling ssl certificate checks c
[11/06/2025, 15:50:54] warn: Localization 2070 was not found for disabling ssl-tls certificate checks go
[11/06/2025, 15:50:54] warn: Localization 2070 was not found for divide by zero
[11/06/2025, 15:50:54] warn: Localization 2070 was not found for dom modification contextual fragment
[11/06/2025, 15:50:54] warn: Localization 2070 was not found for dom modification html tag
[11/06/2025, 15:50:54] warn: Localization 2070 was not found for dom modification selected position
[11/06/2025, 15:50:54] warn: Localization 2070 was not found for dom modification string inside document
[11/06/2025, 15:50:54] warn: Localization 2070 was not found for download of code without integrity check
[11/06/2025, 15:50:54] warn: Localization 2070 was not found for embedded malicious code
[11/06/2025, 15:50:54] warn: Localization 2070 was not found for empty default exception handler
[11/06/2025, 15:50:54] warn: Localization 2070 was not found for erroneous null comparison
[11/06/2025, 15:50:54] warn: Localization 2070 was not found for exposure of data element to wrong session
[11/06/2025, 15:50:54] warn: Localization 2070 was not found for exposure of system data to an unauthorized control sphere
[11/06/2025, 15:50:54] warn: Localization 2070 was not found for external control of file name or path
[11/06/2025, 15:50:54] warn: Localization 2070 was not found for file snarfing plsql
[11/06/2025, 15:50:54] warn: Localization 2070 was not found for format string pm
[11/06/2025, 15:50:54] warn: Localization 2070 was not found for forwarding via location
[11/06/2025, 15:50:54] warn: Localization 2070 was not found for forwarding via location function
[11/06/2025, 15:50:54] warn: Localization 2070 was not found for forwarding via opening new tab
[11/06/2025, 15:50:54] warn: Localization 2070 was not found for ftpusage
[11/06/2025, 15:50:54] warn: Localization 2070 was not found for go weak cryptographic hash
[11/06/2025, 15:50:54] warn: Localization 2070 was not found for hardcoded initialization vector
[11/06/2025, 15:50:54] warn: Localization 2070 was not found for hardcoded key
[11/06/2025, 15:50:54] warn: Localization 2070 was not found for hardcoded password kotlin
[11/06/2025, 15:50:54] warn: Localization 2070 was not found for hardcoded password pm
[11/06/2025, 15:50:54] warn: Localization 2070 was not found for hardcoded pbkdf password
[11/06/2025, 15:50:54] warn: Localization 2070 was not found for headerinjection
[11/06/2025, 15:50:54] warn: Localization 2070 was not found for improper access control
[11/06/2025, 15:50:54] warn: Localization 2070 was not found for improper access control c
[11/06/2025, 15:50:54] warn: Localization 2070 was not found for improper certificate validation
[11/06/2025, 15:50:54] warn: Localization 2070 was not found for improper check for unusual or exceptional conditions
[11/06/2025, 15:50:54] warn: Localization 2070 was not found for improperly implemented security check for standard
[11/06/2025, 15:50:54] warn: Localization 2070 was not found for include interface ssl
[11/06/2025, 15:50:54] warn: Localization 2070 was not found for incorrect permission assignment for critical resource
[11/06/2025, 15:50:54] warn: Localization 2070 was not found for incorrect permission assignment for critical resource 1
[11/06/2025, 15:50:54] warn: Localization 2070 was not found for incorrect permission assignment for critical resource go
[11/06/2025, 15:50:54] warn: Localization 2070 was not found for incorrect permission assignment for critical resource java
[11/06/2025, 15:50:54] warn: Localization 2070 was not found for incorrect unix api using
[11/06/2025, 15:50:54] warn: Localization 2070 was not found for incorrect usage of seeds in pseudo-random number generator
[11/06/2025, 15:50:54] warn: Localization 2070 was not found for incorrectpermissionassignmentphp
[11/06/2025, 15:50:54] warn: Localization 2070 was not found for information exposure pm
[11/06/2025, 15:50:54] warn: Localization 2070 was not found for information exposure through an error message
[11/06/2025, 15:50:54] warn: Localization 2070 was not found for information exposure through comments
[11/06/2025, 15:50:54] warn: Localization 2070 was not found for information exposure through persistent cookies
[11/06/2025, 15:50:54] warn: Localization 2070 was not found for information exposure through persistent cookies 1
[11/06/2025, 15:50:54] warn: Localization 2070 was not found for information exposure through static content
[11/06/2025, 15:50:54] warn: Localization 2070 was not found for informationexposureviaexception
[11/06/2025, 15:50:54] warn: Localization 2070 was not found for insecure cipher key export
[11/06/2025, 15:50:54] warn: Localization 2070 was not found for insecure connection protocol
[11/06/2025, 15:50:54] warn: Localization 2070 was not found for insecure cookie 1
[11/06/2025, 15:50:54] warn: Localization 2070 was not found for insecure cookie 2
[11/06/2025, 15:50:54] warn: Localization 2070 was not found for insecure cookie scope
[11/06/2025, 15:50:54] warn: Localization 2070 was not found for insecure data storage
[11/06/2025, 15:50:54] warn: Localization 2070 was not found for insecure data storage objc simple
[11/06/2025, 15:50:54] warn: Localization 2070 was not found for insecure network binding
[11/06/2025, 15:50:54] warn: Localization 2070 was not found for insecure randomness ojbc
[11/06/2025, 15:50:54] warn: Localization 2070 was not found for insecure randomness plsql
[11/06/2025, 15:50:54] warn: Localization 2070 was not found for insecure randomness tsql
[11/06/2025, 15:50:54] warn: Localization 2070 was not found for insecure rsa padding
[11/06/2025, 15:50:54] warn: Localization 2070 was not found for insecure rsa padding 1
[11/06/2025, 15:50:54] warn: Localization 2070 was not found for insecure ssl connection
[11/06/2025, 15:50:54] warn: Localization 2070 was not found for insecure ssl connection 1
[11/06/2025, 15:50:54] warn: Localization 2070 was not found for insecure ssl protocol
[11/06/2025, 15:50:54] warn: Localization 2070 was not found for insecure transport java
[11/06/2025, 15:50:54] warn: Localization 2070 was not found for insecure usage of jinja templates
[11/06/2025, 15:50:54] warn: Localization 2070 was not found for insecure usage of mako templates
[11/06/2025, 15:50:54] warn: Localization 2070 was not found for insecure validation functions
[11/06/2025, 15:50:54] warn: Localization 2070 was not found for insecure validation functions 1
[11/06/2025, 15:50:54] warn: Localization 2070 was not found for insecure work with temporary files
[11/06/2025, 15:50:54] warn: Localization 2070 was not found for insecureevalpython
[11/06/2025, 15:50:54] warn: Localization 2070 was not found for insufficient cors policy
[11/06/2025, 15:50:54] warn: Localization 2070 was not found for insufficient encryption key length
[11/06/2025, 15:50:54] warn: Localization 2070 was not found for insufficient encryption key length 1
[11/06/2025, 15:50:54] warn: Localization 2070 was not found for insufficient key size go
[11/06/2025, 15:50:54] warn: Localization 2070 was not found for insufficient logging&monitoring
[11/06/2025, 15:50:54] warn: Localization 2070 was not found for insufficient session expiration pm
[11/06/2025, 15:50:54] warn: Localization 2070 was not found for insufficientencryptionkeylength
[11/06/2025, 15:50:54] warn: Localization 2070 was not found for integer overflow pm
[11/06/2025, 15:50:54] warn: Localization 2070 was not found for jquery function that adds element
[11/06/2025, 15:50:54] warn: Localization 2070 was not found for jquery function that replaces element
[11/06/2025, 15:50:54] warn: Localization 2070 was not found for jquery html inside dom
[11/06/2025, 15:50:54] warn: Localization 2070 was not found for jquery unsafe functions for dom
[11/06/2025, 15:50:54] warn: Localization 2070 was not found for jquery wrap element to html
[11/06/2025, 15:50:54] warn: Localization 2070 was not found for json-test
[11/06/2025, 15:50:54] warn: Localization 2070 was not found for lack of the host key verification go
[11/06/2025, 15:50:54] warn: Localization 2070 was not found for least privilege violation
[11/06/2025, 15:50:54] warn: Localization 2070 was not found for leftover debug code
[11/06/2025, 15:50:54] warn: Localization 2070 was not found for marksafepython
[11/06/2025, 15:50:54] warn: Localization 2070 was not found for memory leak
[11/06/2025, 15:50:54] warn: Localization 2070 was not found for method without super clone
[11/06/2025, 15:50:54] warn: Localization 2070 was not found for method without super finalize
[11/06/2025, 15:50:54] warn: Localization 2070 was not found for missing auth localized reason
[11/06/2025, 15:50:54] warn: Localization 2070 was not found for missing encryption of sensitive data
[11/06/2025, 15:50:54] warn: Localization 2070 was not found for none
[11/06/2025, 15:50:54] warn: Localization 2070 was not found for notlsreject
[11/06/2025, 15:50:54] warn: Localization 2070 was not found for nslog using
[11/06/2025, 15:50:54] warn: Localization 2070 was not found for null dereference pattern
[11/06/2025, 15:50:54] warn: Localization 2070 was not found for null pbkdf password
[11/06/2025, 15:50:54] warn: Localization 2070 was not found for obsolete function
[11/06/2025, 15:50:54] warn: Localization 2070 was not found for openredirect
[11/06/2025, 15:50:54] warn: Localization 2070 was not found for overly broad grant
[11/06/2025, 15:50:54] warn: Localization 2070 was not found for override equals method without hashcode
[11/06/2025, 15:50:54] warn: Localization 2070 was not found for pattern matching
[11/06/2025, 15:50:54] warn: Localization 2070 was not found for php pm sensitive cookie in https session without ‘secure’ attribute
[11/06/2025, 15:50:54] warn: Localization 2070 was not found for plaintext storage of a password
[11/06/2025, 15:50:54] warn: Localization 2070 was not found for plaintext storage of a password 1
[11/06/2025, 15:50:54] warn: Localization 2070 was not found for play 1 html xss
[11/06/2025, 15:50:54] warn: Localization 2070 was not found for play 2 html xss
[11/06/2025, 15:50:54] warn: Localization 2070 was not found for poor logging practice logger
[11/06/2025, 15:50:54] warn: Localization 2070 was not found for poor logging practice system
[11/06/2025, 15:50:54] warn: Localization 2070 was not found for possible rce through sql injection
[11/06/2025, 15:50:54] warn: Localization 2070 was not found for private array typed field returned from a public method
[11/06/2025, 15:50:54] warn: Localization 2070 was not found for public data assigned to private array typed field
[11/06/2025, 15:50:54] warn: Localization 2070 was not found for python weak cryptographic hash
[11/06/2025, 15:50:54] warn: Localization 2070 was not found for python2input
[11/06/2025, 15:50:54] warn: Localization 2070 was not found for pythonassertion
[11/06/2025, 15:50:54] warn: Localization 2070 was not found for reflectedcrosssitescripting
[11/06/2025, 15:50:54] warn: Localization 2070 was not found for reliance on dns lookups in a security decision
[11/06/2025, 15:50:54] warn: Localization 2070 was not found for return of stack variable address
[11/06/2025, 15:50:55] warn: Localization 2070 was not found for reversible one way hash
[11/06/2025, 15:50:55] warn: Localization 2070 was not found for sensitive cookie in https session without ‘secure’ attribute
[11/06/2025, 15:50:55] warn: Localization 2070 was not found for sensitive cookie in https session without httponly attribute
[11/06/2025, 15:50:55] warn: Localization 2070 was not found for sensitive cookie in https session without secure attribute
[11/06/2025, 15:50:55] warn: Localization 2070 was not found for serversideinjectioneval
[11/06/2025, 15:50:55] warn: Localization 2070 was not found for serversideinjectionfunction
[11/06/2025, 15:50:55] warn: Localization 2070 was not found for serversideinjectionsetinterval
[11/06/2025, 15:50:55] warn: Localization 2070 was not found for serversideinjectionsettimeout
[11/06/2025, 15:50:55] warn: Localization 2070 was not found for serversideinjectionyaml
[11/06/2025, 15:50:55] warn: Localization 2070 was not found for ssl configuration flaws
[11/06/2025, 15:50:55] warn: Localization 2070 was not found for static random number generator
[11/06/2025, 15:50:55] warn: Localization 2070 was not found for time of check time of use race condition
[11/06/2025, 15:50:55] warn: Localization 2070 was not found for trust boundary violation
[11/06/2025, 15:50:55] warn: Localization 2070 was not found for type confusion
[11/06/2025, 15:50:55] warn: Localization 2070 was not found for uncontrolled memory allocation
[11/06/2025, 15:50:55] warn: Localization 2070 was not found for uncontrolled recursion
[11/06/2025, 15:50:55] warn: Localization 2070 was not found for unreachable code
[11/06/2025, 15:50:55] warn: Localization 2070 was not found for unsafe cross-origin resource sharing
[11/06/2025, 15:50:55] warn: Localization 2070 was not found for unsafe reflection
[11/06/2025, 15:50:55] warn: Localization 2070 was not found for unsalted one way hash
[11/06/2025, 15:50:55] warn: Localization 2070 was not found for unsalted one way hash 1
[11/06/2025, 15:50:55] warn: Localization 2070 was not found for unsaltedonewayhash
[11/06/2025, 15:50:55] warn: Localization 2070 was not found for unused var
[11/06/2025, 15:50:55] warn: Localization 2070 was not found for urllibusagepython
[11/06/2025, 15:50:55] warn: Localization 2070 was not found for use broken crypto
[11/06/2025, 15:50:55] warn: Localization 2070 was not found for use of a broken or risky cryptographic algorithm
[11/06/2025, 15:50:55] warn: Localization 2070 was not found for use of a broken or risky cryptographic algorithm 1
[11/06/2025, 15:50:55] warn: Localization 2070 was not found for use of a broken or risky cryptographic algorithm 2
[11/06/2025, 15:50:55] warn: Localization 2070 was not found for use of a broken or risky cryptographic algorithm 3
[11/06/2025, 15:50:55] warn: Localization 2070 was not found for use of a broken or risky cryptographic algorithm 4
[11/06/2025, 15:50:55] warn: Localization 2070 was not found for use of a broken or risky cryptographic algorithm 5
[11/06/2025, 15:50:55] warn: Localization 2070 was not found for use of a broken or risky cryptographic algorithm 6
[11/06/2025, 15:50:55] warn: Localization 2070 was not found for use of a broken or risky cryptographic algorithm go
[11/06/2025, 15:50:55] warn: Localization 2070 was not found for use of function with inconsistent implementations
[11/06/2025, 15:50:55] warn: Localization 2070 was not found for use of hardcoded cryptographic key
[11/06/2025, 15:50:55] warn: Localization 2070 was not found for use of insufficiently random values
[11/06/2025, 15:50:55] warn: Localization 2070 was not found for use of insufficiently random values 1
[11/06/2025, 15:50:55] warn: Localization 2070 was not found for use of insufficiently random values 2
[11/06/2025, 15:50:55] warn: Localization 2070 was not found for use of nullpointerexception catch
[11/06/2025, 15:50:55] warn: Localization 2070 was not found for use of obsolete function 1
[11/06/2025, 15:50:55] warn: Localization 2070 was not found for use of system exit
[11/06/2025, 15:50:55] warn: Localization 2070 was not found for use of uninitialized variable
[11/06/2025, 15:50:55] warn: Localization 2070 was not found for user driven insecure hash algorithm
[11/06/2025, 15:50:55] warn: Localization 2070 was not found for user driven insecure hash algorithm 1
[11/06/2025, 15:50:55] warn: Localization 2070 was not found for vulnerable template module
[11/06/2025, 15:50:55] warn: Localization 2070 was not found for weak crypto api objc
[11/06/2025, 15:50:55] warn: Localization 2070 was not found for weak crypto hash api objc
[11/06/2025, 15:50:55] warn: Localization 2070 was not found for weak crypto iv objc
[11/06/2025, 15:50:55] warn: Localization 2070 was not found for weak crypto key objc
[11/06/2025, 15:50:55] warn: Localization 2070 was not found for weak cryptographic algorithm 1
[11/06/2025, 15:50:55] warn: Localization 2070 was not found for weak cryptographic hash
[11/06/2025, 15:50:55] warn: Localization 2070 was not found for weak cryptographic hash plsql
[11/06/2025, 15:50:55] warn: Localization 2070 was not found for weak cryptographic hash tsql
[11/06/2025, 15:50:55] warn: Localization 2070 was not found for weak hmac key objc
[11/06/2025, 15:50:55] warn: Localization 2070 was not found for weak password requirements
[11/06/2025, 15:50:55] warn: Localization 2070 was not found for weak pbkdf salt
[11/06/2025, 15:50:55] warn: Localization 2070 was not found for weak rsa objc
[11/06/2025, 15:50:55] warn: Localization 2070 was not found for weakhashcrypto
[11/06/2025, 15:50:55] warn: Localization 2070 was not found for weakhashcryptojs
[11/06/2025, 15:50:55] warn: Localization 2070 was not found for webforms validaterequest
[11/06/2025, 15:50:55] warn: Localization 2070 was not found for webview xss
[11/06/2025, 15:50:55] warn: Localization 2070 was not found for xml external entity pm
[11/06/2025, 15:50:55] warn: Localization 2070 was not found for xss protection disabled
[11/06/2025, 15:50:55] warn: Localization 2070 was not found for yaml load
[11/06/2025, 15:50:55] warn: Localization 2070 was not found for .htaccess addhandler
[11/06/2025, 15:50:55] warn: Localization 2070 was not found for .htaccess addtype
[11/06/2025, 15:50:55] warn: Localization 2070 was not found for .htaccess options
[11/06/2025, 15:50:55] warn: Localization 2070 was not found for .htaccess php_value
[11/06/2025, 15:50:55] warn: Localization 2070 was not found for .htaccess serversignature
[11/06/2025, 15:50:55] warn: Localization 2070 was not found for android_manifest.xml @android:allowbackup
[11/06/2025, 15:50:55] warn: Localization 2070 was not found for android_manifest.xml @android:debuggable
[11/06/2025, 15:50:55] warn: Localization 2070 was not found for android_manifest.xml @android:exported
[11/06/2025, 15:50:55] warn: Localization 2070 was not found for android_manifest.xml @android:exported[provider]
[11/06/2025, 15:50:55] warn: Localization 2070 was not found for android_manifest.xml @android:protectionlevel
[11/06/2025, 15:50:55] warn: Localization 2070 was not found for android_manifest.xml @android:scheme
[11/06/2025, 15:50:55] warn: Localization 2070 was not found for android_networksecurityconfig.xml @src
[11/06/2025, 15:50:55] warn: Localization 2070 was not found for apache.conf addhandler
[11/06/2025, 15:50:55] warn: Localization 2070 was not found for apache.conf addtype
[11/06/2025, 15:50:55] warn: Localization 2070 was not found for apache.conf loadmodule
[11/06/2025, 15:50:55] warn: Localization 2070 was not found for apache.conf options
[11/06/2025, 15:50:55] warn: Localization 2070 was not found for apache.conf php_value
[11/06/2025, 15:50:55] warn: Localization 2070 was not found for apache.conf serversignature
[11/06/2025, 15:50:55] warn: Localization 2070 was not found for apache.conf servertokens
[11/06/2025, 15:50:55] warn: Localization 2070 was not found for apache.conf traceenable
[11/06/2025, 15:50:55] warn: Localization 2070 was not found for applicationhost.config @accesspolicy
[11/06/2025, 15:50:55] warn: Localization 2070 was not found for applicationhost.config @notlistedisapisallowed
[11/06/2025, 15:50:55] warn: Localization 2070 was not found for applicationhost.config @username
[11/06/2025, 15:50:55] warn: Localization 2070 was not found for conf arbitrary file upload file_uploads
[11/06/2025, 15:50:55] warn: Localization 2070 was not found for conf cross site scripting vulnerability http-only
[11/06/2025, 15:50:55] warn: Localization 2070 was not found for conf cross site scripting vulnerability httponlycookies
[11/06/2025, 15:50:55] warn: Localization 2070 was not found for conf cross site scripting vulnerability register_globals
[11/06/2025, 15:50:55] warn: Localization 2070 was not found for conf cross site scripting vulnerability session.cookie_httponly
[11/06/2025, 15:50:55] warn: Localization 2070 was not found for conf cross site scripting vulnerability traceenable
[11/06/2025, 15:50:55] warn: Localization 2070 was not found for conf cross site scripting vulnerability validaterequest
[11/06/2025, 15:50:55] warn: Localization 2070 was not found for conf denial of service loadmodule security2_module
[11/06/2025, 15:50:55] warn: Localization 2070 was not found for conf denial of service max_execution_time
[11/06/2025, 15:50:55] warn: Localization 2070 was not found for conf denial of service max_input_nesting_level
[11/06/2025, 15:50:55] warn: Localization 2070 was not found for conf denial of service max_input_time
[11/06/2025, 15:50:55] warn: Localization 2070 was not found for conf denial of service memory_limit
[11/06/2025, 15:50:55] warn: Localization 2070 was not found for conf denial of service post_max_size
[11/06/2025, 15:50:55] warn: Localization 2070 was not found for conf denial of service upload_max_filesize
[11/06/2025, 15:50:55] warn: Localization 2070 was not found for conf directory indexing autoindex
[11/06/2025, 15:50:55] warn: Localization 2070 was not found for conf directory indexing loadmodule autoindex_module
[11/06/2025, 15:50:55] warn: Localization 2070 was not found for conf directory indexing options
[11/06/2025, 15:50:55] warn: Localization 2070 was not found for conf directory indexing ssi
[11/06/2025, 15:50:55] warn: Localization 2070 was not found for conf information leakage curl.cainfo
[11/06/2025, 15:50:55] warn: Localization 2070 was not found for conf information leakage debug
[11/06/2025, 15:50:55] warn: Localization 2070 was not found for conf information leakage display_errors
[11/06/2025, 15:50:55] warn: Localization 2070 was not found for conf information leakage display_startup_errors
[11/06/2025, 15:50:55] warn: Localization 2070 was not found for conf information leakage error-code
[11/06/2025, 15:50:55] warn: Localization 2070 was not found for conf information leakage errordocument
[11/06/2025, 15:50:55] warn: Localization 2070 was not found for conf information leakage expose_php
[11/06/2025, 15:50:55] warn: Localization 2070 was not found for conf information leakage loadmodule include_module
[11/06/2025, 15:50:55] warn: Localization 2070 was not found for conf information leakage loadmodule info_module
[11/06/2025, 15:50:55] warn: Localization 2070 was not found for conf information leakage loadmodule negotiation_module
[11/06/2025, 15:50:55] warn: Localization 2070 was not found for conf information leakage mode
[11/06/2025, 15:50:55] warn: Localization 2070 was not found for conf information leakage param-name
[11/06/2025, 15:50:55] warn: Localization 2070 was not found for conf information leakage param-name-xsrf
[11/06/2025, 15:50:55] warn: Localization 2070 was not found for conf information leakage request_order
[11/06/2025, 15:50:55] warn: Localization 2070 was not found for conf information leakage server_tokens
[11/06/2025, 15:50:55] warn: Localization 2070 was not found for conf information leakage serversignature
[11/06/2025, 15:50:55] warn: Localization 2070 was not found for conf information leakage servertokens
[11/06/2025, 15:50:55] warn: Localization 2070 was not found for conf information leakage statuscode
[11/06/2025, 15:50:55] warn: Localization 2070 was not found for conf information leakage value
[11/06/2025, 15:50:55] warn: Localization 2070 was not found for conf insufficient authentication enableviewstatemac
[11/06/2025, 15:50:55] warn: Localization 2070 was not found for conf insufficient session expiration session-timeout
[11/06/2025, 15:50:55] warn: Localization 2070 was not found for conf insufficient transport layer protection requiressl
[11/06/2025, 15:50:55] warn: Localization 2070 was not found for conf insufficient transport layer protection secure
[11/06/2025, 15:50:55] warn: Localization 2070 was not found for conf insufficient transport layer protection transport-guarantee
[11/06/2025, 15:50:55] warn: Localization 2070 was not found for conf obsolete option safe_mode
[11/06/2025, 15:50:55] warn: Localization 2070 was not found for conf obsolete option safe_mode_exec_dir
[11/06/2025, 15:50:55] warn: Localization 2070 was not found for conf obsolete option safe_mode_gid
[11/06/2025, 15:50:55] warn: Localization 2070 was not found for conf obsolete option safe_mode_include_dir
[11/06/2025, 15:50:55] warn: Localization 2070 was not found for conf path traversal vulnerability open_basedir
[11/06/2025, 15:50:55] warn: Localization 2070 was not found for conf remote code execution addhandler
[11/06/2025, 15:50:55] warn: Localization 2070 was not found for conf remote code execution addtype
[11/06/2025, 15:50:55] warn: Localization 2070 was not found for conf remote code execution assert.active
[11/06/2025, 15:50:55] warn: Localization 2070 was not found for conf remote code execution auto_append_file
[11/06/2025, 15:50:55] warn: Localization 2070 was not found for conf remote code execution auto_prepend_file
[11/06/2025, 15:50:55] warn: Localization 2070 was not found for conf remote code execution enable_dl
[11/06/2025, 15:50:55] warn: Localization 2070 was not found for conf remote code execution php_value
[11/06/2025, 15:50:55] warn: Localization 2070 was not found for conf remote command execution disable_functions
[11/06/2025, 15:50:55] warn: Localization 2070 was not found for conf remote command execution http-method
[11/06/2025, 15:50:55] warn: Localization 2070 was not found for conf remote command execution loadmodule cgi_module
[11/06/2025, 15:50:55] warn: Localization 2070 was not found for conf remote file inclusion allow_url_fopen
[11/06/2025, 15:50:55] warn: Localization 2070 was not found for conf remote file inclusion allow_url_include
[11/06/2025, 15:50:55] warn: Localization 2070 was not found for conf remote file inclusion cgi.fix_pathinfo
[11/06/2025, 15:50:55] warn: Localization 2070 was not found for conf response splitting enableheaderchecking
[11/06/2025, 15:50:55] warn: Localization 2070 was not found for conf response splitting useunsafeheaderparsing
[11/06/2025, 15:50:55] warn: Localization 2070 was not found for conf session hijacking log_errors
[11/06/2025, 15:50:55] warn: Localization 2070 was not found for conf session hijacking session.cookie_lifetime
[11/06/2025, 15:50:55] warn: Localization 2070 was not found for conf session hijacking session.cookie_secure
[11/06/2025, 15:50:55] warn: Localization 2070 was not found for conf session hijacking session.referer_check
[11/06/2025, 15:50:55] warn: Localization 2070 was not found for conf session hijacking session.save_path
[11/06/2025, 15:50:55] warn: Localization 2070 was not found for conf session hijacking session.use_cookies
[11/06/2025, 15:50:55] warn: Localization 2070 was not found for conf session hijacking session.use_only_cookies
[11/06/2025, 15:50:55] warn: Localization 2070 was not found for conf session hijacking session.use_strict_mode
[11/06/2025, 15:50:55] warn: Localization 2070 was not found for conf session hijacking ssl
[11/06/2025, 15:50:55] warn: Localization 2070 was not found for conf session hijacking ssl_certificate
[11/06/2025, 15:50:55] warn: Localization 2070 was not found for conf session hijacking ssl_certificate_key
[11/06/2025, 15:50:55] warn: Localization 2070 was not found for conf session hijacking ssl_ciphers
[11/06/2025, 15:50:55] warn: Localization 2070 was not found for conf session hijacking ssl_dhparam
[11/06/2025, 15:50:55] warn: Localization 2070 was not found for conf session hijacking ssl_prefer_server_ciphers
[11/06/2025, 15:50:55] warn: Localization 2070 was not found for conf session hijacking ssl_protocols
[11/06/2025, 15:50:55] warn: Localization 2070 was not found for conf session hijacking ssl_session_cache
[11/06/2025, 15:50:55] warn: Localization 2070 was not found for conf session hijacking ssl_session_timeout
[11/06/2025, 15:50:55] warn: Localization 2070 was not found for conf session hijacking ssl_stapling
[11/06/2025, 15:50:55] warn: Localization 2070 was not found for conf session hijacking tracking-mode
[11/06/2025, 15:50:55] warn: Localization 2070 was not found for conf sql injection magic_quotes_gpc
[11/06/2025, 15:50:55] warn: Localization 2070 was not found for conf sql injection magic_quotes_runtime
[11/06/2025, 15:50:55] warn: Localization 2070 was not found for conf sql injection magic_quotes_sybase
[11/06/2025, 15:50:55] warn: Localization 2070 was not found for domain.xml @audit-enabled
[11/06/2025, 15:50:55] warn: Localization 2070 was not found for domain.xml @port
[11/06/2025, 15:50:55] warn: Localization 2070 was not found for domain.xml @value
[11/06/2025, 15:50:55] warn: Localization 2070 was not found for domain.xml @xpowered-by
[11/06/2025, 15:50:55] warn: Localization 2070 was not found for domain.xml jvm-options
[11/06/2025, 15:50:55] warn: Localization 2070 was not found for ios_info.plist cfbundleurltypes
[11/06/2025, 15:50:55] warn: Localization 2070 was not found for ios_info.plist nsexceptionallowsinsecurehttploads
[11/06/2025, 15:50:55] warn: Localization 2070 was not found for ios_info.plist nsexceptionminimumtlsversion
[11/06/2025, 15:50:55] warn: Localization 2070 was not found for ios_info.plist nstemporarythirdpartyexceptionallowsinsecurehttploads
[11/06/2025, 15:50:55] warn: Localization 2070 was not found for ios_info.plist nstemporarythirdpartyexceptionminimumtlsversion
[11/06/2025, 15:50:55] warn: Localization 2070 was not found for lighttpd.conf cgi.assign
[11/06/2025, 15:50:55] warn: Localization 2070 was not found for lighttpd.conf server.dir-listing
[11/06/2025, 15:50:55] warn: Localization 2070 was not found for lighttpd.conf setenv.add-response-header
[11/06/2025, 15:50:55] warn: Localization 2070 was not found for lighttpd.conf status.config-url
[11/06/2025, 15:50:55] warn: Localization 2070 was not found for lighttpd.conf status.status-url
[11/06/2025, 15:50:55] warn: Localization 2070 was not found for lighttpd.conf webdav.is-readonly
[11/06/2025, 15:50:55] warn: Localization 2070 was not found for machine.config @debug
[11/06/2025, 15:50:55] warn: Localization 2070 was not found for machine.config @decryption
[11/06/2025, 15:50:55] warn: Localization 2070 was not found for machine.config @decryptionkey
[11/06/2025, 15:50:55] warn: Localization 2070 was not found for machine.config @passwordformat
[11/06/2025, 15:50:55] warn: Localization 2070 was not found for machine.config @retail
[11/06/2025, 15:50:55] warn: Localization 2070 was not found for machine.config @username[@processmodel]
[11/06/2025, 15:50:55] warn: Localization 2070 was not found for machine.config @validation
[11/06/2025, 15:50:55] warn: Localization 2070 was not found for machine.config @validationkey
[11/06/2025, 15:50:55] warn: Localization 2070 was not found for nginx.conf add_header
[11/06/2025, 15:50:55] warn: Localization 2070 was not found for nginx.conf add_header[inheritance]
[11/06/2025, 15:50:55] warn: Localization 2070 was not found for nginx.conf alias[traversal]
[11/06/2025, 15:50:55] warn: Localization 2070 was not found for nginx.conf autoindex
[11/06/2025, 15:50:55] warn: Localization 2070 was not found for nginx.conf error_log
[11/06/2025, 15:50:55] warn: Localization 2070 was not found for nginx.conf error_page
[11/06/2025, 15:50:55] warn: Localization 2070 was not found for nginx.conf more_set_headers
[11/06/2025, 15:50:55] warn: Localization 2070 was not found for nginx.conf proxy_set_header
[11/06/2025, 15:50:55] warn: Localization 2070 was not found for nginx.conf server_tokens
[11/06/2025, 15:50:55] warn: Localization 2070 was not found for nginx.conf ssi
[11/06/2025, 15:50:55] warn: Localization 2070 was not found for nginx.conf ssl
[11/06/2025, 15:50:55] warn: Localization 2070 was not found for nginx.conf ssl_certificate
[11/06/2025, 15:50:55] warn: Localization 2070 was not found for nginx.conf ssl_certificate_key
[11/06/2025, 15:50:55] warn: Localization 2070 was not found for nginx.conf ssl_ciphers
[11/06/2025, 15:50:55] warn: Localization 2070 was not found for nginx.conf ssl_dhparam
[11/06/2025, 15:50:55] warn: Localization 2070 was not found for nginx.conf ssl_prefer_server_ciphers
[11/06/2025, 15:50:55] warn: Localization 2070 was not found for nginx.conf ssl_protocols
[11/06/2025, 15:50:55] warn: Localization 2070 was not found for nginx.conf ssl_session_cache
[11/06/2025, 15:50:55] warn: Localization 2070 was not found for nginx.conf ssl_session_timeout
[11/06/2025, 15:50:55] warn: Localization 2070 was not found for nginx.conf ssl_stapling
[11/06/2025, 15:50:55] warn: Localization 2070 was not found for nginx.conf valid_referers
[11/06/2025, 15:50:55] warn: Localization 2070 was not found for php.ini allow_url_fopen
[11/06/2025, 15:50:55] warn: Localization 2070 was not found for php.ini allow_url_include
[11/06/2025, 15:50:55] warn: Localization 2070 was not found for php.ini assert.active
[11/06/2025, 15:50:55] warn: Localization 2070 was not found for php.ini auto_append_file
[11/06/2025, 15:50:55] warn: Localization 2070 was not found for php.ini auto_prepend_file
[11/06/2025, 15:50:55] warn: Localization 2070 was not found for php.ini cgi.fix_pathinfo
[11/06/2025, 15:50:55] warn: Localization 2070 was not found for php.ini cgi.force_redirect
[11/06/2025, 15:50:55] warn: Localization 2070 was not found for php.ini disable_functions
[11/06/2025, 15:50:55] warn: Localization 2070 was not found for php.ini display_errors
[11/06/2025, 15:50:55] warn: Localization 2070 was not found for php.ini display_startup_errors
[11/06/2025, 15:50:55] warn: Localization 2070 was not found for php.ini enable_dl
[11/06/2025, 15:50:55] warn: Localization 2070 was not found for php.ini expose_php
[11/06/2025, 15:50:55] warn: Localization 2070 was not found for php.ini log_errors
[11/06/2025, 15:50:55] warn: Localization 2070 was not found for php.ini magic_quotes_gpc
[11/06/2025, 15:50:55] warn: Localization 2070 was not found for php.ini magic_quotes_runtime
[11/06/2025, 15:50:55] warn: Localization 2070 was not found for php.ini magic_quotes_sybase
[11/06/2025, 15:50:55] warn: Localization 2070 was not found for php.ini max_execution_time
[11/06/2025, 15:50:55] warn: Localization 2070 was not found for php.ini max_input_nesting_level
[11/06/2025, 15:50:55] warn: Localization 2070 was not found for php.ini max_input_time
[11/06/2025, 15:50:55] warn: Localization 2070 was not found for php.ini memory_limit
[11/06/2025, 15:50:55] warn: Localization 2070 was not found for php.ini open_basedir
[11/06/2025, 15:50:55] warn: Localization 2070 was not found for php.ini post_max_size
[11/06/2025, 15:50:55] warn: Localization 2070 was not found for php.ini register_globals
[11/06/2025, 15:50:55] warn: Localization 2070 was not found for php.ini request_order
[11/06/2025, 15:50:55] warn: Localization 2070 was not found for php.ini safe_mode
[11/06/2025, 15:50:55] warn: Localization 2070 was not found for php.ini session.cookie_httponly
[11/06/2025, 15:50:55] warn: Localization 2070 was not found for php.ini session.cookie_lifetime
[11/06/2025, 15:50:55] warn: Localization 2070 was not found for php.ini session.cookie_secure
[11/06/2025, 15:50:55] warn: Localization 2070 was not found for php.ini session.save_path
[11/06/2025, 15:50:55] warn: Localization 2070 was not found for php.ini session.use_cookies
[11/06/2025, 15:50:55] warn: Localization 2070 was not found for php.ini session.use_only_cookies
[11/06/2025, 15:50:55] warn: Localization 2070 was not found for php.ini session.use_strict_mode
[11/06/2025, 15:50:55] warn: Localization 2070 was not found for php.ini session.use_trans_sid
[11/06/2025, 15:50:55] warn: Localization 2070 was not found for php.ini upload_max_filesize
[11/06/2025, 15:50:55] warn: Localization 2070 was not found for potential vulnerability
[11/06/2025, 15:50:55] warn: Localization 2070 was not found for server.xml_tomcat @allowtrace
[11/06/2025, 15:50:55] warn: Localization 2070 was not found for server.xml_tomcat @autodeploy
[11/06/2025, 15:50:55] warn: Localization 2070 was not found for server.xml_tomcat @clientauth
[11/06/2025, 15:50:55] warn: Localization 2070 was not found for server.xml_tomcat @connectiontimeout
[11/06/2025, 15:50:55] warn: Localization 2070 was not found for server.xml_tomcat @deployonstartup
[11/06/2025, 15:50:55] warn: Localization 2070 was not found for server.xml_tomcat @maxhttpheadersize
[11/06/2025, 15:50:55] warn: Localization 2070 was not found for server.xml_tomcat @secure
[11/06/2025, 15:50:55] warn: Localization 2070 was not found for server.xml_tomcat @shutdown
[11/06/2025, 15:50:55] warn: Localization 2070 was not found for server.xml_tomcat @xpoweredby
[11/06/2025, 15:50:55] warn: Localization 2070 was not found for server.xml_websphere @allowlogoutpageredirecttoanyhost
[11/06/2025, 15:50:55] warn: Localization 2070 was not found for server.xml_websphere @displayauthenticationrealm
[11/06/2025, 15:50:55] warn: Localization 2070 was not found for server.xml_websphere @preservefullyqualifiedreferrerurl
[11/06/2025, 15:50:55] warn: Localization 2070 was not found for standalone.xml @default-user
[11/06/2025, 15:50:55] warn: Localization 2070 was not found for standalone.xml @display-source-fragment
[11/06/2025, 15:50:55] warn: Localization 2070 was not found for standalone.xml @scan-interval
[11/06/2025, 15:50:55] warn: Localization 2070 was not found for standalone.xml @value
[11/06/2025, 15:50:55] warn: Localization 2070 was not found for standalone.xml @x-powered-by
[11/06/2025, 15:50:55] warn: Localization 2070 was not found for web.config @allowoverride
[11/06/2025, 15:50:55] warn: Localization 2070 was not found for web.config @cacherolesincookie
[11/06/2025, 15:50:55] warn: Localization 2070 was not found for web.config @certificatevalidationmode
[11/06/2025, 15:50:55] warn: Localization 2070 was not found for web.config @connectionprotection
[11/06/2025, 15:50:55] warn: Localization 2070 was not found for web.config @cookieless
[11/06/2025, 15:50:55] warn: Localization 2070 was not found for web.config @cookieprotection
[11/06/2025, 15:50:55] warn: Localization 2070 was not found for web.config @cookierequiressl
[11/06/2025, 15:50:55] warn: Localization 2070 was not found for web.config @cookieslidingexpiration
[11/06/2025, 15:50:55] warn: Localization 2070 was not found for web.config @cookietimeout
[11/06/2025, 15:50:55] warn: Localization 2070 was not found for web.config @createpersistentcookie
[11/06/2025, 15:50:55] warn: Localization 2070 was not found for web.config @debug
[11/06/2025, 15:50:55] warn: Localization 2070 was not found for web.config @decryptionkey
[11/06/2025, 15:50:55] warn: Localization 2070 was not found for web.config @enablecrossappredirects
[11/06/2025, 15:50:55] warn: Localization 2070 was not found for web.config @enabled
[11/06/2025, 15:50:55] warn: Localization 2070 was not found for web.config @enabled[directorybrowse]
[11/06/2025, 15:50:55] warn: Localization 2070 was not found for web.config @enableeventvalidation
[11/06/2025, 15:50:55] warn: Localization 2070 was not found for web.config @enableheaderchecking
[11/06/2025, 15:50:55] warn: Localization 2070 was not found for web.config @enableversionheader
[11/06/2025, 15:50:55] warn: Localization 2070 was not found for web.config @enableviewstatemac
[11/06/2025, 15:50:55] warn: Localization 2070 was not found for web.config @httponlycookies
[11/06/2025, 15:50:55] warn: Localization 2070 was not found for web.config @level
[11/06/2025, 15:50:55] warn: Localization 2070 was not found for web.config @maxeventdetaillength
[11/06/2025, 15:50:55] warn: Localization 2070 was not found for web.config @maxeventlengthforsimplemessage
[11/06/2025, 15:50:55] warn: Localization 2070 was not found for web.config @maxrequestlength
[11/06/2025, 15:50:55] warn: Localization 2070 was not found for web.config @maxsizeforsimplemessage
[11/06/2025, 15:50:55] warn: Localization 2070 was not found for web.config @minrequirednonalphanumericcharacters
[11/06/2025, 15:50:55] warn: Localization 2070 was not found for web.config @minrequiredpasswordlength
[11/06/2025, 15:50:55] warn: Localization 2070 was not found for web.config @mode
[11/06/2025, 15:50:55] warn: Localization 2070 was not found for web.config @name[@credentials]
[11/06/2025, 15:50:55] warn: Localization 2070 was not found for web.config @passwordformat
[11/06/2025, 15:50:55] warn: Localization 2070 was not found for web.config @protection
[11/06/2025, 15:50:55] warn: Localization 2070 was not found for web.config @requestvalidationmode
[11/06/2025, 15:50:55] warn: Localization 2070 was not found for web.config @requiressl
[11/06/2025, 15:50:55] warn: Localization 2070 was not found for web.config @requiressl[@authentication]
[11/06/2025, 15:50:55] warn: Localization 2070 was not found for web.config @slidingexpiration
[11/06/2025, 15:50:55] warn: Localization 2070 was not found for web.config @statuscode
[11/06/2025, 15:50:55] warn: Localization 2070 was not found for web.config @timeout
[11/06/2025, 15:50:55] warn: Localization 2070 was not found for web.config @type
[11/06/2025, 15:50:55] warn: Localization 2070 was not found for web.config @username[@identity]
[11/06/2025, 15:50:55] warn: Localization 2070 was not found for web.config @users
[11/06/2025, 15:50:55] warn: Localization 2070 was not found for web.config @useunsafeheaderparsing
[11/06/2025, 15:50:55] warn: Localization 2070 was not found for web.config @validaterequest
[11/06/2025, 15:50:55] warn: Localization 2070 was not found for web.config @validation
[11/06/2025, 15:50:55] warn: Localization 2070 was not found for web.config @validationkey
[11/06/2025, 15:50:55] warn: Localization 2070 was not found for web.config @value
[11/06/2025, 15:50:55] warn: Localization 2070 was not found for web.config @value[@accesscontrolalloworiginheader]
[11/06/2025, 15:50:55] warn: Localization 2070 was not found for web.config @value[@aspnetcore_environment]
[11/06/2025, 15:50:55] warn: Localization 2070 was not found for web.config @value[uselegacyencryption]
[11/06/2025, 15:50:55] warn: Localization 2070 was not found for web.config @value[x-frame-options]
[11/06/2025, 15:50:55] warn: Localization 2070 was not found for web.config @viewstateencryptionmode
[11/06/2025, 15:50:55] warn: Localization 2070 was not found for web.config ciphervalue[@sessionstate]
[11/06/2025, 15:50:55] warn: Localization 2070 was not found for web.config remove/@name[documentation]
[11/06/2025, 15:50:55] warn: Localization 2070 was not found for web.config remove/@name[x-powered-by]
[11/06/2025, 15:50:55] warn: Localization 2070 was not found for web.xml error-code
[11/06/2025, 15:50:55] warn: Localization 2070 was not found for web.xml http-method
[11/06/2025, 15:50:55] warn: Localization 2070 was not found for web.xml http-only
[11/06/2025, 15:50:55] warn: Localization 2070 was not found for web.xml param-value
[11/06/2025, 15:50:55] warn: Localization 2070 was not found for web.xml secure
[11/06/2025, 15:50:55] warn: Localization 2070 was not found for web.xml session-timeout
[11/06/2025, 15:50:55] warn: Localization 2070 was not found for web.xml tracking-mode
[11/06/2025, 15:50:55] warn: Localization 2070 was not found for web.xml transport-guarantee
[11/06/2025, 15:50:55] info: Clean up logs files was started
[11/06/2025, 15:50:55] info: Clean up logs files was finished
