[15/05/2025, 08:04:05] info: Logging was started to file.
[15/05/2025, 08:04:05] info: Start application inspector initialization
[15/05/2025, 08:04:05] info: Hide developer mode UI
[15/05/2025, 08:04:05] info: Infrastructure Configurations: {"port":8000,"infrastructureAssemblyFolderPath":"C:\\Users\\papel\\AppData\\Local\\Application Inspector Analyzer","applicationResourcesFolderPath":"C:\\Users\\papel\\AppData\\Local\\Application Inspector Analyzer","scanTargetFolderPath":"c:\\Users\\papel\\Desktop\\portifolio_papelaria","isDebugging":false,"logLevel":{"i2_1":"Error","j2_1":5,"type":5,"key":"Settings.LogLevel.Error.Text"},"logDir":"c:\\Users\\papel\\Desktop\\portifolio_papelaria\\.ai\\Logs\\Infrastructure\\2025-05-15-08-04-05","tipsFoundNotificationThreshold":15,"similarIssuesFoundNotificationThreshold":15,"applicationLocalDataFolderPath":"c:\\Users\\papel\\Desktop\\portifolio_papelaria\\.ai"}
[15/05/2025, 08:04:05] info: Start infrastructure initialization
[15/05/2025, 08:04:08] info: Infrastructure was started
[15/05/2025, 08:04:12] info: Initialize aie integration isn't initialized
[15/05/2025, 08:04:12] info: Infrastructure was initialized
[15/05/2025, 08:04:12] info: Infrastructure Installer was deleted
[15/05/2025, 08:04:13] warn: Localization 2070 was not found for apache mod_negotiation resource location disclosure
[15/05/2025, 08:04:13] warn: Localization 2070 was not found for arbitrary directory copying
[15/05/2025, 08:04:13] warn: Localization 2070 was not found for arbitrary directory creation
[15/05/2025, 08:04:13] warn: Localization 2070 was not found for arbitrary directory deletion
[15/05/2025, 08:04:13] warn: Localization 2070 was not found for arbitrary directory listing
[15/05/2025, 08:04:13] warn: Localization 2070 was not found for arbitrary directory moving
[15/05/2025, 08:04:13] warn: Localization 2070 was not found for arbitrary file copying
[15/05/2025, 08:04:13] warn: Localization 2070 was not found for arbitrary file creation
[15/05/2025, 08:04:13] warn: Localization 2070 was not found for arbitrary file deletion
[15/05/2025, 08:04:13] warn: Localization 2070 was not found for arbitrary file modification
[15/05/2025, 08:04:13] warn: Localization 2070 was not found for arbitrary file moving
[15/05/2025, 08:04:13] warn: Localization 2070 was not found for arbitrary file reading
[15/05/2025, 08:04:13] warn: Localization 2070 was not found for cookie injection
[15/05/2025, 08:04:13] warn: Localization 2070 was not found for credentials brute-force
[15/05/2025, 08:04:13] warn: Localization 2070 was not found for cross-site request forgery
[15/05/2025, 08:04:13] warn: Localization 2070 was not found for cross-site scripting
[15/05/2025, 08:04:13] warn: Localization 2070 was not found for cursor injection
[15/05/2025, 08:04:13] warn: Localization 2070 was not found for cursor sqli
[15/05/2025, 08:04:13] warn: Localization 2070 was not found for default
[15/05/2025, 08:04:13] warn: Localization 2070 was not found for denial of service
[15/05/2025, 08:04:13] warn: Localization 2070 was not found for deserialization of untrusted data
[15/05/2025, 08:04:13] warn: Localization 2070 was not found for df
[15/05/2025, 08:04:13] warn: Localization 2070 was not found for djangoorminjection
[15/05/2025, 08:04:13] warn: Localization 2070 was not found for dll injection
[15/05/2025, 08:04:13] warn: Localization 2070 was not found for double free
[15/05/2025, 08:04:13] warn: Localization 2070 was not found for dynamic code injection
[15/05/2025, 08:04:13] warn: Localization 2070 was not found for dynamic query injection
[15/05/2025, 08:04:13] warn: Localization 2070 was not found for external control of configuration
[15/05/2025, 08:04:13] warn: Localization 2070 was not found for fingerprinting
[15/05/2025, 08:04:13] warn: Localization 2070 was not found for format string
[15/05/2025, 08:04:13] warn: Localization 2070 was not found for hardcoded password
[15/05/2025, 08:04:13] warn: Localization 2070 was not found for heap overflow
[15/05/2025, 08:04:13] warn: Localization 2070 was not found for http header injection
[15/05/2025, 08:04:13] warn: Localization 2070 was not found for http request splitting
[15/05/2025, 08:04:13] warn: Localization 2070 was not found for http response splitting
[15/05/2025, 08:04:13] warn: Localization 2070 was not found for improper access control taint
[15/05/2025, 08:04:13] warn: Localization 2070 was not found for improper resource shutdown or release
[15/05/2025, 08:04:13] warn: Localization 2070 was not found for information exposure
[15/05/2025, 08:04:13] warn: Localization 2070 was not found for injection
[15/05/2025, 08:04:13] warn: Localization 2070 was not found for insecure direct object references
[15/05/2025, 08:04:13] warn: Localization 2070 was not found for insufficient session expiration
[15/05/2025, 08:04:13] warn: Localization 2070 was not found for integer overflow
[15/05/2025, 08:04:13] warn: Localization 2070 was not found for ldap injection
[15/05/2025, 08:04:13] warn: Localization 2070 was not found for like injection
[15/05/2025, 08:04:13] warn: Localization 2070 was not found for linq injection
[15/05/2025, 08:04:13] warn: Localization 2070 was not found for local file inclusion
[15/05/2025, 08:04:13] warn: Localization 2070 was not found for log forging
[15/05/2025, 08:04:13] warn: Localization 2070 was not found for nosql injection
[15/05/2025, 08:04:13] warn: Localization 2070 was not found for null dereference
[15/05/2025, 08:04:13] warn: Localization 2070 was not found for object injection
[15/05/2025, 08:04:13] warn: Localization 2070 was not found for open redirect
[15/05/2025, 08:04:13] warn: Localization 2070 was not found for orm injection
[15/05/2025, 08:04:13] warn: Localization 2070 was not found for os commanding
[15/05/2025, 08:04:13] warn: Localization 2070 was not found for padding oracle attack
[15/05/2025, 08:04:13] warn: Localization 2070 was not found for path traversal
[15/05/2025, 08:04:13] warn: Localization 2070 was not found for persistent cookie exposing
[15/05/2025, 08:04:13] warn: Localization 2070 was not found for potential path traversal
[15/05/2025, 08:04:13] warn: Localization 2070 was not found for process control
[15/05/2025, 08:04:13] warn: Localization 2070 was not found for redos
[15/05/2025, 08:04:13] warn: Localization 2070 was not found for remote code execution
[15/05/2025, 08:04:13] warn: Localization 2070 was not found for remote file inclusion
[15/05/2025, 08:04:13] warn: Localization 2070 was not found for resource exhaustion
[15/05/2025, 08:04:13] warn: Localization 2070 was not found for resource location brute-force
[15/05/2025, 08:04:13] warn: Localization 2070 was not found for server-side request forgery
[15/05/2025, 08:04:13] warn: Localization 2070 was not found for server-side template injection
[15/05/2025, 08:04:13] warn: Localization 2070 was not found for serverfingerprinting
[15/05/2025, 08:04:13] warn: Localization 2070 was not found for session management weakness
[15/05/2025, 08:04:13] warn: Localization 2070 was not found for shellshock
[15/05/2025, 08:04:13] warn: Localization 2070 was not found for smtp header injection
[15/05/2025, 08:04:13] warn: Localization 2070 was not found for sql injection
[15/05/2025, 08:04:13] warn: Localization 2070 was not found for sqli
[15/05/2025, 08:04:13] warn: Localization 2070 was not found for stack overflow
[15/05/2025, 08:04:13] warn: Localization 2070 was not found for uaf
[15/05/2025, 08:04:13] warn: Localization 2070 was not found for uncontrolled data manipulation
[15/05/2025, 08:04:13] warn: Localization 2070 was not found for uncontrolled env var modification
[15/05/2025, 08:04:13] warn: Localization 2070 was not found for unrestricted file upload
[15/05/2025, 08:04:13] warn: Localization 2070 was not found for use after free
[15/05/2025, 08:04:13] warn: Localization 2070 was not found for webview xss taint
[15/05/2025, 08:04:13] warn: Localization 2070 was not found for xml entity expansion
[15/05/2025, 08:04:13] warn: Localization 2070 was not found for xml external entity
[15/05/2025, 08:04:13] warn: Localization 2070 was not found for xpath injection
[15/05/2025, 08:04:13] warn: Localization 2070 was not found for xquery injection
[15/05/2025, 08:04:13] warn: Localization 2070 was not found for 100
[15/05/2025, 08:04:13] warn: Localization 2070 was not found for 101
[15/05/2025, 08:04:13] warn: Localization 2070 was not found for 102
[15/05/2025, 08:04:13] warn: Localization 2070 was not found for 103
[15/05/2025, 08:04:13] warn: Localization 2070 was not found for 104
[15/05/2025, 08:04:13] warn: Localization 2070 was not found for 105
[15/05/2025, 08:04:13] warn: Localization 2070 was not found for 107
[15/05/2025, 08:04:13] warn: Localization 2070 was not found for 108
[15/05/2025, 08:04:13] warn: Localization 2070 was not found for 109
[15/05/2025, 08:04:13] warn: Localization 2070 was not found for 111
[15/05/2025, 08:04:13] warn: Localization 2070 was not found for 113
[15/05/2025, 08:04:13] warn: Localization 2070 was not found for 114
[15/05/2025, 08:04:13] warn: Localization 2070 was not found for 116
[15/05/2025, 08:04:13] warn: Localization 2070 was not found for 117
[15/05/2025, 08:04:13] warn: Localization 2070 was not found for 118
[15/05/2025, 08:04:13] warn: Localization 2070 was not found for 120
[15/05/2025, 08:04:13] warn: Localization 2070 was not found for 122
[15/05/2025, 08:04:13] warn: Localization 2070 was not found for 123
[15/05/2025, 08:04:13] warn: Localization 2070 was not found for 124
[15/05/2025, 08:04:13] warn: Localization 2070 was not found for 125
[15/05/2025, 08:04:13] warn: Localization 2070 was not found for 127
[15/05/2025, 08:04:13] warn: Localization 2070 was not found for 128
[15/05/2025, 08:04:13] warn: Localization 2070 was not found for 129
[15/05/2025, 08:04:13] warn: Localization 2070 was not found for 130
[15/05/2025, 08:04:13] warn: Localization 2070 was not found for 135
[15/05/2025, 08:04:13] warn: Localization 2070 was not found for 138
[15/05/2025, 08:04:13] warn: Localization 2070 was not found for 139
[15/05/2025, 08:04:13] warn: Localization 2070 was not found for 140
[15/05/2025, 08:04:13] warn: Localization 2070 was not found for 141
[15/05/2025, 08:04:13] warn: Localization 2070 was not found for 142
[15/05/2025, 08:04:13] warn: Localization 2070 was not found for 144
[15/05/2025, 08:04:13] warn: Localization 2070 was not found for 145
[15/05/2025, 08:04:13] warn: Localization 2070 was not found for 146
[15/05/2025, 08:04:13] warn: Localization 2070 was not found for 147
[15/05/2025, 08:04:13] warn: Localization 2070 was not found for 148
[15/05/2025, 08:04:13] warn: Localization 2070 was not found for 149
[15/05/2025, 08:04:13] warn: Localization 2070 was not found for 150
[15/05/2025, 08:04:13] warn: Localization 2070 was not found for 151
[15/05/2025, 08:04:13] warn: Localization 2070 was not found for 152
[15/05/2025, 08:04:13] warn: Localization 2070 was not found for 153
[15/05/2025, 08:04:13] warn: Localization 2070 was not found for 154
[15/05/2025, 08:04:13] warn: Localization 2070 was not found for 156
[15/05/2025, 08:04:13] warn: Localization 2070 was not found for 157
[15/05/2025, 08:04:13] warn: Localization 2070 was not found for 158
[15/05/2025, 08:04:13] warn: Localization 2070 was not found for 159
[15/05/2025, 08:04:13] warn: Localization 2070 was not found for 160
[15/05/2025, 08:04:13] warn: Localization 2070 was not found for 161
[15/05/2025, 08:04:13] warn: Localization 2070 was not found for 162
[15/05/2025, 08:04:13] warn: Localization 2070 was not found for 163
[15/05/2025, 08:04:13] warn: Localization 2070 was not found for 164
[15/05/2025, 08:04:13] warn: Localization 2070 was not found for 165
[15/05/2025, 08:04:13] warn: Localization 2070 was not found for 200
[15/05/2025, 08:04:13] warn: Localization 2070 was not found for 24544
[15/05/2025, 08:04:13] warn: Localization 2070 was not found for 24545
[15/05/2025, 08:04:13] warn: Localization 2070 was not found for 24546
[15/05/2025, 08:04:13] warn: Localization 2070 was not found for 24547
[15/05/2025, 08:04:13] warn: Localization 2070 was not found for 24548
[15/05/2025, 08:04:13] warn: Localization 2070 was not found for 24549
[15/05/2025, 08:04:13] warn: Localization 2070 was not found for 24550
[15/05/2025, 08:04:13] warn: Localization 2070 was not found for 24551
[15/05/2025, 08:04:13] warn: Localization 2070 was not found for 24552
[15/05/2025, 08:04:13] warn: Localization 2070 was not found for 24553
[15/05/2025, 08:04:13] warn: Localization 2070 was not found for 24554
[15/05/2025, 08:04:13] warn: Localization 2070 was not found for 24555
[15/05/2025, 08:04:13] warn: Localization 2070 was not found for 24556
[15/05/2025, 08:04:13] warn: Localization 2070 was not found for 24557
[15/05/2025, 08:04:13] warn: Localization 2070 was not found for 24558
[15/05/2025, 08:04:13] warn: Localization 2070 was not found for 24559
[15/05/2025, 08:04:13] warn: Localization 2070 was not found for 24560
[15/05/2025, 08:04:13] warn: Localization 2070 was not found for 24561
[15/05/2025, 08:04:13] warn: Localization 2070 was not found for 24562
[15/05/2025, 08:04:13] warn: Localization 2070 was not found for 24563
[15/05/2025, 08:04:13] warn: Localization 2070 was not found for 24564
[15/05/2025, 08:04:13] warn: Localization 2070 was not found for 24565
[15/05/2025, 08:04:13] warn: Localization 2070 was not found for 24566
[15/05/2025, 08:04:13] warn: Localization 2070 was not found for 24567
[15/05/2025, 08:04:13] warn: Localization 2070 was not found for 24568
[15/05/2025, 08:04:13] warn: Localization 2070 was not found for 305
[15/05/2025, 08:04:13] warn: Localization 2070 was not found for 96
[15/05/2025, 08:04:13] warn: Localization 2070 was not found for 97
[15/05/2025, 08:04:13] warn: Localization 2070 was not found for 98
[15/05/2025, 08:04:13] warn: Localization 2070 was not found for 99
[15/05/2025, 08:04:13] warn: Localization 2070 was not found for attributes code inside addeventlistener
[15/05/2025, 08:04:13] warn: Localization 2070 was not found for attributes code inside attachevent
[15/05/2025, 08:04:13] warn: Localization 2070 was not found for attributes code inside createattribute
[15/05/2025, 08:04:13] warn: Localization 2070 was not found for attributes code inside element event
[15/05/2025, 08:04:13] warn: Localization 2070 was not found for attributes code inside setattribute
[15/05/2025, 08:04:13] warn: Localization 2070 was not found for attributes code inside setattributens
[15/05/2025, 08:04:13] warn: Localization 2070 was not found for buffer overflow
[15/05/2025, 08:04:13] warn: Localization 2070 was not found for buffer overflow in python
[15/05/2025, 08:04:13] warn: Localization 2070 was not found for buffer overflow pm
[15/05/2025, 08:04:13] warn: Localization 2070 was not found for class defines clone but not implement cloneable
[15/05/2025, 08:04:13] warn: Localization 2070 was not found for csrf protection disabled
[15/05/2025, 08:04:13] warn: Localization 2070 was not found for cursor snarfing plsql
[15/05/2025, 08:04:13] warn: Localization 2070 was not found for cursor snarfing tsql
[15/05/2025, 08:04:13] warn: Localization 2070 was not found for dangerous function plsql
[15/05/2025, 08:04:13] warn: Localization 2070 was not found for dangerous function tsql
[15/05/2025, 08:04:13] warn: Localization 2070 was not found for debug information leakage
[15/05/2025, 08:04:13] warn: Localization 2070 was not found for debug mode python
[15/05/2025, 08:04:13] warn: Localization 2070 was not found for deprecated functions objc
[15/05/2025, 08:04:13] warn: Localization 2070 was not found for deserialization of untrusted data pm
[15/05/2025, 08:04:13] warn: Localization 2070 was not found for deserialization of untrusted data pm python
[15/05/2025, 08:04:13] warn: Localization 2070 was not found for detection of error condition without action
[15/05/2025, 08:04:13] warn: Localization 2070 was not found for direct use of threads
[15/05/2025, 08:04:13] warn: Localization 2070 was not found for directorytraversalcreatereadstream
[15/05/2025, 08:04:13] warn: Localization 2070 was not found for directorytraversalreadfile
[15/05/2025, 08:04:13] warn: Localization 2070 was not found for disabling ssl certificate checks
[15/05/2025, 08:04:13] warn: Localization 2070 was not found for disabling ssl certificate checks c
[15/05/2025, 08:04:13] warn: Localization 2070 was not found for disabling ssl-tls certificate checks go
[15/05/2025, 08:04:13] warn: Localization 2070 was not found for divide by zero
[15/05/2025, 08:04:13] warn: Localization 2070 was not found for dom modification contextual fragment
[15/05/2025, 08:04:13] warn: Localization 2070 was not found for dom modification html tag
[15/05/2025, 08:04:13] warn: Localization 2070 was not found for dom modification selected position
[15/05/2025, 08:04:13] warn: Localization 2070 was not found for dom modification string inside document
[15/05/2025, 08:04:13] warn: Localization 2070 was not found for download of code without integrity check
[15/05/2025, 08:04:13] warn: Localization 2070 was not found for embedded malicious code
[15/05/2025, 08:04:13] warn: Localization 2070 was not found for empty default exception handler
[15/05/2025, 08:04:13] warn: Localization 2070 was not found for erroneous null comparison
[15/05/2025, 08:04:13] warn: Localization 2070 was not found for exposure of data element to wrong session
[15/05/2025, 08:04:13] warn: Localization 2070 was not found for exposure of system data to an unauthorized control sphere
[15/05/2025, 08:04:13] warn: Localization 2070 was not found for external control of file name or path
[15/05/2025, 08:04:13] warn: Localization 2070 was not found for file snarfing plsql
[15/05/2025, 08:04:13] warn: Localization 2070 was not found for format string pm
[15/05/2025, 08:04:13] warn: Localization 2070 was not found for forwarding via location
[15/05/2025, 08:04:13] warn: Localization 2070 was not found for forwarding via location function
[15/05/2025, 08:04:13] warn: Localization 2070 was not found for forwarding via opening new tab
[15/05/2025, 08:04:13] warn: Localization 2070 was not found for ftpusage
[15/05/2025, 08:04:13] warn: Localization 2070 was not found for go weak cryptographic hash
[15/05/2025, 08:04:13] warn: Localization 2070 was not found for hardcoded initialization vector
[15/05/2025, 08:04:13] warn: Localization 2070 was not found for hardcoded key
[15/05/2025, 08:04:13] warn: Localization 2070 was not found for hardcoded password kotlin
[15/05/2025, 08:04:13] warn: Localization 2070 was not found for hardcoded password pm
[15/05/2025, 08:04:13] warn: Localization 2070 was not found for hardcoded pbkdf password
[15/05/2025, 08:04:13] warn: Localization 2070 was not found for headerinjection
[15/05/2025, 08:04:13] warn: Localization 2070 was not found for improper access control
[15/05/2025, 08:04:13] warn: Localization 2070 was not found for improper access control c
[15/05/2025, 08:04:13] warn: Localization 2070 was not found for improper certificate validation
[15/05/2025, 08:04:13] warn: Localization 2070 was not found for improper check for unusual or exceptional conditions
[15/05/2025, 08:04:13] warn: Localization 2070 was not found for improperly implemented security check for standard
[15/05/2025, 08:04:13] warn: Localization 2070 was not found for include interface ssl
[15/05/2025, 08:04:13] warn: Localization 2070 was not found for incorrect permission assignment for critical resource
[15/05/2025, 08:04:13] warn: Localization 2070 was not found for incorrect permission assignment for critical resource 1
[15/05/2025, 08:04:13] warn: Localization 2070 was not found for incorrect permission assignment for critical resource go
[15/05/2025, 08:04:13] warn: Localization 2070 was not found for incorrect permission assignment for critical resource java
[15/05/2025, 08:04:13] warn: Localization 2070 was not found for incorrect unix api using
[15/05/2025, 08:04:13] warn: Localization 2070 was not found for incorrect usage of seeds in pseudo-random number generator
[15/05/2025, 08:04:13] warn: Localization 2070 was not found for incorrectpermissionassignmentphp
[15/05/2025, 08:04:13] warn: Localization 2070 was not found for information exposure pm
[15/05/2025, 08:04:13] warn: Localization 2070 was not found for information exposure through an error message
[15/05/2025, 08:04:13] warn: Localization 2070 was not found for information exposure through comments
[15/05/2025, 08:04:13] warn: Localization 2070 was not found for information exposure through persistent cookies
[15/05/2025, 08:04:13] warn: Localization 2070 was not found for information exposure through persistent cookies 1
[15/05/2025, 08:04:13] warn: Localization 2070 was not found for information exposure through static content
[15/05/2025, 08:04:13] warn: Localization 2070 was not found for informationexposureviaexception
[15/05/2025, 08:04:13] warn: Localization 2070 was not found for insecure cipher key export
[15/05/2025, 08:04:13] warn: Localization 2070 was not found for insecure connection protocol
[15/05/2025, 08:04:13] warn: Localization 2070 was not found for insecure cookie 1
[15/05/2025, 08:04:13] warn: Localization 2070 was not found for insecure cookie 2
[15/05/2025, 08:04:13] warn: Localization 2070 was not found for insecure cookie scope
[15/05/2025, 08:04:13] warn: Localization 2070 was not found for insecure data storage
[15/05/2025, 08:04:13] warn: Localization 2070 was not found for insecure data storage objc simple
[15/05/2025, 08:04:13] warn: Localization 2070 was not found for insecure network binding
[15/05/2025, 08:04:13] warn: Localization 2070 was not found for insecure randomness ojbc
[15/05/2025, 08:04:13] warn: Localization 2070 was not found for insecure randomness plsql
[15/05/2025, 08:04:13] warn: Localization 2070 was not found for insecure randomness tsql
[15/05/2025, 08:04:13] warn: Localization 2070 was not found for insecure rsa padding
[15/05/2025, 08:04:13] warn: Localization 2070 was not found for insecure rsa padding 1
[15/05/2025, 08:04:13] warn: Localization 2070 was not found for insecure ssl connection
[15/05/2025, 08:04:13] warn: Localization 2070 was not found for insecure ssl connection 1
[15/05/2025, 08:04:13] warn: Localization 2070 was not found for insecure ssl protocol
[15/05/2025, 08:04:13] warn: Localization 2070 was not found for insecure transport java
[15/05/2025, 08:04:13] warn: Localization 2070 was not found for insecure usage of jinja templates
[15/05/2025, 08:04:13] warn: Localization 2070 was not found for insecure usage of mako templates
[15/05/2025, 08:04:13] warn: Localization 2070 was not found for insecure validation functions
[15/05/2025, 08:04:13] warn: Localization 2070 was not found for insecure validation functions 1
[15/05/2025, 08:04:13] warn: Localization 2070 was not found for insecure work with temporary files
[15/05/2025, 08:04:13] warn: Localization 2070 was not found for insecureevalpython
[15/05/2025, 08:04:13] warn: Localization 2070 was not found for insufficient cors policy
[15/05/2025, 08:04:13] warn: Localization 2070 was not found for insufficient encryption key length
[15/05/2025, 08:04:13] warn: Localization 2070 was not found for insufficient encryption key length 1
[15/05/2025, 08:04:13] warn: Localization 2070 was not found for insufficient key size go
[15/05/2025, 08:04:13] warn: Localization 2070 was not found for insufficient logging&monitoring
[15/05/2025, 08:04:13] warn: Localization 2070 was not found for insufficient session expiration pm
[15/05/2025, 08:04:13] warn: Localization 2070 was not found for insufficientencryptionkeylength
[15/05/2025, 08:04:13] warn: Localization 2070 was not found for integer overflow pm
[15/05/2025, 08:04:13] warn: Localization 2070 was not found for jquery function that adds element
[15/05/2025, 08:04:13] warn: Localization 2070 was not found for jquery function that replaces element
[15/05/2025, 08:04:13] warn: Localization 2070 was not found for jquery html inside dom
[15/05/2025, 08:04:13] warn: Localization 2070 was not found for jquery unsafe functions for dom
[15/05/2025, 08:04:13] warn: Localization 2070 was not found for jquery wrap element to html
[15/05/2025, 08:04:13] warn: Localization 2070 was not found for json-test
[15/05/2025, 08:04:13] warn: Localization 2070 was not found for lack of the host key verification go
[15/05/2025, 08:04:13] warn: Localization 2070 was not found for least privilege violation
[15/05/2025, 08:04:13] warn: Localization 2070 was not found for leftover debug code
[15/05/2025, 08:04:13] warn: Localization 2070 was not found for marksafepython
[15/05/2025, 08:04:13] warn: Localization 2070 was not found for memory leak
[15/05/2025, 08:04:13] warn: Localization 2070 was not found for method without super clone
[15/05/2025, 08:04:13] warn: Localization 2070 was not found for method without super finalize
[15/05/2025, 08:04:13] warn: Localization 2070 was not found for missing auth localized reason
[15/05/2025, 08:04:13] warn: Localization 2070 was not found for missing encryption of sensitive data
[15/05/2025, 08:04:13] warn: Localization 2070 was not found for none
[15/05/2025, 08:04:13] warn: Localization 2070 was not found for notlsreject
[15/05/2025, 08:04:13] warn: Localization 2070 was not found for nslog using
[15/05/2025, 08:04:13] warn: Localization 2070 was not found for null dereference pattern
[15/05/2025, 08:04:13] warn: Localization 2070 was not found for null pbkdf password
[15/05/2025, 08:04:13] warn: Localization 2070 was not found for obsolete function
[15/05/2025, 08:04:13] warn: Localization 2070 was not found for openredirect
[15/05/2025, 08:04:13] warn: Localization 2070 was not found for overly broad grant
[15/05/2025, 08:04:13] warn: Localization 2070 was not found for override equals method without hashcode
[15/05/2025, 08:04:13] warn: Localization 2070 was not found for pattern matching
[15/05/2025, 08:04:13] warn: Localization 2070 was not found for php pm sensitive cookie in https session without ‘secure’ attribute
[15/05/2025, 08:04:13] warn: Localization 2070 was not found for plaintext storage of a password
[15/05/2025, 08:04:13] warn: Localization 2070 was not found for plaintext storage of a password 1
[15/05/2025, 08:04:13] warn: Localization 2070 was not found for play 1 html xss
[15/05/2025, 08:04:13] warn: Localization 2070 was not found for play 2 html xss
[15/05/2025, 08:04:13] warn: Localization 2070 was not found for poor logging practice logger
[15/05/2025, 08:04:13] warn: Localization 2070 was not found for poor logging practice system
[15/05/2025, 08:04:13] warn: Localization 2070 was not found for possible rce through sql injection
[15/05/2025, 08:04:13] warn: Localization 2070 was not found for private array typed field returned from a public method
[15/05/2025, 08:04:13] warn: Localization 2070 was not found for public data assigned to private array typed field
[15/05/2025, 08:04:13] warn: Localization 2070 was not found for python weak cryptographic hash
[15/05/2025, 08:04:13] warn: Localization 2070 was not found for python2input
[15/05/2025, 08:04:13] warn: Localization 2070 was not found for pythonassertion
[15/05/2025, 08:04:13] warn: Localization 2070 was not found for reflectedcrosssitescripting
[15/05/2025, 08:04:13] warn: Localization 2070 was not found for reliance on dns lookups in a security decision
[15/05/2025, 08:04:13] warn: Localization 2070 was not found for return of stack variable address
[15/05/2025, 08:04:13] warn: Localization 2070 was not found for reversible one way hash
[15/05/2025, 08:04:13] warn: Localization 2070 was not found for sensitive cookie in https session without ‘secure’ attribute
[15/05/2025, 08:04:13] warn: Localization 2070 was not found for sensitive cookie in https session without httponly attribute
[15/05/2025, 08:04:13] warn: Localization 2070 was not found for sensitive cookie in https session without secure attribute
[15/05/2025, 08:04:13] warn: Localization 2070 was not found for serversideinjectioneval
[15/05/2025, 08:04:13] warn: Localization 2070 was not found for serversideinjectionfunction
[15/05/2025, 08:04:13] warn: Localization 2070 was not found for serversideinjectionsetinterval
[15/05/2025, 08:04:13] warn: Localization 2070 was not found for serversideinjectionsettimeout
[15/05/2025, 08:04:13] warn: Localization 2070 was not found for serversideinjectionyaml
[15/05/2025, 08:04:13] warn: Localization 2070 was not found for ssl configuration flaws
[15/05/2025, 08:04:13] warn: Localization 2070 was not found for static random number generator
[15/05/2025, 08:04:13] warn: Localization 2070 was not found for time of check time of use race condition
[15/05/2025, 08:04:13] warn: Localization 2070 was not found for trust boundary violation
[15/05/2025, 08:04:13] warn: Localization 2070 was not found for type confusion
[15/05/2025, 08:04:13] warn: Localization 2070 was not found for uncontrolled memory allocation
[15/05/2025, 08:04:13] warn: Localization 2070 was not found for uncontrolled recursion
[15/05/2025, 08:04:13] warn: Localization 2070 was not found for unreachable code
[15/05/2025, 08:04:13] warn: Localization 2070 was not found for unsafe cross-origin resource sharing
[15/05/2025, 08:04:13] warn: Localization 2070 was not found for unsafe reflection
[15/05/2025, 08:04:13] warn: Localization 2070 was not found for unsalted one way hash
[15/05/2025, 08:04:13] warn: Localization 2070 was not found for unsalted one way hash 1
[15/05/2025, 08:04:13] warn: Localization 2070 was not found for unsaltedonewayhash
[15/05/2025, 08:04:13] warn: Localization 2070 was not found for unused var
[15/05/2025, 08:04:13] warn: Localization 2070 was not found for urllibusagepython
[15/05/2025, 08:04:13] warn: Localization 2070 was not found for use broken crypto
[15/05/2025, 08:04:13] warn: Localization 2070 was not found for use of a broken or risky cryptographic algorithm
[15/05/2025, 08:04:13] warn: Localization 2070 was not found for use of a broken or risky cryptographic algorithm 1
[15/05/2025, 08:04:13] warn: Localization 2070 was not found for use of a broken or risky cryptographic algorithm 2
[15/05/2025, 08:04:13] warn: Localization 2070 was not found for use of a broken or risky cryptographic algorithm 3
[15/05/2025, 08:04:13] warn: Localization 2070 was not found for use of a broken or risky cryptographic algorithm 4
[15/05/2025, 08:04:13] warn: Localization 2070 was not found for use of a broken or risky cryptographic algorithm 5
[15/05/2025, 08:04:13] warn: Localization 2070 was not found for use of a broken or risky cryptographic algorithm 6
[15/05/2025, 08:04:13] warn: Localization 2070 was not found for use of a broken or risky cryptographic algorithm go
[15/05/2025, 08:04:13] warn: Localization 2070 was not found for use of function with inconsistent implementations
[15/05/2025, 08:04:13] warn: Localization 2070 was not found for use of hardcoded cryptographic key
[15/05/2025, 08:04:13] warn: Localization 2070 was not found for use of insufficiently random values
[15/05/2025, 08:04:13] warn: Localization 2070 was not found for use of insufficiently random values 1
[15/05/2025, 08:04:13] warn: Localization 2070 was not found for use of insufficiently random values 2
[15/05/2025, 08:04:13] warn: Localization 2070 was not found for use of nullpointerexception catch
[15/05/2025, 08:04:13] warn: Localization 2070 was not found for use of obsolete function 1
[15/05/2025, 08:04:13] warn: Localization 2070 was not found for use of system exit
[15/05/2025, 08:04:13] warn: Localization 2070 was not found for use of uninitialized variable
[15/05/2025, 08:04:13] warn: Localization 2070 was not found for user driven insecure hash algorithm
[15/05/2025, 08:04:13] warn: Localization 2070 was not found for user driven insecure hash algorithm 1
[15/05/2025, 08:04:13] warn: Localization 2070 was not found for vulnerable template module
[15/05/2025, 08:04:13] warn: Localization 2070 was not found for weak crypto api objc
[15/05/2025, 08:04:13] warn: Localization 2070 was not found for weak crypto hash api objc
[15/05/2025, 08:04:13] warn: Localization 2070 was not found for weak crypto iv objc
[15/05/2025, 08:04:13] warn: Localization 2070 was not found for weak crypto key objc
[15/05/2025, 08:04:13] warn: Localization 2070 was not found for weak cryptographic algorithm 1
[15/05/2025, 08:04:13] warn: Localization 2070 was not found for weak cryptographic hash
[15/05/2025, 08:04:13] warn: Localization 2070 was not found for weak cryptographic hash plsql
[15/05/2025, 08:04:13] warn: Localization 2070 was not found for weak cryptographic hash tsql
[15/05/2025, 08:04:13] warn: Localization 2070 was not found for weak hmac key objc
[15/05/2025, 08:04:13] warn: Localization 2070 was not found for weak password requirements
[15/05/2025, 08:04:13] warn: Localization 2070 was not found for weak pbkdf salt
[15/05/2025, 08:04:13] warn: Localization 2070 was not found for weak rsa objc
[15/05/2025, 08:04:13] warn: Localization 2070 was not found for weakhashcrypto
[15/05/2025, 08:04:13] warn: Localization 2070 was not found for weakhashcryptojs
[15/05/2025, 08:04:13] warn: Localization 2070 was not found for webforms validaterequest
[15/05/2025, 08:04:13] warn: Localization 2070 was not found for webview xss
[15/05/2025, 08:04:13] warn: Localization 2070 was not found for xml external entity pm
[15/05/2025, 08:04:13] warn: Localization 2070 was not found for xss protection disabled
[15/05/2025, 08:04:13] warn: Localization 2070 was not found for yaml load
[15/05/2025, 08:04:13] warn: Localization 2070 was not found for .htaccess addhandler
[15/05/2025, 08:04:13] warn: Localization 2070 was not found for .htaccess addtype
[15/05/2025, 08:04:13] warn: Localization 2070 was not found for .htaccess options
[15/05/2025, 08:04:13] warn: Localization 2070 was not found for .htaccess php_value
[15/05/2025, 08:04:13] warn: Localization 2070 was not found for .htaccess serversignature
[15/05/2025, 08:04:13] warn: Localization 2070 was not found for android_manifest.xml @android:allowbackup
[15/05/2025, 08:04:13] warn: Localization 2070 was not found for android_manifest.xml @android:debuggable
[15/05/2025, 08:04:13] warn: Localization 2070 was not found for android_manifest.xml @android:exported
[15/05/2025, 08:04:13] warn: Localization 2070 was not found for android_manifest.xml @android:exported[provider]
[15/05/2025, 08:04:13] warn: Localization 2070 was not found for android_manifest.xml @android:protectionlevel
[15/05/2025, 08:04:13] warn: Localization 2070 was not found for android_manifest.xml @android:scheme
[15/05/2025, 08:04:13] warn: Localization 2070 was not found for android_networksecurityconfig.xml @src
[15/05/2025, 08:04:13] warn: Localization 2070 was not found for apache.conf addhandler
[15/05/2025, 08:04:13] warn: Localization 2070 was not found for apache.conf addtype
[15/05/2025, 08:04:13] warn: Localization 2070 was not found for apache.conf loadmodule
[15/05/2025, 08:04:13] warn: Localization 2070 was not found for apache.conf options
[15/05/2025, 08:04:13] warn: Localization 2070 was not found for apache.conf php_value
[15/05/2025, 08:04:13] warn: Localization 2070 was not found for apache.conf serversignature
[15/05/2025, 08:04:13] warn: Localization 2070 was not found for apache.conf servertokens
[15/05/2025, 08:04:13] warn: Localization 2070 was not found for apache.conf traceenable
[15/05/2025, 08:04:13] warn: Localization 2070 was not found for applicationhost.config @accesspolicy
[15/05/2025, 08:04:13] warn: Localization 2070 was not found for applicationhost.config @notlistedisapisallowed
[15/05/2025, 08:04:13] warn: Localization 2070 was not found for applicationhost.config @username
[15/05/2025, 08:04:13] warn: Localization 2070 was not found for conf arbitrary file upload file_uploads
[15/05/2025, 08:04:13] warn: Localization 2070 was not found for conf cross site scripting vulnerability http-only
[15/05/2025, 08:04:13] warn: Localization 2070 was not found for conf cross site scripting vulnerability httponlycookies
[15/05/2025, 08:04:13] warn: Localization 2070 was not found for conf cross site scripting vulnerability register_globals
[15/05/2025, 08:04:13] warn: Localization 2070 was not found for conf cross site scripting vulnerability session.cookie_httponly
[15/05/2025, 08:04:13] warn: Localization 2070 was not found for conf cross site scripting vulnerability traceenable
[15/05/2025, 08:04:13] warn: Localization 2070 was not found for conf cross site scripting vulnerability validaterequest
[15/05/2025, 08:04:13] warn: Localization 2070 was not found for conf denial of service loadmodule security2_module
[15/05/2025, 08:04:13] warn: Localization 2070 was not found for conf denial of service max_execution_time
[15/05/2025, 08:04:13] warn: Localization 2070 was not found for conf denial of service max_input_nesting_level
[15/05/2025, 08:04:13] warn: Localization 2070 was not found for conf denial of service max_input_time
[15/05/2025, 08:04:13] warn: Localization 2070 was not found for conf denial of service memory_limit
[15/05/2025, 08:04:13] warn: Localization 2070 was not found for conf denial of service post_max_size
[15/05/2025, 08:04:13] warn: Localization 2070 was not found for conf denial of service upload_max_filesize
[15/05/2025, 08:04:13] warn: Localization 2070 was not found for conf directory indexing autoindex
[15/05/2025, 08:04:13] warn: Localization 2070 was not found for conf directory indexing loadmodule autoindex_module
[15/05/2025, 08:04:13] warn: Localization 2070 was not found for conf directory indexing options
[15/05/2025, 08:04:13] warn: Localization 2070 was not found for conf directory indexing ssi
[15/05/2025, 08:04:13] warn: Localization 2070 was not found for conf information leakage curl.cainfo
[15/05/2025, 08:04:13] warn: Localization 2070 was not found for conf information leakage debug
[15/05/2025, 08:04:13] warn: Localization 2070 was not found for conf information leakage display_errors
[15/05/2025, 08:04:13] warn: Localization 2070 was not found for conf information leakage display_startup_errors
[15/05/2025, 08:04:13] warn: Localization 2070 was not found for conf information leakage error-code
[15/05/2025, 08:04:13] warn: Localization 2070 was not found for conf information leakage errordocument
[15/05/2025, 08:04:13] warn: Localization 2070 was not found for conf information leakage expose_php
[15/05/2025, 08:04:13] warn: Localization 2070 was not found for conf information leakage loadmodule include_module
[15/05/2025, 08:04:13] warn: Localization 2070 was not found for conf information leakage loadmodule info_module
[15/05/2025, 08:04:13] warn: Localization 2070 was not found for conf information leakage loadmodule negotiation_module
[15/05/2025, 08:04:13] warn: Localization 2070 was not found for conf information leakage mode
[15/05/2025, 08:04:13] warn: Localization 2070 was not found for conf information leakage param-name
[15/05/2025, 08:04:13] warn: Localization 2070 was not found for conf information leakage param-name-xsrf
[15/05/2025, 08:04:13] warn: Localization 2070 was not found for conf information leakage request_order
[15/05/2025, 08:04:13] warn: Localization 2070 was not found for conf information leakage server_tokens
[15/05/2025, 08:04:13] warn: Localization 2070 was not found for conf information leakage serversignature
[15/05/2025, 08:04:13] warn: Localization 2070 was not found for conf information leakage servertokens
[15/05/2025, 08:04:13] warn: Localization 2070 was not found for conf information leakage statuscode
[15/05/2025, 08:04:13] warn: Localization 2070 was not found for conf information leakage value
[15/05/2025, 08:04:13] warn: Localization 2070 was not found for conf insufficient authentication enableviewstatemac
[15/05/2025, 08:04:13] warn: Localization 2070 was not found for conf insufficient session expiration session-timeout
[15/05/2025, 08:04:13] warn: Localization 2070 was not found for conf insufficient transport layer protection requiressl
[15/05/2025, 08:04:13] warn: Localization 2070 was not found for conf insufficient transport layer protection secure
[15/05/2025, 08:04:13] warn: Localization 2070 was not found for conf insufficient transport layer protection transport-guarantee
[15/05/2025, 08:04:13] warn: Localization 2070 was not found for conf obsolete option safe_mode
[15/05/2025, 08:04:13] warn: Localization 2070 was not found for conf obsolete option safe_mode_exec_dir
[15/05/2025, 08:04:13] warn: Localization 2070 was not found for conf obsolete option safe_mode_gid
[15/05/2025, 08:04:13] warn: Localization 2070 was not found for conf obsolete option safe_mode_include_dir
[15/05/2025, 08:04:13] warn: Localization 2070 was not found for conf path traversal vulnerability open_basedir
[15/05/2025, 08:04:13] warn: Localization 2070 was not found for conf remote code execution addhandler
[15/05/2025, 08:04:13] warn: Localization 2070 was not found for conf remote code execution addtype
[15/05/2025, 08:04:13] warn: Localization 2070 was not found for conf remote code execution assert.active
[15/05/2025, 08:04:13] warn: Localization 2070 was not found for conf remote code execution auto_append_file
[15/05/2025, 08:04:13] warn: Localization 2070 was not found for conf remote code execution auto_prepend_file
[15/05/2025, 08:04:13] warn: Localization 2070 was not found for conf remote code execution enable_dl
[15/05/2025, 08:04:13] warn: Localization 2070 was not found for conf remote code execution php_value
[15/05/2025, 08:04:13] warn: Localization 2070 was not found for conf remote command execution disable_functions
[15/05/2025, 08:04:13] warn: Localization 2070 was not found for conf remote command execution http-method
[15/05/2025, 08:04:13] warn: Localization 2070 was not found for conf remote command execution loadmodule cgi_module
[15/05/2025, 08:04:13] warn: Localization 2070 was not found for conf remote file inclusion allow_url_fopen
[15/05/2025, 08:04:13] warn: Localization 2070 was not found for conf remote file inclusion allow_url_include
[15/05/2025, 08:04:13] warn: Localization 2070 was not found for conf remote file inclusion cgi.fix_pathinfo
[15/05/2025, 08:04:13] warn: Localization 2070 was not found for conf response splitting enableheaderchecking
[15/05/2025, 08:04:13] warn: Localization 2070 was not found for conf response splitting useunsafeheaderparsing
[15/05/2025, 08:04:13] warn: Localization 2070 was not found for conf session hijacking log_errors
[15/05/2025, 08:04:13] warn: Localization 2070 was not found for conf session hijacking session.cookie_lifetime
[15/05/2025, 08:04:13] warn: Localization 2070 was not found for conf session hijacking session.cookie_secure
[15/05/2025, 08:04:13] warn: Localization 2070 was not found for conf session hijacking session.referer_check
[15/05/2025, 08:04:13] warn: Localization 2070 was not found for conf session hijacking session.save_path
[15/05/2025, 08:04:13] warn: Localization 2070 was not found for conf session hijacking session.use_cookies
[15/05/2025, 08:04:13] warn: Localization 2070 was not found for conf session hijacking session.use_only_cookies
[15/05/2025, 08:04:13] warn: Localization 2070 was not found for conf session hijacking session.use_strict_mode
[15/05/2025, 08:04:13] warn: Localization 2070 was not found for conf session hijacking ssl
[15/05/2025, 08:04:13] warn: Localization 2070 was not found for conf session hijacking ssl_certificate
[15/05/2025, 08:04:13] warn: Localization 2070 was not found for conf session hijacking ssl_certificate_key
[15/05/2025, 08:04:13] warn: Localization 2070 was not found for conf session hijacking ssl_ciphers
[15/05/2025, 08:04:13] warn: Localization 2070 was not found for conf session hijacking ssl_dhparam
[15/05/2025, 08:04:13] warn: Localization 2070 was not found for conf session hijacking ssl_prefer_server_ciphers
[15/05/2025, 08:04:13] warn: Localization 2070 was not found for conf session hijacking ssl_protocols
[15/05/2025, 08:04:13] warn: Localization 2070 was not found for conf session hijacking ssl_session_cache
[15/05/2025, 08:04:13] warn: Localization 2070 was not found for conf session hijacking ssl_session_timeout
[15/05/2025, 08:04:13] warn: Localization 2070 was not found for conf session hijacking ssl_stapling
[15/05/2025, 08:04:13] warn: Localization 2070 was not found for conf session hijacking tracking-mode
[15/05/2025, 08:04:13] warn: Localization 2070 was not found for conf sql injection magic_quotes_gpc
[15/05/2025, 08:04:13] warn: Localization 2070 was not found for conf sql injection magic_quotes_runtime
[15/05/2025, 08:04:13] warn: Localization 2070 was not found for conf sql injection magic_quotes_sybase
[15/05/2025, 08:04:13] warn: Localization 2070 was not found for domain.xml @audit-enabled
[15/05/2025, 08:04:13] warn: Localization 2070 was not found for domain.xml @port
[15/05/2025, 08:04:13] warn: Localization 2070 was not found for domain.xml @value
[15/05/2025, 08:04:13] warn: Localization 2070 was not found for domain.xml @xpowered-by
[15/05/2025, 08:04:13] warn: Localization 2070 was not found for domain.xml jvm-options
[15/05/2025, 08:04:13] warn: Localization 2070 was not found for ios_info.plist cfbundleurltypes
[15/05/2025, 08:04:13] warn: Localization 2070 was not found for ios_info.plist nsexceptionallowsinsecurehttploads
[15/05/2025, 08:04:13] warn: Localization 2070 was not found for ios_info.plist nsexceptionminimumtlsversion
[15/05/2025, 08:04:13] warn: Localization 2070 was not found for ios_info.plist nstemporarythirdpartyexceptionallowsinsecurehttploads
[15/05/2025, 08:04:13] warn: Localization 2070 was not found for ios_info.plist nstemporarythirdpartyexceptionminimumtlsversion
[15/05/2025, 08:04:13] warn: Localization 2070 was not found for lighttpd.conf cgi.assign
[15/05/2025, 08:04:13] warn: Localization 2070 was not found for lighttpd.conf server.dir-listing
[15/05/2025, 08:04:13] warn: Localization 2070 was not found for lighttpd.conf setenv.add-response-header
[15/05/2025, 08:04:13] warn: Localization 2070 was not found for lighttpd.conf status.config-url
[15/05/2025, 08:04:13] warn: Localization 2070 was not found for lighttpd.conf status.status-url
[15/05/2025, 08:04:13] warn: Localization 2070 was not found for lighttpd.conf webdav.is-readonly
[15/05/2025, 08:04:13] warn: Localization 2070 was not found for machine.config @debug
[15/05/2025, 08:04:13] warn: Localization 2070 was not found for machine.config @decryption
[15/05/2025, 08:04:13] warn: Localization 2070 was not found for machine.config @decryptionkey
[15/05/2025, 08:04:13] warn: Localization 2070 was not found for machine.config @passwordformat
[15/05/2025, 08:04:13] warn: Localization 2070 was not found for machine.config @retail
[15/05/2025, 08:04:13] warn: Localization 2070 was not found for machine.config @username[@processmodel]
[15/05/2025, 08:04:13] warn: Localization 2070 was not found for machine.config @validation
[15/05/2025, 08:04:13] warn: Localization 2070 was not found for machine.config @validationkey
[15/05/2025, 08:04:13] warn: Localization 2070 was not found for nginx.conf add_header
[15/05/2025, 08:04:13] warn: Localization 2070 was not found for nginx.conf add_header[inheritance]
[15/05/2025, 08:04:13] warn: Localization 2070 was not found for nginx.conf alias[traversal]
[15/05/2025, 08:04:13] warn: Localization 2070 was not found for nginx.conf autoindex
[15/05/2025, 08:04:13] warn: Localization 2070 was not found for nginx.conf error_log
[15/05/2025, 08:04:13] warn: Localization 2070 was not found for nginx.conf error_page
[15/05/2025, 08:04:13] warn: Localization 2070 was not found for nginx.conf more_set_headers
[15/05/2025, 08:04:13] warn: Localization 2070 was not found for nginx.conf proxy_set_header
[15/05/2025, 08:04:13] warn: Localization 2070 was not found for nginx.conf server_tokens
[15/05/2025, 08:04:13] warn: Localization 2070 was not found for nginx.conf ssi
[15/05/2025, 08:04:13] warn: Localization 2070 was not found for nginx.conf ssl
[15/05/2025, 08:04:13] warn: Localization 2070 was not found for nginx.conf ssl_certificate
[15/05/2025, 08:04:13] warn: Localization 2070 was not found for nginx.conf ssl_certificate_key
[15/05/2025, 08:04:13] warn: Localization 2070 was not found for nginx.conf ssl_ciphers
[15/05/2025, 08:04:13] warn: Localization 2070 was not found for nginx.conf ssl_dhparam
[15/05/2025, 08:04:13] warn: Localization 2070 was not found for nginx.conf ssl_prefer_server_ciphers
[15/05/2025, 08:04:13] warn: Localization 2070 was not found for nginx.conf ssl_protocols
[15/05/2025, 08:04:13] warn: Localization 2070 was not found for nginx.conf ssl_session_cache
[15/05/2025, 08:04:13] warn: Localization 2070 was not found for nginx.conf ssl_session_timeout
[15/05/2025, 08:04:13] warn: Localization 2070 was not found for nginx.conf ssl_stapling
[15/05/2025, 08:04:13] warn: Localization 2070 was not found for nginx.conf valid_referers
[15/05/2025, 08:04:13] warn: Localization 2070 was not found for php.ini allow_url_fopen
[15/05/2025, 08:04:13] warn: Localization 2070 was not found for php.ini allow_url_include
[15/05/2025, 08:04:13] warn: Localization 2070 was not found for php.ini assert.active
[15/05/2025, 08:04:13] warn: Localization 2070 was not found for php.ini auto_append_file
[15/05/2025, 08:04:13] warn: Localization 2070 was not found for php.ini auto_prepend_file
[15/05/2025, 08:04:13] warn: Localization 2070 was not found for php.ini cgi.fix_pathinfo
[15/05/2025, 08:04:13] warn: Localization 2070 was not found for php.ini cgi.force_redirect
[15/05/2025, 08:04:13] warn: Localization 2070 was not found for php.ini disable_functions
[15/05/2025, 08:04:13] warn: Localization 2070 was not found for php.ini display_errors
[15/05/2025, 08:04:13] warn: Localization 2070 was not found for php.ini display_startup_errors
[15/05/2025, 08:04:13] warn: Localization 2070 was not found for php.ini enable_dl
[15/05/2025, 08:04:13] warn: Localization 2070 was not found for php.ini expose_php
[15/05/2025, 08:04:13] warn: Localization 2070 was not found for php.ini log_errors
[15/05/2025, 08:04:13] warn: Localization 2070 was not found for php.ini magic_quotes_gpc
[15/05/2025, 08:04:13] warn: Localization 2070 was not found for php.ini magic_quotes_runtime
[15/05/2025, 08:04:13] warn: Localization 2070 was not found for php.ini magic_quotes_sybase
[15/05/2025, 08:04:13] warn: Localization 2070 was not found for php.ini max_execution_time
[15/05/2025, 08:04:13] warn: Localization 2070 was not found for php.ini max_input_nesting_level
[15/05/2025, 08:04:13] warn: Localization 2070 was not found for php.ini max_input_time
[15/05/2025, 08:04:13] warn: Localization 2070 was not found for php.ini memory_limit
[15/05/2025, 08:04:13] warn: Localization 2070 was not found for php.ini open_basedir
[15/05/2025, 08:04:13] warn: Localization 2070 was not found for php.ini post_max_size
[15/05/2025, 08:04:13] warn: Localization 2070 was not found for php.ini register_globals
[15/05/2025, 08:04:13] warn: Localization 2070 was not found for php.ini request_order
[15/05/2025, 08:04:13] warn: Localization 2070 was not found for php.ini safe_mode
[15/05/2025, 08:04:13] warn: Localization 2070 was not found for php.ini session.cookie_httponly
[15/05/2025, 08:04:13] warn: Localization 2070 was not found for php.ini session.cookie_lifetime
[15/05/2025, 08:04:13] warn: Localization 2070 was not found for php.ini session.cookie_secure
[15/05/2025, 08:04:13] warn: Localization 2070 was not found for php.ini session.save_path
[15/05/2025, 08:04:13] warn: Localization 2070 was not found for php.ini session.use_cookies
[15/05/2025, 08:04:13] warn: Localization 2070 was not found for php.ini session.use_only_cookies
[15/05/2025, 08:04:13] warn: Localization 2070 was not found for php.ini session.use_strict_mode
[15/05/2025, 08:04:13] warn: Localization 2070 was not found for php.ini session.use_trans_sid
[15/05/2025, 08:04:13] warn: Localization 2070 was not found for php.ini upload_max_filesize
[15/05/2025, 08:04:13] warn: Localization 2070 was not found for potential vulnerability
[15/05/2025, 08:04:13] warn: Localization 2070 was not found for server.xml_tomcat @allowtrace
[15/05/2025, 08:04:13] warn: Localization 2070 was not found for server.xml_tomcat @autodeploy
[15/05/2025, 08:04:13] warn: Localization 2070 was not found for server.xml_tomcat @clientauth
[15/05/2025, 08:04:13] warn: Localization 2070 was not found for server.xml_tomcat @connectiontimeout
[15/05/2025, 08:04:13] warn: Localization 2070 was not found for server.xml_tomcat @deployonstartup
[15/05/2025, 08:04:13] warn: Localization 2070 was not found for server.xml_tomcat @maxhttpheadersize
[15/05/2025, 08:04:13] warn: Localization 2070 was not found for server.xml_tomcat @secure
[15/05/2025, 08:04:13] warn: Localization 2070 was not found for server.xml_tomcat @shutdown
[15/05/2025, 08:04:13] warn: Localization 2070 was not found for server.xml_tomcat @xpoweredby
[15/05/2025, 08:04:13] warn: Localization 2070 was not found for server.xml_websphere @allowlogoutpageredirecttoanyhost
[15/05/2025, 08:04:13] warn: Localization 2070 was not found for server.xml_websphere @displayauthenticationrealm
[15/05/2025, 08:04:13] warn: Localization 2070 was not found for server.xml_websphere @preservefullyqualifiedreferrerurl
[15/05/2025, 08:04:13] warn: Localization 2070 was not found for standalone.xml @default-user
[15/05/2025, 08:04:13] warn: Localization 2070 was not found for standalone.xml @display-source-fragment
[15/05/2025, 08:04:13] warn: Localization 2070 was not found for standalone.xml @scan-interval
[15/05/2025, 08:04:13] warn: Localization 2070 was not found for standalone.xml @value
[15/05/2025, 08:04:13] warn: Localization 2070 was not found for standalone.xml @x-powered-by
[15/05/2025, 08:04:13] warn: Localization 2070 was not found for web.config @allowoverride
[15/05/2025, 08:04:13] warn: Localization 2070 was not found for web.config @cacherolesincookie
[15/05/2025, 08:04:13] warn: Localization 2070 was not found for web.config @certificatevalidationmode
[15/05/2025, 08:04:13] warn: Localization 2070 was not found for web.config @connectionprotection
[15/05/2025, 08:04:13] warn: Localization 2070 was not found for web.config @cookieless
[15/05/2025, 08:04:13] warn: Localization 2070 was not found for web.config @cookieprotection
[15/05/2025, 08:04:13] warn: Localization 2070 was not found for web.config @cookierequiressl
[15/05/2025, 08:04:13] warn: Localization 2070 was not found for web.config @cookieslidingexpiration
[15/05/2025, 08:04:13] warn: Localization 2070 was not found for web.config @cookietimeout
[15/05/2025, 08:04:13] warn: Localization 2070 was not found for web.config @createpersistentcookie
[15/05/2025, 08:04:13] warn: Localization 2070 was not found for web.config @debug
[15/05/2025, 08:04:13] warn: Localization 2070 was not found for web.config @decryptionkey
[15/05/2025, 08:04:13] warn: Localization 2070 was not found for web.config @enablecrossappredirects
[15/05/2025, 08:04:13] warn: Localization 2070 was not found for web.config @enabled
[15/05/2025, 08:04:13] warn: Localization 2070 was not found for web.config @enabled[directorybrowse]
[15/05/2025, 08:04:13] warn: Localization 2070 was not found for web.config @enableeventvalidation
[15/05/2025, 08:04:13] warn: Localization 2070 was not found for web.config @enableheaderchecking
[15/05/2025, 08:04:13] warn: Localization 2070 was not found for web.config @enableversionheader
[15/05/2025, 08:04:13] warn: Localization 2070 was not found for web.config @enableviewstatemac
[15/05/2025, 08:04:13] warn: Localization 2070 was not found for web.config @httponlycookies
[15/05/2025, 08:04:13] warn: Localization 2070 was not found for web.config @level
[15/05/2025, 08:04:13] warn: Localization 2070 was not found for web.config @maxeventdetaillength
[15/05/2025, 08:04:13] warn: Localization 2070 was not found for web.config @maxeventlengthforsimplemessage
[15/05/2025, 08:04:13] warn: Localization 2070 was not found for web.config @maxrequestlength
[15/05/2025, 08:04:13] warn: Localization 2070 was not found for web.config @maxsizeforsimplemessage
[15/05/2025, 08:04:13] warn: Localization 2070 was not found for web.config @minrequirednonalphanumericcharacters
[15/05/2025, 08:04:13] warn: Localization 2070 was not found for web.config @minrequiredpasswordlength
[15/05/2025, 08:04:13] warn: Localization 2070 was not found for web.config @mode
[15/05/2025, 08:04:13] warn: Localization 2070 was not found for web.config @name[@credentials]
[15/05/2025, 08:04:13] warn: Localization 2070 was not found for web.config @passwordformat
[15/05/2025, 08:04:13] warn: Localization 2070 was not found for web.config @protection
[15/05/2025, 08:04:13] warn: Localization 2070 was not found for web.config @requestvalidationmode
[15/05/2025, 08:04:13] warn: Localization 2070 was not found for web.config @requiressl
[15/05/2025, 08:04:13] warn: Localization 2070 was not found for web.config @requiressl[@authentication]
[15/05/2025, 08:04:13] warn: Localization 2070 was not found for web.config @slidingexpiration
[15/05/2025, 08:04:13] warn: Localization 2070 was not found for web.config @statuscode
[15/05/2025, 08:04:13] warn: Localization 2070 was not found for web.config @timeout
[15/05/2025, 08:04:13] warn: Localization 2070 was not found for web.config @type
[15/05/2025, 08:04:13] warn: Localization 2070 was not found for web.config @username[@identity]
[15/05/2025, 08:04:13] warn: Localization 2070 was not found for web.config @users
[15/05/2025, 08:04:13] warn: Localization 2070 was not found for web.config @useunsafeheaderparsing
[15/05/2025, 08:04:13] warn: Localization 2070 was not found for web.config @validaterequest
[15/05/2025, 08:04:13] warn: Localization 2070 was not found for web.config @validation
[15/05/2025, 08:04:13] warn: Localization 2070 was not found for web.config @validationkey
[15/05/2025, 08:04:13] warn: Localization 2070 was not found for web.config @value
[15/05/2025, 08:04:13] warn: Localization 2070 was not found for web.config @value[@accesscontrolalloworiginheader]
[15/05/2025, 08:04:13] warn: Localization 2070 was not found for web.config @value[@aspnetcore_environment]
[15/05/2025, 08:04:13] warn: Localization 2070 was not found for web.config @value[uselegacyencryption]
[15/05/2025, 08:04:13] warn: Localization 2070 was not found for web.config @value[x-frame-options]
[15/05/2025, 08:04:13] warn: Localization 2070 was not found for web.config @viewstateencryptionmode
[15/05/2025, 08:04:13] warn: Localization 2070 was not found for web.config ciphervalue[@sessionstate]
[15/05/2025, 08:04:13] warn: Localization 2070 was not found for web.config remove/@name[documentation]
[15/05/2025, 08:04:13] warn: Localization 2070 was not found for web.config remove/@name[x-powered-by]
[15/05/2025, 08:04:13] warn: Localization 2070 was not found for web.xml error-code
[15/05/2025, 08:04:13] warn: Localization 2070 was not found for web.xml http-method
[15/05/2025, 08:04:13] warn: Localization 2070 was not found for web.xml http-only
[15/05/2025, 08:04:13] warn: Localization 2070 was not found for web.xml param-value
[15/05/2025, 08:04:13] warn: Localization 2070 was not found for web.xml secure
[15/05/2025, 08:04:13] warn: Localization 2070 was not found for web.xml session-timeout
[15/05/2025, 08:04:13] warn: Localization 2070 was not found for web.xml tracking-mode
[15/05/2025, 08:04:13] warn: Localization 2070 was not found for web.xml transport-guarantee
[15/05/2025, 08:04:13] info: Clean up logs files was started
[15/05/2025, 08:04:13] info: Clean up logs files was finished
