[17/06/2025, 11:22:53] info: Logging was started to file.
[17/06/2025, 11:22:53] info: Start application inspector initialization
[17/06/2025, 11:22:53] info: Hide developer mode UI
[17/06/2025, 11:22:54] info: Infrastructure Configurations: {"port":8000,"infrastructureAssemblyFolderPath":"C:\\Users\\papel\\AppData\\Local\\Application Inspector Analyzer","applicationResourcesFolderPath":"C:\\Users\\papel\\AppData\\Local\\Application Inspector Analyzer","scanTargetFolderPath":"c:\\Users\\papel\\Desktop\\portifolio_papelaria","isDebugging":false,"logLevel":{"i2_1":"Error","j2_1":5,"type":5,"key":"Settings.LogLevel.Error.Text"},"logDir":"c:\\Users\\papel\\Desktop\\portifolio_papelaria\\.ai\\Logs\\Infrastructure\\2025-06-17-11-22-54","tipsFoundNotificationThreshold":15,"similarIssuesFoundNotificationThreshold":15,"applicationLocalDataFolderPath":"c:\\Users\\papel\\Desktop\\portifolio_papelaria\\.ai"}
[17/06/2025, 11:22:54] info: Start infrastructure initialization
[17/06/2025, 11:23:01] info: Infrastructure was started
[17/06/2025, 11:23:06] info: Initialize aie integration isn't initialized
[17/06/2025, 11:23:06] info: Infrastructure was initialized
[17/06/2025, 11:23:06] info: Infrastructure Installer was deleted
[17/06/2025, 11:23:07] warn: Localization 2070 was not found for apache mod_negotiation resource location disclosure
[17/06/2025, 11:23:07] warn: Localization 2070 was not found for arbitrary directory copying
[17/06/2025, 11:23:07] warn: Localization 2070 was not found for arbitrary directory creation
[17/06/2025, 11:23:07] warn: Localization 2070 was not found for arbitrary directory deletion
[17/06/2025, 11:23:07] warn: Localization 2070 was not found for arbitrary directory listing
[17/06/2025, 11:23:07] warn: Localization 2070 was not found for arbitrary directory moving
[17/06/2025, 11:23:07] warn: Localization 2070 was not found for arbitrary file copying
[17/06/2025, 11:23:07] warn: Localization 2070 was not found for arbitrary file creation
[17/06/2025, 11:23:07] warn: Localization 2070 was not found for arbitrary file deletion
[17/06/2025, 11:23:07] warn: Localization 2070 was not found for arbitrary file modification
[17/06/2025, 11:23:07] warn: Localization 2070 was not found for arbitrary file moving
[17/06/2025, 11:23:07] warn: Localization 2070 was not found for arbitrary file reading
[17/06/2025, 11:23:07] warn: Localization 2070 was not found for cookie injection
[17/06/2025, 11:23:07] warn: Localization 2070 was not found for credentials brute-force
[17/06/2025, 11:23:07] warn: Localization 2070 was not found for cross-site request forgery
[17/06/2025, 11:23:07] warn: Localization 2070 was not found for cross-site scripting
[17/06/2025, 11:23:07] warn: Localization 2070 was not found for cursor injection
[17/06/2025, 11:23:07] warn: Localization 2070 was not found for cursor sqli
[17/06/2025, 11:23:07] warn: Localization 2070 was not found for default
[17/06/2025, 11:23:07] warn: Localization 2070 was not found for denial of service
[17/06/2025, 11:23:07] warn: Localization 2070 was not found for deserialization of untrusted data
[17/06/2025, 11:23:07] warn: Localization 2070 was not found for df
[17/06/2025, 11:23:07] warn: Localization 2070 was not found for djangoorminjection
[17/06/2025, 11:23:07] warn: Localization 2070 was not found for dll injection
[17/06/2025, 11:23:07] warn: Localization 2070 was not found for double free
[17/06/2025, 11:23:07] warn: Localization 2070 was not found for dynamic code injection
[17/06/2025, 11:23:07] warn: Localization 2070 was not found for dynamic query injection
[17/06/2025, 11:23:07] warn: Localization 2070 was not found for external control of configuration
[17/06/2025, 11:23:07] warn: Localization 2070 was not found for fingerprinting
[17/06/2025, 11:23:07] warn: Localization 2070 was not found for format string
[17/06/2025, 11:23:07] warn: Localization 2070 was not found for hardcoded password
[17/06/2025, 11:23:07] warn: Localization 2070 was not found for heap overflow
[17/06/2025, 11:23:07] warn: Localization 2070 was not found for http header injection
[17/06/2025, 11:23:07] warn: Localization 2070 was not found for http request splitting
[17/06/2025, 11:23:07] warn: Localization 2070 was not found for http response splitting
[17/06/2025, 11:23:07] warn: Localization 2070 was not found for improper access control taint
[17/06/2025, 11:23:07] warn: Localization 2070 was not found for improper resource shutdown or release
[17/06/2025, 11:23:07] warn: Localization 2070 was not found for information exposure
[17/06/2025, 11:23:07] warn: Localization 2070 was not found for injection
[17/06/2025, 11:23:07] warn: Localization 2070 was not found for insecure direct object references
[17/06/2025, 11:23:07] warn: Localization 2070 was not found for insufficient session expiration
[17/06/2025, 11:23:07] warn: Localization 2070 was not found for integer overflow
[17/06/2025, 11:23:07] warn: Localization 2070 was not found for ldap injection
[17/06/2025, 11:23:07] warn: Localization 2070 was not found for like injection
[17/06/2025, 11:23:07] warn: Localization 2070 was not found for linq injection
[17/06/2025, 11:23:07] warn: Localization 2070 was not found for local file inclusion
[17/06/2025, 11:23:07] warn: Localization 2070 was not found for log forging
[17/06/2025, 11:23:07] warn: Localization 2070 was not found for nosql injection
[17/06/2025, 11:23:07] warn: Localization 2070 was not found for null dereference
[17/06/2025, 11:23:07] warn: Localization 2070 was not found for object injection
[17/06/2025, 11:23:07] warn: Localization 2070 was not found for open redirect
[17/06/2025, 11:23:07] warn: Localization 2070 was not found for orm injection
[17/06/2025, 11:23:07] warn: Localization 2070 was not found for os commanding
[17/06/2025, 11:23:07] warn: Localization 2070 was not found for padding oracle attack
[17/06/2025, 11:23:07] warn: Localization 2070 was not found for path traversal
[17/06/2025, 11:23:07] warn: Localization 2070 was not found for persistent cookie exposing
[17/06/2025, 11:23:07] warn: Localization 2070 was not found for potential path traversal
[17/06/2025, 11:23:07] warn: Localization 2070 was not found for process control
[17/06/2025, 11:23:07] warn: Localization 2070 was not found for redos
[17/06/2025, 11:23:07] warn: Localization 2070 was not found for remote code execution
[17/06/2025, 11:23:07] warn: Localization 2070 was not found for remote file inclusion
[17/06/2025, 11:23:07] warn: Localization 2070 was not found for resource exhaustion
[17/06/2025, 11:23:07] warn: Localization 2070 was not found for resource location brute-force
[17/06/2025, 11:23:07] warn: Localization 2070 was not found for server-side request forgery
[17/06/2025, 11:23:07] warn: Localization 2070 was not found for server-side template injection
[17/06/2025, 11:23:07] warn: Localization 2070 was not found for serverfingerprinting
[17/06/2025, 11:23:07] warn: Localization 2070 was not found for session management weakness
[17/06/2025, 11:23:07] warn: Localization 2070 was not found for shellshock
[17/06/2025, 11:23:07] warn: Localization 2070 was not found for smtp header injection
[17/06/2025, 11:23:07] warn: Localization 2070 was not found for sql injection
[17/06/2025, 11:23:07] warn: Localization 2070 was not found for sqli
[17/06/2025, 11:23:07] warn: Localization 2070 was not found for stack overflow
[17/06/2025, 11:23:07] warn: Localization 2070 was not found for uaf
[17/06/2025, 11:23:07] warn: Localization 2070 was not found for uncontrolled data manipulation
[17/06/2025, 11:23:07] warn: Localization 2070 was not found for uncontrolled env var modification
[17/06/2025, 11:23:07] warn: Localization 2070 was not found for unrestricted file upload
[17/06/2025, 11:23:07] warn: Localization 2070 was not found for use after free
[17/06/2025, 11:23:07] warn: Localization 2070 was not found for webview xss taint
[17/06/2025, 11:23:07] warn: Localization 2070 was not found for xml entity expansion
[17/06/2025, 11:23:07] warn: Localization 2070 was not found for xml external entity
[17/06/2025, 11:23:07] warn: Localization 2070 was not found for xpath injection
[17/06/2025, 11:23:07] warn: Localization 2070 was not found for xquery injection
[17/06/2025, 11:23:07] warn: Localization 2070 was not found for 100
[17/06/2025, 11:23:07] warn: Localization 2070 was not found for 101
[17/06/2025, 11:23:07] warn: Localization 2070 was not found for 102
[17/06/2025, 11:23:07] warn: Localization 2070 was not found for 103
[17/06/2025, 11:23:07] warn: Localization 2070 was not found for 104
[17/06/2025, 11:23:07] warn: Localization 2070 was not found for 105
[17/06/2025, 11:23:07] warn: Localization 2070 was not found for 107
[17/06/2025, 11:23:07] warn: Localization 2070 was not found for 108
[17/06/2025, 11:23:07] warn: Localization 2070 was not found for 109
[17/06/2025, 11:23:07] warn: Localization 2070 was not found for 111
[17/06/2025, 11:23:07] warn: Localization 2070 was not found for 113
[17/06/2025, 11:23:07] warn: Localization 2070 was not found for 114
[17/06/2025, 11:23:07] warn: Localization 2070 was not found for 116
[17/06/2025, 11:23:07] warn: Localization 2070 was not found for 117
[17/06/2025, 11:23:07] warn: Localization 2070 was not found for 118
[17/06/2025, 11:23:07] warn: Localization 2070 was not found for 120
[17/06/2025, 11:23:07] warn: Localization 2070 was not found for 122
[17/06/2025, 11:23:07] warn: Localization 2070 was not found for 123
[17/06/2025, 11:23:07] warn: Localization 2070 was not found for 124
[17/06/2025, 11:23:07] warn: Localization 2070 was not found for 125
[17/06/2025, 11:23:07] warn: Localization 2070 was not found for 127
[17/06/2025, 11:23:07] warn: Localization 2070 was not found for 128
[17/06/2025, 11:23:07] warn: Localization 2070 was not found for 129
[17/06/2025, 11:23:07] warn: Localization 2070 was not found for 130
[17/06/2025, 11:23:07] warn: Localization 2070 was not found for 135
[17/06/2025, 11:23:07] warn: Localization 2070 was not found for 138
[17/06/2025, 11:23:07] warn: Localization 2070 was not found for 139
[17/06/2025, 11:23:07] warn: Localization 2070 was not found for 140
[17/06/2025, 11:23:07] warn: Localization 2070 was not found for 141
[17/06/2025, 11:23:07] warn: Localization 2070 was not found for 142
[17/06/2025, 11:23:07] warn: Localization 2070 was not found for 144
[17/06/2025, 11:23:07] warn: Localization 2070 was not found for 145
[17/06/2025, 11:23:07] warn: Localization 2070 was not found for 146
[17/06/2025, 11:23:07] warn: Localization 2070 was not found for 147
[17/06/2025, 11:23:07] warn: Localization 2070 was not found for 148
[17/06/2025, 11:23:07] warn: Localization 2070 was not found for 149
[17/06/2025, 11:23:07] warn: Localization 2070 was not found for 150
[17/06/2025, 11:23:07] warn: Localization 2070 was not found for 151
[17/06/2025, 11:23:07] warn: Localization 2070 was not found for 152
[17/06/2025, 11:23:07] warn: Localization 2070 was not found for 153
[17/06/2025, 11:23:07] warn: Localization 2070 was not found for 154
[17/06/2025, 11:23:07] warn: Localization 2070 was not found for 156
[17/06/2025, 11:23:07] warn: Localization 2070 was not found for 157
[17/06/2025, 11:23:07] warn: Localization 2070 was not found for 158
[17/06/2025, 11:23:07] warn: Localization 2070 was not found for 159
[17/06/2025, 11:23:07] warn: Localization 2070 was not found for 160
[17/06/2025, 11:23:07] warn: Localization 2070 was not found for 161
[17/06/2025, 11:23:07] warn: Localization 2070 was not found for 162
[17/06/2025, 11:23:07] warn: Localization 2070 was not found for 163
[17/06/2025, 11:23:07] warn: Localization 2070 was not found for 164
[17/06/2025, 11:23:07] warn: Localization 2070 was not found for 165
[17/06/2025, 11:23:07] warn: Localization 2070 was not found for 200
[17/06/2025, 11:23:07] warn: Localization 2070 was not found for 24544
[17/06/2025, 11:23:07] warn: Localization 2070 was not found for 24545
[17/06/2025, 11:23:07] warn: Localization 2070 was not found for 24546
[17/06/2025, 11:23:07] warn: Localization 2070 was not found for 24547
[17/06/2025, 11:23:07] warn: Localization 2070 was not found for 24548
[17/06/2025, 11:23:07] warn: Localization 2070 was not found for 24549
[17/06/2025, 11:23:07] warn: Localization 2070 was not found for 24550
[17/06/2025, 11:23:07] warn: Localization 2070 was not found for 24551
[17/06/2025, 11:23:07] warn: Localization 2070 was not found for 24552
[17/06/2025, 11:23:07] warn: Localization 2070 was not found for 24553
[17/06/2025, 11:23:07] warn: Localization 2070 was not found for 24554
[17/06/2025, 11:23:07] warn: Localization 2070 was not found for 24555
[17/06/2025, 11:23:07] warn: Localization 2070 was not found for 24556
[17/06/2025, 11:23:07] warn: Localization 2070 was not found for 24557
[17/06/2025, 11:23:07] warn: Localization 2070 was not found for 24558
[17/06/2025, 11:23:07] warn: Localization 2070 was not found for 24559
[17/06/2025, 11:23:07] warn: Localization 2070 was not found for 24560
[17/06/2025, 11:23:07] warn: Localization 2070 was not found for 24561
[17/06/2025, 11:23:07] warn: Localization 2070 was not found for 24562
[17/06/2025, 11:23:07] warn: Localization 2070 was not found for 24563
[17/06/2025, 11:23:07] warn: Localization 2070 was not found for 24564
[17/06/2025, 11:23:07] warn: Localization 2070 was not found for 24565
[17/06/2025, 11:23:07] warn: Localization 2070 was not found for 24566
[17/06/2025, 11:23:07] warn: Localization 2070 was not found for 24567
[17/06/2025, 11:23:07] warn: Localization 2070 was not found for 24568
[17/06/2025, 11:23:07] warn: Localization 2070 was not found for 305
[17/06/2025, 11:23:07] warn: Localization 2070 was not found for 96
[17/06/2025, 11:23:07] warn: Localization 2070 was not found for 97
[17/06/2025, 11:23:07] warn: Localization 2070 was not found for 98
[17/06/2025, 11:23:07] warn: Localization 2070 was not found for 99
[17/06/2025, 11:23:07] warn: Localization 2070 was not found for attributes code inside addeventlistener
[17/06/2025, 11:23:07] warn: Localization 2070 was not found for attributes code inside attachevent
[17/06/2025, 11:23:07] warn: Localization 2070 was not found for attributes code inside createattribute
[17/06/2025, 11:23:07] warn: Localization 2070 was not found for attributes code inside element event
[17/06/2025, 11:23:07] warn: Localization 2070 was not found for attributes code inside setattribute
[17/06/2025, 11:23:07] warn: Localization 2070 was not found for attributes code inside setattributens
[17/06/2025, 11:23:07] warn: Localization 2070 was not found for buffer overflow
[17/06/2025, 11:23:07] warn: Localization 2070 was not found for buffer overflow in python
[17/06/2025, 11:23:07] warn: Localization 2070 was not found for buffer overflow pm
[17/06/2025, 11:23:07] warn: Localization 2070 was not found for class defines clone but not implement cloneable
[17/06/2025, 11:23:07] warn: Localization 2070 was not found for csrf protection disabled
[17/06/2025, 11:23:07] warn: Localization 2070 was not found for cursor snarfing plsql
[17/06/2025, 11:23:07] warn: Localization 2070 was not found for cursor snarfing tsql
[17/06/2025, 11:23:07] warn: Localization 2070 was not found for dangerous function plsql
[17/06/2025, 11:23:07] warn: Localization 2070 was not found for dangerous function tsql
[17/06/2025, 11:23:07] warn: Localization 2070 was not found for debug information leakage
[17/06/2025, 11:23:07] warn: Localization 2070 was not found for debug mode python
[17/06/2025, 11:23:07] warn: Localization 2070 was not found for deprecated functions objc
[17/06/2025, 11:23:07] warn: Localization 2070 was not found for deserialization of untrusted data pm
[17/06/2025, 11:23:07] warn: Localization 2070 was not found for deserialization of untrusted data pm python
[17/06/2025, 11:23:07] warn: Localization 2070 was not found for detection of error condition without action
[17/06/2025, 11:23:07] warn: Localization 2070 was not found for direct use of threads
[17/06/2025, 11:23:07] warn: Localization 2070 was not found for directorytraversalcreatereadstream
[17/06/2025, 11:23:07] warn: Localization 2070 was not found for directorytraversalreadfile
[17/06/2025, 11:23:07] warn: Localization 2070 was not found for disabling ssl certificate checks
[17/06/2025, 11:23:07] warn: Localization 2070 was not found for disabling ssl certificate checks c
[17/06/2025, 11:23:07] warn: Localization 2070 was not found for disabling ssl-tls certificate checks go
[17/06/2025, 11:23:07] warn: Localization 2070 was not found for divide by zero
[17/06/2025, 11:23:07] warn: Localization 2070 was not found for dom modification contextual fragment
[17/06/2025, 11:23:07] warn: Localization 2070 was not found for dom modification html tag
[17/06/2025, 11:23:07] warn: Localization 2070 was not found for dom modification selected position
[17/06/2025, 11:23:07] warn: Localization 2070 was not found for dom modification string inside document
[17/06/2025, 11:23:07] warn: Localization 2070 was not found for download of code without integrity check
[17/06/2025, 11:23:07] warn: Localization 2070 was not found for embedded malicious code
[17/06/2025, 11:23:07] warn: Localization 2070 was not found for empty default exception handler
[17/06/2025, 11:23:07] warn: Localization 2070 was not found for erroneous null comparison
[17/06/2025, 11:23:07] warn: Localization 2070 was not found for exposure of data element to wrong session
[17/06/2025, 11:23:07] warn: Localization 2070 was not found for exposure of system data to an unauthorized control sphere
[17/06/2025, 11:23:07] warn: Localization 2070 was not found for external control of file name or path
[17/06/2025, 11:23:07] warn: Localization 2070 was not found for file snarfing plsql
[17/06/2025, 11:23:07] warn: Localization 2070 was not found for format string pm
[17/06/2025, 11:23:07] warn: Localization 2070 was not found for forwarding via location
[17/06/2025, 11:23:07] warn: Localization 2070 was not found for forwarding via location function
[17/06/2025, 11:23:07] warn: Localization 2070 was not found for forwarding via opening new tab
[17/06/2025, 11:23:07] warn: Localization 2070 was not found for ftpusage
[17/06/2025, 11:23:07] warn: Localization 2070 was not found for go weak cryptographic hash
[17/06/2025, 11:23:07] warn: Localization 2070 was not found for hardcoded initialization vector
[17/06/2025, 11:23:07] warn: Localization 2070 was not found for hardcoded key
[17/06/2025, 11:23:07] warn: Localization 2070 was not found for hardcoded password kotlin
[17/06/2025, 11:23:07] warn: Localization 2070 was not found for hardcoded password pm
[17/06/2025, 11:23:07] warn: Localization 2070 was not found for hardcoded pbkdf password
[17/06/2025, 11:23:07] warn: Localization 2070 was not found for headerinjection
[17/06/2025, 11:23:07] warn: Localization 2070 was not found for improper access control
[17/06/2025, 11:23:07] warn: Localization 2070 was not found for improper access control c
[17/06/2025, 11:23:07] warn: Localization 2070 was not found for improper certificate validation
[17/06/2025, 11:23:07] warn: Localization 2070 was not found for improper check for unusual or exceptional conditions
[17/06/2025, 11:23:07] warn: Localization 2070 was not found for improperly implemented security check for standard
[17/06/2025, 11:23:07] warn: Localization 2070 was not found for include interface ssl
[17/06/2025, 11:23:07] warn: Localization 2070 was not found for incorrect permission assignment for critical resource
[17/06/2025, 11:23:07] warn: Localization 2070 was not found for incorrect permission assignment for critical resource 1
[17/06/2025, 11:23:07] warn: Localization 2070 was not found for incorrect permission assignment for critical resource go
[17/06/2025, 11:23:07] warn: Localization 2070 was not found for incorrect permission assignment for critical resource java
[17/06/2025, 11:23:07] warn: Localization 2070 was not found for incorrect unix api using
[17/06/2025, 11:23:07] warn: Localization 2070 was not found for incorrect usage of seeds in pseudo-random number generator
[17/06/2025, 11:23:07] warn: Localization 2070 was not found for incorrectpermissionassignmentphp
[17/06/2025, 11:23:07] warn: Localization 2070 was not found for information exposure pm
[17/06/2025, 11:23:07] warn: Localization 2070 was not found for information exposure through an error message
[17/06/2025, 11:23:07] warn: Localization 2070 was not found for information exposure through comments
[17/06/2025, 11:23:07] warn: Localization 2070 was not found for information exposure through persistent cookies
[17/06/2025, 11:23:07] warn: Localization 2070 was not found for information exposure through persistent cookies 1
[17/06/2025, 11:23:07] warn: Localization 2070 was not found for information exposure through static content
[17/06/2025, 11:23:07] warn: Localization 2070 was not found for informationexposureviaexception
[17/06/2025, 11:23:07] warn: Localization 2070 was not found for insecure cipher key export
[17/06/2025, 11:23:07] warn: Localization 2070 was not found for insecure connection protocol
[17/06/2025, 11:23:07] warn: Localization 2070 was not found for insecure cookie 1
[17/06/2025, 11:23:07] warn: Localization 2070 was not found for insecure cookie 2
[17/06/2025, 11:23:07] warn: Localization 2070 was not found for insecure cookie scope
[17/06/2025, 11:23:07] warn: Localization 2070 was not found for insecure data storage
[17/06/2025, 11:23:07] warn: Localization 2070 was not found for insecure data storage objc simple
[17/06/2025, 11:23:07] warn: Localization 2070 was not found for insecure network binding
[17/06/2025, 11:23:07] warn: Localization 2070 was not found for insecure randomness ojbc
[17/06/2025, 11:23:07] warn: Localization 2070 was not found for insecure randomness plsql
[17/06/2025, 11:23:07] warn: Localization 2070 was not found for insecure randomness tsql
[17/06/2025, 11:23:07] warn: Localization 2070 was not found for insecure rsa padding
[17/06/2025, 11:23:07] warn: Localization 2070 was not found for insecure rsa padding 1
[17/06/2025, 11:23:07] warn: Localization 2070 was not found for insecure ssl connection
[17/06/2025, 11:23:07] warn: Localization 2070 was not found for insecure ssl connection 1
[17/06/2025, 11:23:07] warn: Localization 2070 was not found for insecure ssl protocol
[17/06/2025, 11:23:07] warn: Localization 2070 was not found for insecure transport java
[17/06/2025, 11:23:07] warn: Localization 2070 was not found for insecure usage of jinja templates
[17/06/2025, 11:23:07] warn: Localization 2070 was not found for insecure usage of mako templates
[17/06/2025, 11:23:07] warn: Localization 2070 was not found for insecure validation functions
[17/06/2025, 11:23:07] warn: Localization 2070 was not found for insecure validation functions 1
[17/06/2025, 11:23:07] warn: Localization 2070 was not found for insecure work with temporary files
[17/06/2025, 11:23:07] warn: Localization 2070 was not found for insecureevalpython
[17/06/2025, 11:23:07] warn: Localization 2070 was not found for insufficient cors policy
[17/06/2025, 11:23:07] warn: Localization 2070 was not found for insufficient encryption key length
[17/06/2025, 11:23:07] warn: Localization 2070 was not found for insufficient encryption key length 1
[17/06/2025, 11:23:07] warn: Localization 2070 was not found for insufficient key size go
[17/06/2025, 11:23:07] warn: Localization 2070 was not found for insufficient logging&monitoring
[17/06/2025, 11:23:07] warn: Localization 2070 was not found for insufficient session expiration pm
[17/06/2025, 11:23:07] warn: Localization 2070 was not found for insufficientencryptionkeylength
[17/06/2025, 11:23:07] warn: Localization 2070 was not found for integer overflow pm
[17/06/2025, 11:23:07] warn: Localization 2070 was not found for jquery function that adds element
[17/06/2025, 11:23:07] warn: Localization 2070 was not found for jquery function that replaces element
[17/06/2025, 11:23:07] warn: Localization 2070 was not found for jquery html inside dom
[17/06/2025, 11:23:07] warn: Localization 2070 was not found for jquery unsafe functions for dom
[17/06/2025, 11:23:07] warn: Localization 2070 was not found for jquery wrap element to html
[17/06/2025, 11:23:07] warn: Localization 2070 was not found for json-test
[17/06/2025, 11:23:07] warn: Localization 2070 was not found for lack of the host key verification go
[17/06/2025, 11:23:07] warn: Localization 2070 was not found for least privilege violation
[17/06/2025, 11:23:07] warn: Localization 2070 was not found for leftover debug code
[17/06/2025, 11:23:07] warn: Localization 2070 was not found for marksafepython
[17/06/2025, 11:23:07] warn: Localization 2070 was not found for memory leak
[17/06/2025, 11:23:07] warn: Localization 2070 was not found for method without super clone
[17/06/2025, 11:23:07] warn: Localization 2070 was not found for method without super finalize
[17/06/2025, 11:23:07] warn: Localization 2070 was not found for missing auth localized reason
[17/06/2025, 11:23:07] warn: Localization 2070 was not found for missing encryption of sensitive data
[17/06/2025, 11:23:07] warn: Localization 2070 was not found for none
[17/06/2025, 11:23:07] warn: Localization 2070 was not found for notlsreject
[17/06/2025, 11:23:07] warn: Localization 2070 was not found for nslog using
[17/06/2025, 11:23:07] warn: Localization 2070 was not found for null dereference pattern
[17/06/2025, 11:23:07] warn: Localization 2070 was not found for null pbkdf password
[17/06/2025, 11:23:07] warn: Localization 2070 was not found for obsolete function
[17/06/2025, 11:23:07] warn: Localization 2070 was not found for openredirect
[17/06/2025, 11:23:07] warn: Localization 2070 was not found for overly broad grant
[17/06/2025, 11:23:07] warn: Localization 2070 was not found for override equals method without hashcode
[17/06/2025, 11:23:07] warn: Localization 2070 was not found for pattern matching
[17/06/2025, 11:23:07] warn: Localization 2070 was not found for php pm sensitive cookie in https session without ‘secure’ attribute
[17/06/2025, 11:23:07] warn: Localization 2070 was not found for plaintext storage of a password
[17/06/2025, 11:23:07] warn: Localization 2070 was not found for plaintext storage of a password 1
[17/06/2025, 11:23:07] warn: Localization 2070 was not found for play 1 html xss
[17/06/2025, 11:23:07] warn: Localization 2070 was not found for play 2 html xss
[17/06/2025, 11:23:07] warn: Localization 2070 was not found for poor logging practice logger
[17/06/2025, 11:23:07] warn: Localization 2070 was not found for poor logging practice system
[17/06/2025, 11:23:07] warn: Localization 2070 was not found for possible rce through sql injection
[17/06/2025, 11:23:07] warn: Localization 2070 was not found for private array typed field returned from a public method
[17/06/2025, 11:23:07] warn: Localization 2070 was not found for public data assigned to private array typed field
[17/06/2025, 11:23:07] warn: Localization 2070 was not found for python weak cryptographic hash
[17/06/2025, 11:23:07] warn: Localization 2070 was not found for python2input
[17/06/2025, 11:23:07] warn: Localization 2070 was not found for pythonassertion
[17/06/2025, 11:23:07] warn: Localization 2070 was not found for reflectedcrosssitescripting
[17/06/2025, 11:23:07] warn: Localization 2070 was not found for reliance on dns lookups in a security decision
[17/06/2025, 11:23:07] warn: Localization 2070 was not found for return of stack variable address
[17/06/2025, 11:23:07] warn: Localization 2070 was not found for reversible one way hash
[17/06/2025, 11:23:07] warn: Localization 2070 was not found for sensitive cookie in https session without ‘secure’ attribute
[17/06/2025, 11:23:07] warn: Localization 2070 was not found for sensitive cookie in https session without httponly attribute
[17/06/2025, 11:23:07] warn: Localization 2070 was not found for sensitive cookie in https session without secure attribute
[17/06/2025, 11:23:07] warn: Localization 2070 was not found for serversideinjectioneval
[17/06/2025, 11:23:07] warn: Localization 2070 was not found for serversideinjectionfunction
[17/06/2025, 11:23:07] warn: Localization 2070 was not found for serversideinjectionsetinterval
[17/06/2025, 11:23:07] warn: Localization 2070 was not found for serversideinjectionsettimeout
[17/06/2025, 11:23:07] warn: Localization 2070 was not found for serversideinjectionyaml
[17/06/2025, 11:23:07] warn: Localization 2070 was not found for ssl configuration flaws
[17/06/2025, 11:23:07] warn: Localization 2070 was not found for static random number generator
[17/06/2025, 11:23:07] warn: Localization 2070 was not found for time of check time of use race condition
[17/06/2025, 11:23:07] warn: Localization 2070 was not found for trust boundary violation
[17/06/2025, 11:23:07] warn: Localization 2070 was not found for type confusion
[17/06/2025, 11:23:07] warn: Localization 2070 was not found for uncontrolled memory allocation
[17/06/2025, 11:23:07] warn: Localization 2070 was not found for uncontrolled recursion
[17/06/2025, 11:23:07] warn: Localization 2070 was not found for unreachable code
[17/06/2025, 11:23:07] warn: Localization 2070 was not found for unsafe cross-origin resource sharing
[17/06/2025, 11:23:07] warn: Localization 2070 was not found for unsafe reflection
[17/06/2025, 11:23:07] warn: Localization 2070 was not found for unsalted one way hash
[17/06/2025, 11:23:07] warn: Localization 2070 was not found for unsalted one way hash 1
[17/06/2025, 11:23:07] warn: Localization 2070 was not found for unsaltedonewayhash
[17/06/2025, 11:23:07] warn: Localization 2070 was not found for unused var
[17/06/2025, 11:23:07] warn: Localization 2070 was not found for urllibusagepython
[17/06/2025, 11:23:07] warn: Localization 2070 was not found for use broken crypto
[17/06/2025, 11:23:07] warn: Localization 2070 was not found for use of a broken or risky cryptographic algorithm
[17/06/2025, 11:23:07] warn: Localization 2070 was not found for use of a broken or risky cryptographic algorithm 1
[17/06/2025, 11:23:07] warn: Localization 2070 was not found for use of a broken or risky cryptographic algorithm 2
[17/06/2025, 11:23:07] warn: Localization 2070 was not found for use of a broken or risky cryptographic algorithm 3
[17/06/2025, 11:23:07] warn: Localization 2070 was not found for use of a broken or risky cryptographic algorithm 4
[17/06/2025, 11:23:07] warn: Localization 2070 was not found for use of a broken or risky cryptographic algorithm 5
[17/06/2025, 11:23:07] warn: Localization 2070 was not found for use of a broken or risky cryptographic algorithm 6
[17/06/2025, 11:23:07] warn: Localization 2070 was not found for use of a broken or risky cryptographic algorithm go
[17/06/2025, 11:23:07] warn: Localization 2070 was not found for use of function with inconsistent implementations
[17/06/2025, 11:23:07] warn: Localization 2070 was not found for use of hardcoded cryptographic key
[17/06/2025, 11:23:07] warn: Localization 2070 was not found for use of insufficiently random values
[17/06/2025, 11:23:07] warn: Localization 2070 was not found for use of insufficiently random values 1
[17/06/2025, 11:23:07] warn: Localization 2070 was not found for use of insufficiently random values 2
[17/06/2025, 11:23:07] warn: Localization 2070 was not found for use of nullpointerexception catch
[17/06/2025, 11:23:07] warn: Localization 2070 was not found for use of obsolete function 1
[17/06/2025, 11:23:07] warn: Localization 2070 was not found for use of system exit
[17/06/2025, 11:23:07] warn: Localization 2070 was not found for use of uninitialized variable
[17/06/2025, 11:23:07] warn: Localization 2070 was not found for user driven insecure hash algorithm
[17/06/2025, 11:23:07] warn: Localization 2070 was not found for user driven insecure hash algorithm 1
[17/06/2025, 11:23:07] warn: Localization 2070 was not found for vulnerable template module
[17/06/2025, 11:23:07] warn: Localization 2070 was not found for weak crypto api objc
[17/06/2025, 11:23:07] warn: Localization 2070 was not found for weak crypto hash api objc
[17/06/2025, 11:23:07] warn: Localization 2070 was not found for weak crypto iv objc
[17/06/2025, 11:23:07] warn: Localization 2070 was not found for weak crypto key objc
[17/06/2025, 11:23:07] warn: Localization 2070 was not found for weak cryptographic algorithm 1
[17/06/2025, 11:23:07] warn: Localization 2070 was not found for weak cryptographic hash
[17/06/2025, 11:23:07] warn: Localization 2070 was not found for weak cryptographic hash plsql
[17/06/2025, 11:23:07] warn: Localization 2070 was not found for weak cryptographic hash tsql
[17/06/2025, 11:23:07] warn: Localization 2070 was not found for weak hmac key objc
[17/06/2025, 11:23:07] warn: Localization 2070 was not found for weak password requirements
[17/06/2025, 11:23:07] warn: Localization 2070 was not found for weak pbkdf salt
[17/06/2025, 11:23:07] warn: Localization 2070 was not found for weak rsa objc
[17/06/2025, 11:23:07] warn: Localization 2070 was not found for weakhashcrypto
[17/06/2025, 11:23:07] warn: Localization 2070 was not found for weakhashcryptojs
[17/06/2025, 11:23:07] warn: Localization 2070 was not found for webforms validaterequest
[17/06/2025, 11:23:07] warn: Localization 2070 was not found for webview xss
[17/06/2025, 11:23:07] warn: Localization 2070 was not found for xml external entity pm
[17/06/2025, 11:23:07] warn: Localization 2070 was not found for xss protection disabled
[17/06/2025, 11:23:07] warn: Localization 2070 was not found for yaml load
[17/06/2025, 11:23:07] warn: Localization 2070 was not found for .htaccess addhandler
[17/06/2025, 11:23:07] warn: Localization 2070 was not found for .htaccess addtype
[17/06/2025, 11:23:07] warn: Localization 2070 was not found for .htaccess options
[17/06/2025, 11:23:07] warn: Localization 2070 was not found for .htaccess php_value
[17/06/2025, 11:23:07] warn: Localization 2070 was not found for .htaccess serversignature
[17/06/2025, 11:23:07] warn: Localization 2070 was not found for android_manifest.xml @android:allowbackup
[17/06/2025, 11:23:07] warn: Localization 2070 was not found for android_manifest.xml @android:debuggable
[17/06/2025, 11:23:07] warn: Localization 2070 was not found for android_manifest.xml @android:exported
[17/06/2025, 11:23:07] warn: Localization 2070 was not found for android_manifest.xml @android:exported[provider]
[17/06/2025, 11:23:07] warn: Localization 2070 was not found for android_manifest.xml @android:protectionlevel
[17/06/2025, 11:23:07] warn: Localization 2070 was not found for android_manifest.xml @android:scheme
[17/06/2025, 11:23:07] warn: Localization 2070 was not found for android_networksecurityconfig.xml @src
[17/06/2025, 11:23:07] warn: Localization 2070 was not found for apache.conf addhandler
[17/06/2025, 11:23:07] warn: Localization 2070 was not found for apache.conf addtype
[17/06/2025, 11:23:07] warn: Localization 2070 was not found for apache.conf loadmodule
[17/06/2025, 11:23:07] warn: Localization 2070 was not found for apache.conf options
[17/06/2025, 11:23:07] warn: Localization 2070 was not found for apache.conf php_value
[17/06/2025, 11:23:07] warn: Localization 2070 was not found for apache.conf serversignature
[17/06/2025, 11:23:07] warn: Localization 2070 was not found for apache.conf servertokens
[17/06/2025, 11:23:07] warn: Localization 2070 was not found for apache.conf traceenable
[17/06/2025, 11:23:07] warn: Localization 2070 was not found for applicationhost.config @accesspolicy
[17/06/2025, 11:23:07] warn: Localization 2070 was not found for applicationhost.config @notlistedisapisallowed
[17/06/2025, 11:23:07] warn: Localization 2070 was not found for applicationhost.config @username
[17/06/2025, 11:23:07] warn: Localization 2070 was not found for conf arbitrary file upload file_uploads
[17/06/2025, 11:23:07] warn: Localization 2070 was not found for conf cross site scripting vulnerability http-only
[17/06/2025, 11:23:07] warn: Localization 2070 was not found for conf cross site scripting vulnerability httponlycookies
[17/06/2025, 11:23:07] warn: Localization 2070 was not found for conf cross site scripting vulnerability register_globals
[17/06/2025, 11:23:07] warn: Localization 2070 was not found for conf cross site scripting vulnerability session.cookie_httponly
[17/06/2025, 11:23:07] warn: Localization 2070 was not found for conf cross site scripting vulnerability traceenable
[17/06/2025, 11:23:07] warn: Localization 2070 was not found for conf cross site scripting vulnerability validaterequest
[17/06/2025, 11:23:07] warn: Localization 2070 was not found for conf denial of service loadmodule security2_module
[17/06/2025, 11:23:07] warn: Localization 2070 was not found for conf denial of service max_execution_time
[17/06/2025, 11:23:07] warn: Localization 2070 was not found for conf denial of service max_input_nesting_level
[17/06/2025, 11:23:07] warn: Localization 2070 was not found for conf denial of service max_input_time
[17/06/2025, 11:23:07] warn: Localization 2070 was not found for conf denial of service memory_limit
[17/06/2025, 11:23:07] warn: Localization 2070 was not found for conf denial of service post_max_size
[17/06/2025, 11:23:07] warn: Localization 2070 was not found for conf denial of service upload_max_filesize
[17/06/2025, 11:23:07] warn: Localization 2070 was not found for conf directory indexing autoindex
[17/06/2025, 11:23:07] warn: Localization 2070 was not found for conf directory indexing loadmodule autoindex_module
[17/06/2025, 11:23:07] warn: Localization 2070 was not found for conf directory indexing options
[17/06/2025, 11:23:07] warn: Localization 2070 was not found for conf directory indexing ssi
[17/06/2025, 11:23:07] warn: Localization 2070 was not found for conf information leakage curl.cainfo
[17/06/2025, 11:23:07] warn: Localization 2070 was not found for conf information leakage debug
[17/06/2025, 11:23:07] warn: Localization 2070 was not found for conf information leakage display_errors
[17/06/2025, 11:23:07] warn: Localization 2070 was not found for conf information leakage display_startup_errors
[17/06/2025, 11:23:07] warn: Localization 2070 was not found for conf information leakage error-code
[17/06/2025, 11:23:07] warn: Localization 2070 was not found for conf information leakage errordocument
[17/06/2025, 11:23:07] warn: Localization 2070 was not found for conf information leakage expose_php
[17/06/2025, 11:23:07] warn: Localization 2070 was not found for conf information leakage loadmodule include_module
[17/06/2025, 11:23:07] warn: Localization 2070 was not found for conf information leakage loadmodule info_module
[17/06/2025, 11:23:07] warn: Localization 2070 was not found for conf information leakage loadmodule negotiation_module
[17/06/2025, 11:23:07] warn: Localization 2070 was not found for conf information leakage mode
[17/06/2025, 11:23:07] warn: Localization 2070 was not found for conf information leakage param-name
[17/06/2025, 11:23:07] warn: Localization 2070 was not found for conf information leakage param-name-xsrf
[17/06/2025, 11:23:07] warn: Localization 2070 was not found for conf information leakage request_order
[17/06/2025, 11:23:07] warn: Localization 2070 was not found for conf information leakage server_tokens
[17/06/2025, 11:23:07] warn: Localization 2070 was not found for conf information leakage serversignature
[17/06/2025, 11:23:07] warn: Localization 2070 was not found for conf information leakage servertokens
[17/06/2025, 11:23:07] warn: Localization 2070 was not found for conf information leakage statuscode
[17/06/2025, 11:23:07] warn: Localization 2070 was not found for conf information leakage value
[17/06/2025, 11:23:07] warn: Localization 2070 was not found for conf insufficient authentication enableviewstatemac
[17/06/2025, 11:23:07] warn: Localization 2070 was not found for conf insufficient session expiration session-timeout
[17/06/2025, 11:23:07] warn: Localization 2070 was not found for conf insufficient transport layer protection requiressl
[17/06/2025, 11:23:07] warn: Localization 2070 was not found for conf insufficient transport layer protection secure
[17/06/2025, 11:23:07] warn: Localization 2070 was not found for conf insufficient transport layer protection transport-guarantee
[17/06/2025, 11:23:07] warn: Localization 2070 was not found for conf obsolete option safe_mode
[17/06/2025, 11:23:07] warn: Localization 2070 was not found for conf obsolete option safe_mode_exec_dir
[17/06/2025, 11:23:07] warn: Localization 2070 was not found for conf obsolete option safe_mode_gid
[17/06/2025, 11:23:07] warn: Localization 2070 was not found for conf obsolete option safe_mode_include_dir
[17/06/2025, 11:23:07] warn: Localization 2070 was not found for conf path traversal vulnerability open_basedir
[17/06/2025, 11:23:07] warn: Localization 2070 was not found for conf remote code execution addhandler
[17/06/2025, 11:23:07] warn: Localization 2070 was not found for conf remote code execution addtype
[17/06/2025, 11:23:07] warn: Localization 2070 was not found for conf remote code execution assert.active
[17/06/2025, 11:23:07] warn: Localization 2070 was not found for conf remote code execution auto_append_file
[17/06/2025, 11:23:07] warn: Localization 2070 was not found for conf remote code execution auto_prepend_file
[17/06/2025, 11:23:07] warn: Localization 2070 was not found for conf remote code execution enable_dl
[17/06/2025, 11:23:07] warn: Localization 2070 was not found for conf remote code execution php_value
[17/06/2025, 11:23:07] warn: Localization 2070 was not found for conf remote command execution disable_functions
[17/06/2025, 11:23:07] warn: Localization 2070 was not found for conf remote command execution http-method
[17/06/2025, 11:23:07] warn: Localization 2070 was not found for conf remote command execution loadmodule cgi_module
[17/06/2025, 11:23:07] warn: Localization 2070 was not found for conf remote file inclusion allow_url_fopen
[17/06/2025, 11:23:07] warn: Localization 2070 was not found for conf remote file inclusion allow_url_include
[17/06/2025, 11:23:07] warn: Localization 2070 was not found for conf remote file inclusion cgi.fix_pathinfo
[17/06/2025, 11:23:07] warn: Localization 2070 was not found for conf response splitting enableheaderchecking
[17/06/2025, 11:23:07] warn: Localization 2070 was not found for conf response splitting useunsafeheaderparsing
[17/06/2025, 11:23:07] warn: Localization 2070 was not found for conf session hijacking log_errors
[17/06/2025, 11:23:07] warn: Localization 2070 was not found for conf session hijacking session.cookie_lifetime
[17/06/2025, 11:23:07] warn: Localization 2070 was not found for conf session hijacking session.cookie_secure
[17/06/2025, 11:23:07] warn: Localization 2070 was not found for conf session hijacking session.referer_check
[17/06/2025, 11:23:07] warn: Localization 2070 was not found for conf session hijacking session.save_path
[17/06/2025, 11:23:07] warn: Localization 2070 was not found for conf session hijacking session.use_cookies
[17/06/2025, 11:23:07] warn: Localization 2070 was not found for conf session hijacking session.use_only_cookies
[17/06/2025, 11:23:07] warn: Localization 2070 was not found for conf session hijacking session.use_strict_mode
[17/06/2025, 11:23:07] warn: Localization 2070 was not found for conf session hijacking ssl
[17/06/2025, 11:23:07] warn: Localization 2070 was not found for conf session hijacking ssl_certificate
[17/06/2025, 11:23:07] warn: Localization 2070 was not found for conf session hijacking ssl_certificate_key
[17/06/2025, 11:23:07] warn: Localization 2070 was not found for conf session hijacking ssl_ciphers
[17/06/2025, 11:23:07] warn: Localization 2070 was not found for conf session hijacking ssl_dhparam
[17/06/2025, 11:23:07] warn: Localization 2070 was not found for conf session hijacking ssl_prefer_server_ciphers
[17/06/2025, 11:23:07] warn: Localization 2070 was not found for conf session hijacking ssl_protocols
[17/06/2025, 11:23:07] warn: Localization 2070 was not found for conf session hijacking ssl_session_cache
[17/06/2025, 11:23:07] warn: Localization 2070 was not found for conf session hijacking ssl_session_timeout
[17/06/2025, 11:23:07] warn: Localization 2070 was not found for conf session hijacking ssl_stapling
[17/06/2025, 11:23:07] warn: Localization 2070 was not found for conf session hijacking tracking-mode
[17/06/2025, 11:23:07] warn: Localization 2070 was not found for conf sql injection magic_quotes_gpc
[17/06/2025, 11:23:07] warn: Localization 2070 was not found for conf sql injection magic_quotes_runtime
[17/06/2025, 11:23:07] warn: Localization 2070 was not found for conf sql injection magic_quotes_sybase
[17/06/2025, 11:23:07] warn: Localization 2070 was not found for domain.xml @audit-enabled
[17/06/2025, 11:23:07] warn: Localization 2070 was not found for domain.xml @port
[17/06/2025, 11:23:07] warn: Localization 2070 was not found for domain.xml @value
[17/06/2025, 11:23:07] warn: Localization 2070 was not found for domain.xml @xpowered-by
[17/06/2025, 11:23:07] warn: Localization 2070 was not found for domain.xml jvm-options
[17/06/2025, 11:23:07] warn: Localization 2070 was not found for ios_info.plist cfbundleurltypes
[17/06/2025, 11:23:07] warn: Localization 2070 was not found for ios_info.plist nsexceptionallowsinsecurehttploads
[17/06/2025, 11:23:07] warn: Localization 2070 was not found for ios_info.plist nsexceptionminimumtlsversion
[17/06/2025, 11:23:07] warn: Localization 2070 was not found for ios_info.plist nstemporarythirdpartyexceptionallowsinsecurehttploads
[17/06/2025, 11:23:07] warn: Localization 2070 was not found for ios_info.plist nstemporarythirdpartyexceptionminimumtlsversion
[17/06/2025, 11:23:07] warn: Localization 2070 was not found for lighttpd.conf cgi.assign
[17/06/2025, 11:23:07] warn: Localization 2070 was not found for lighttpd.conf server.dir-listing
[17/06/2025, 11:23:07] warn: Localization 2070 was not found for lighttpd.conf setenv.add-response-header
[17/06/2025, 11:23:07] warn: Localization 2070 was not found for lighttpd.conf status.config-url
[17/06/2025, 11:23:07] warn: Localization 2070 was not found for lighttpd.conf status.status-url
[17/06/2025, 11:23:07] warn: Localization 2070 was not found for lighttpd.conf webdav.is-readonly
[17/06/2025, 11:23:07] warn: Localization 2070 was not found for machine.config @debug
[17/06/2025, 11:23:07] warn: Localization 2070 was not found for machine.config @decryption
[17/06/2025, 11:23:07] warn: Localization 2070 was not found for machine.config @decryptionkey
[17/06/2025, 11:23:07] warn: Localization 2070 was not found for machine.config @passwordformat
[17/06/2025, 11:23:07] warn: Localization 2070 was not found for machine.config @retail
[17/06/2025, 11:23:07] warn: Localization 2070 was not found for machine.config @username[@processmodel]
[17/06/2025, 11:23:07] warn: Localization 2070 was not found for machine.config @validation
[17/06/2025, 11:23:07] warn: Localization 2070 was not found for machine.config @validationkey
[17/06/2025, 11:23:07] warn: Localization 2070 was not found for nginx.conf add_header
[17/06/2025, 11:23:07] warn: Localization 2070 was not found for nginx.conf add_header[inheritance]
[17/06/2025, 11:23:07] warn: Localization 2070 was not found for nginx.conf alias[traversal]
[17/06/2025, 11:23:07] warn: Localization 2070 was not found for nginx.conf autoindex
[17/06/2025, 11:23:07] warn: Localization 2070 was not found for nginx.conf error_log
[17/06/2025, 11:23:07] warn: Localization 2070 was not found for nginx.conf error_page
[17/06/2025, 11:23:07] warn: Localization 2070 was not found for nginx.conf more_set_headers
[17/06/2025, 11:23:07] warn: Localization 2070 was not found for nginx.conf proxy_set_header
[17/06/2025, 11:23:07] warn: Localization 2070 was not found for nginx.conf server_tokens
[17/06/2025, 11:23:07] warn: Localization 2070 was not found for nginx.conf ssi
[17/06/2025, 11:23:07] warn: Localization 2070 was not found for nginx.conf ssl
[17/06/2025, 11:23:07] warn: Localization 2070 was not found for nginx.conf ssl_certificate
[17/06/2025, 11:23:07] warn: Localization 2070 was not found for nginx.conf ssl_certificate_key
[17/06/2025, 11:23:07] warn: Localization 2070 was not found for nginx.conf ssl_ciphers
[17/06/2025, 11:23:07] warn: Localization 2070 was not found for nginx.conf ssl_dhparam
[17/06/2025, 11:23:07] warn: Localization 2070 was not found for nginx.conf ssl_prefer_server_ciphers
[17/06/2025, 11:23:07] warn: Localization 2070 was not found for nginx.conf ssl_protocols
[17/06/2025, 11:23:07] warn: Localization 2070 was not found for nginx.conf ssl_session_cache
[17/06/2025, 11:23:07] warn: Localization 2070 was not found for nginx.conf ssl_session_timeout
[17/06/2025, 11:23:07] warn: Localization 2070 was not found for nginx.conf ssl_stapling
[17/06/2025, 11:23:07] warn: Localization 2070 was not found for nginx.conf valid_referers
[17/06/2025, 11:23:07] warn: Localization 2070 was not found for php.ini allow_url_fopen
[17/06/2025, 11:23:07] warn: Localization 2070 was not found for php.ini allow_url_include
[17/06/2025, 11:23:07] warn: Localization 2070 was not found for php.ini assert.active
[17/06/2025, 11:23:07] warn: Localization 2070 was not found for php.ini auto_append_file
[17/06/2025, 11:23:07] warn: Localization 2070 was not found for php.ini auto_prepend_file
[17/06/2025, 11:23:07] warn: Localization 2070 was not found for php.ini cgi.fix_pathinfo
[17/06/2025, 11:23:07] warn: Localization 2070 was not found for php.ini cgi.force_redirect
[17/06/2025, 11:23:07] warn: Localization 2070 was not found for php.ini disable_functions
[17/06/2025, 11:23:07] warn: Localization 2070 was not found for php.ini display_errors
[17/06/2025, 11:23:07] warn: Localization 2070 was not found for php.ini display_startup_errors
[17/06/2025, 11:23:07] warn: Localization 2070 was not found for php.ini enable_dl
[17/06/2025, 11:23:07] warn: Localization 2070 was not found for php.ini expose_php
[17/06/2025, 11:23:07] warn: Localization 2070 was not found for php.ini log_errors
[17/06/2025, 11:23:07] warn: Localization 2070 was not found for php.ini magic_quotes_gpc
[17/06/2025, 11:23:07] warn: Localization 2070 was not found for php.ini magic_quotes_runtime
[17/06/2025, 11:23:07] warn: Localization 2070 was not found for php.ini magic_quotes_sybase
[17/06/2025, 11:23:07] warn: Localization 2070 was not found for php.ini max_execution_time
[17/06/2025, 11:23:07] warn: Localization 2070 was not found for php.ini max_input_nesting_level
[17/06/2025, 11:23:07] warn: Localization 2070 was not found for php.ini max_input_time
[17/06/2025, 11:23:07] warn: Localization 2070 was not found for php.ini memory_limit
[17/06/2025, 11:23:07] warn: Localization 2070 was not found for php.ini open_basedir
[17/06/2025, 11:23:07] warn: Localization 2070 was not found for php.ini post_max_size
[17/06/2025, 11:23:07] warn: Localization 2070 was not found for php.ini register_globals
[17/06/2025, 11:23:07] warn: Localization 2070 was not found for php.ini request_order
[17/06/2025, 11:23:07] warn: Localization 2070 was not found for php.ini safe_mode
[17/06/2025, 11:23:07] warn: Localization 2070 was not found for php.ini session.cookie_httponly
[17/06/2025, 11:23:07] warn: Localization 2070 was not found for php.ini session.cookie_lifetime
[17/06/2025, 11:23:07] warn: Localization 2070 was not found for php.ini session.cookie_secure
[17/06/2025, 11:23:07] warn: Localization 2070 was not found for php.ini session.save_path
[17/06/2025, 11:23:07] warn: Localization 2070 was not found for php.ini session.use_cookies
[17/06/2025, 11:23:07] warn: Localization 2070 was not found for php.ini session.use_only_cookies
[17/06/2025, 11:23:07] warn: Localization 2070 was not found for php.ini session.use_strict_mode
[17/06/2025, 11:23:07] warn: Localization 2070 was not found for php.ini session.use_trans_sid
[17/06/2025, 11:23:07] warn: Localization 2070 was not found for php.ini upload_max_filesize
[17/06/2025, 11:23:07] warn: Localization 2070 was not found for potential vulnerability
[17/06/2025, 11:23:07] warn: Localization 2070 was not found for server.xml_tomcat @allowtrace
[17/06/2025, 11:23:07] warn: Localization 2070 was not found for server.xml_tomcat @autodeploy
[17/06/2025, 11:23:07] warn: Localization 2070 was not found for server.xml_tomcat @clientauth
[17/06/2025, 11:23:07] warn: Localization 2070 was not found for server.xml_tomcat @connectiontimeout
[17/06/2025, 11:23:07] warn: Localization 2070 was not found for server.xml_tomcat @deployonstartup
[17/06/2025, 11:23:07] warn: Localization 2070 was not found for server.xml_tomcat @maxhttpheadersize
[17/06/2025, 11:23:07] warn: Localization 2070 was not found for server.xml_tomcat @secure
[17/06/2025, 11:23:07] warn: Localization 2070 was not found for server.xml_tomcat @shutdown
[17/06/2025, 11:23:07] warn: Localization 2070 was not found for server.xml_tomcat @xpoweredby
[17/06/2025, 11:23:07] warn: Localization 2070 was not found for server.xml_websphere @allowlogoutpageredirecttoanyhost
[17/06/2025, 11:23:07] warn: Localization 2070 was not found for server.xml_websphere @displayauthenticationrealm
[17/06/2025, 11:23:07] warn: Localization 2070 was not found for server.xml_websphere @preservefullyqualifiedreferrerurl
[17/06/2025, 11:23:07] warn: Localization 2070 was not found for standalone.xml @default-user
[17/06/2025, 11:23:07] warn: Localization 2070 was not found for standalone.xml @display-source-fragment
[17/06/2025, 11:23:07] warn: Localization 2070 was not found for standalone.xml @scan-interval
[17/06/2025, 11:23:07] warn: Localization 2070 was not found for standalone.xml @value
[17/06/2025, 11:23:07] warn: Localization 2070 was not found for standalone.xml @x-powered-by
[17/06/2025, 11:23:07] warn: Localization 2070 was not found for web.config @allowoverride
[17/06/2025, 11:23:07] warn: Localization 2070 was not found for web.config @cacherolesincookie
[17/06/2025, 11:23:07] warn: Localization 2070 was not found for web.config @certificatevalidationmode
[17/06/2025, 11:23:07] warn: Localization 2070 was not found for web.config @connectionprotection
[17/06/2025, 11:23:07] warn: Localization 2070 was not found for web.config @cookieless
[17/06/2025, 11:23:07] warn: Localization 2070 was not found for web.config @cookieprotection
[17/06/2025, 11:23:07] warn: Localization 2070 was not found for web.config @cookierequiressl
[17/06/2025, 11:23:07] warn: Localization 2070 was not found for web.config @cookieslidingexpiration
[17/06/2025, 11:23:07] warn: Localization 2070 was not found for web.config @cookietimeout
[17/06/2025, 11:23:07] warn: Localization 2070 was not found for web.config @createpersistentcookie
[17/06/2025, 11:23:07] warn: Localization 2070 was not found for web.config @debug
[17/06/2025, 11:23:07] warn: Localization 2070 was not found for web.config @decryptionkey
[17/06/2025, 11:23:07] warn: Localization 2070 was not found for web.config @enablecrossappredirects
[17/06/2025, 11:23:07] warn: Localization 2070 was not found for web.config @enabled
[17/06/2025, 11:23:07] warn: Localization 2070 was not found for web.config @enabled[directorybrowse]
[17/06/2025, 11:23:07] warn: Localization 2070 was not found for web.config @enableeventvalidation
[17/06/2025, 11:23:07] warn: Localization 2070 was not found for web.config @enableheaderchecking
[17/06/2025, 11:23:07] warn: Localization 2070 was not found for web.config @enableversionheader
[17/06/2025, 11:23:07] warn: Localization 2070 was not found for web.config @enableviewstatemac
[17/06/2025, 11:23:07] warn: Localization 2070 was not found for web.config @httponlycookies
[17/06/2025, 11:23:07] warn: Localization 2070 was not found for web.config @level
[17/06/2025, 11:23:07] warn: Localization 2070 was not found for web.config @maxeventdetaillength
[17/06/2025, 11:23:07] warn: Localization 2070 was not found for web.config @maxeventlengthforsimplemessage
[17/06/2025, 11:23:07] warn: Localization 2070 was not found for web.config @maxrequestlength
[17/06/2025, 11:23:07] warn: Localization 2070 was not found for web.config @maxsizeforsimplemessage
[17/06/2025, 11:23:07] warn: Localization 2070 was not found for web.config @minrequirednonalphanumericcharacters
[17/06/2025, 11:23:07] warn: Localization 2070 was not found for web.config @minrequiredpasswordlength
[17/06/2025, 11:23:07] warn: Localization 2070 was not found for web.config @mode
[17/06/2025, 11:23:07] warn: Localization 2070 was not found for web.config @name[@credentials]
[17/06/2025, 11:23:07] warn: Localization 2070 was not found for web.config @passwordformat
[17/06/2025, 11:23:07] warn: Localization 2070 was not found for web.config @protection
[17/06/2025, 11:23:07] warn: Localization 2070 was not found for web.config @requestvalidationmode
[17/06/2025, 11:23:07] warn: Localization 2070 was not found for web.config @requiressl
[17/06/2025, 11:23:07] warn: Localization 2070 was not found for web.config @requiressl[@authentication]
[17/06/2025, 11:23:07] warn: Localization 2070 was not found for web.config @slidingexpiration
[17/06/2025, 11:23:07] warn: Localization 2070 was not found for web.config @statuscode
[17/06/2025, 11:23:07] warn: Localization 2070 was not found for web.config @timeout
[17/06/2025, 11:23:07] warn: Localization 2070 was not found for web.config @type
[17/06/2025, 11:23:07] warn: Localization 2070 was not found for web.config @username[@identity]
[17/06/2025, 11:23:07] warn: Localization 2070 was not found for web.config @users
[17/06/2025, 11:23:07] warn: Localization 2070 was not found for web.config @useunsafeheaderparsing
[17/06/2025, 11:23:07] warn: Localization 2070 was not found for web.config @validaterequest
[17/06/2025, 11:23:07] warn: Localization 2070 was not found for web.config @validation
[17/06/2025, 11:23:07] warn: Localization 2070 was not found for web.config @validationkey
[17/06/2025, 11:23:07] warn: Localization 2070 was not found for web.config @value
[17/06/2025, 11:23:07] warn: Localization 2070 was not found for web.config @value[@accesscontrolalloworiginheader]
[17/06/2025, 11:23:07] warn: Localization 2070 was not found for web.config @value[@aspnetcore_environment]
[17/06/2025, 11:23:07] warn: Localization 2070 was not found for web.config @value[uselegacyencryption]
[17/06/2025, 11:23:07] warn: Localization 2070 was not found for web.config @value[x-frame-options]
[17/06/2025, 11:23:07] warn: Localization 2070 was not found for web.config @viewstateencryptionmode
[17/06/2025, 11:23:07] warn: Localization 2070 was not found for web.config ciphervalue[@sessionstate]
[17/06/2025, 11:23:07] warn: Localization 2070 was not found for web.config remove/@name[documentation]
[17/06/2025, 11:23:07] warn: Localization 2070 was not found for web.config remove/@name[x-powered-by]
[17/06/2025, 11:23:07] warn: Localization 2070 was not found for web.xml error-code
[17/06/2025, 11:23:07] warn: Localization 2070 was not found for web.xml http-method
[17/06/2025, 11:23:07] warn: Localization 2070 was not found for web.xml http-only
[17/06/2025, 11:23:07] warn: Localization 2070 was not found for web.xml param-value
[17/06/2025, 11:23:07] warn: Localization 2070 was not found for web.xml secure
[17/06/2025, 11:23:07] warn: Localization 2070 was not found for web.xml session-timeout
[17/06/2025, 11:23:07] warn: Localization 2070 was not found for web.xml tracking-mode
[17/06/2025, 11:23:07] warn: Localization 2070 was not found for web.xml transport-guarantee
[17/06/2025, 11:23:07] info: Clean up logs files was started
[17/06/2025, 11:23:07] info: Clean up logs files was finished
